# Logfile created on Sat Sep 08 18:54:59 -0600 2012 by logger.rb/1.2.6
REQUESTING PAGE: GET /users/sign_in/ with {} and HTTP headers {}
REQUESTING PAGE: POST /users/sign_in with {"user"=>{"remember_me"=>"0", "email"=>"bogus@example.com", "password"=>"password"}, "commit"=>"Sign In", "authenticity_token"=>"xVho5vypn3RaB5WbvdlAEDuUyhxDUxep0CE02TeVEcA=", "utf8"=>"✓"} and HTTP headers {"HTTP_REFERER"=>"/users/sign_in/"}
REQUESTING PAGE: GET /users/sign_in/ with {} and HTTP headers {}
REQUESTING PAGE: POST /users/sign_in with {"commit"=>"Sign In", "utf8"=>"✓", "user"=>{"password"=>"password", "remember_me"=>"0", "email"=>"bogus@example.com"}, "authenticity_token"=>"ftvkfRu5gZ7gYwXyyya/mn5qg9uiIfRV3L6yafAR2jw="} and HTTP headers {"HTTP_REFERER"=>"/users/sign_in/"}
REQUESTING PAGE: GET /users/sign_in/ with {} and HTTP headers {}
REQUESTING PAGE: POST /users/sign_in with {"user"=>{"password"=>"password", "remember_me"=>"0", "email"=>"bogus@example.com"}, "commit"=>"Sign In", "authenticity_token"=>"mikcrfcBw8UhdGU9LjJ6f6FkJjmFEa752DqZZxrqPsA=", "utf8"=>"✓"} and HTTP headers {"HTTP_REFERER"=>"/users/sign_in/"}
REQUESTING PAGE: GET /users/sign_in/ with {} and HTTP headers {}
REQUESTING PAGE: POST /users/sign_in with {"commit"=>"Sign In", "utf8"=>"✓", "user"=>{"remember_me"=>"0", "password"=>"password", "email"=>"bogus@example.com"}, "authenticity_token"=>"bveZ1UXjjJN/m5Es8OHASEJbX9FX7Ab1napXBP/LX/0="} and HTTP headers {"HTTP_REFERER"=>"/users/sign_in/"}
REQUESTING PAGE: GET /users/sign_in/ with {} and HTTP headers {}
REQUESTING PAGE: POST /users/sign_in with {"user"=>{"remember_me"=>"0", "password"=>"password", "email"=>"bogus@example.com"}, "authenticity_token"=>"sI3FxYWMj66EM2qSfMfXVs1b7rZwiXwTGP3RxRjvbCg=", "commit"=>"Sign In", "utf8"=>"✓"} and HTTP headers {"HTTP_REFERER"=>"/users/sign_in/"}
REQUESTING PAGE: GET /users/sign_in/ with {} and HTTP headers {}
REQUESTING PAGE: POST /users/sign_in with {"user"=>{"remember_me"=>"0", "password"=>"password", "email"=>"bogus@example.com"}, "commit"=>"Sign In", "authenticity_token"=>"/gsHsFcj+q1FPB9/37AnrVOWsZ3fvN4gyeVxFyfkdqM=", "utf8"=>"✓"} and HTTP headers {"HTTP_REFERER"=>"/users/sign_in/"}
REQUESTING PAGE: GET /users/sign_in/ with {} and HTTP headers {}
REQUESTING PAGE: POST /users/sign_in with {"authenticity_token"=>"+pXJmYJH+GAJjhadejl4tf7XXLlfKms9C9ZiURZ/tuM=", "utf8"=>"✓", "user"=>{"remember_me"=>"0", "email"=>"bogus@example.com", "password"=>"password"}, "commit"=>"Sign In"} and HTTP headers {"HTTP_REFERER"=>"/users/sign_in/"}
REQUESTING PAGE: GET /users/sign_in/ with {} and HTTP headers {}
REQUESTING PAGE: POST /users/sign_in with {"authenticity_token"=>"Q+UsB9R1u7kkXGDmVZ4gUYmpuBtFbaHF81cNl6G8IVE=", "commit"=>"Sign In", "utf8"=>"✓", "user"=>{"password"=>"password", "email"=>"bogus@example.com", "remember_me"=>"0"}} and HTTP headers {"HTTP_REFERER"=>"/users/sign_in/"}
REQUESTING PAGE: GET /users/sign_in/ with {} and HTTP headers {}
REQUESTING PAGE: POST /users/sign_in with {"user"=>{"remember_me"=>"0", "password"=>"password", "email"=>"bogus@example.com"}, "commit"=>"Sign In", "authenticity_token"=>"U4rHXjYwi0LLCgL+YeEzt9k2rDVq0tsjCcWpKHrAug4=", "utf8"=>"✓"} and HTTP headers {"HTTP_REFERER"=>"/users/sign_in/"}
REQUESTING PAGE: GET /users/sign_in/ with {} and HTTP headers {}
REQUESTING PAGE: POST /users/sign_in with {"user"=>{"email"=>"bogus@example.com", "password"=>"not-the-password", "remember_me"=>"0"}, "authenticity_token"=>"M39Wa40bmYavReuF3q8K+ZODLuL5JtPau0z6cBPVOKw=", "commit"=>"Sign In", "utf8"=>"✓"} and HTTP headers {"HTTP_REFERER"=>"/users/sign_in/"}
REQUESTING PAGE: GET /users/sign_in/ with {} and HTTP headers {}
REQUESTING PAGE: POST /users/sign_in with {"user"=>{"password"=>"not-the-password", "email"=>"bogus@example.com", "remember_me"=>"0"}, "authenticity_token"=>"xrc1YCJt6NDUEuzAQvDlGX14lARPqWJqtYblOGvMq1w=", "commit"=>"Sign In", "utf8"=>"✓"} and HTTP headers {"HTTP_REFERER"=>"/users/sign_in/"}
REQUESTING PAGE: GET /users/sign_in/ with {} and HTTP headers {}
REQUESTING PAGE: POST /users/sign_in with {"authenticity_token"=>"0NY/wT7mMKCyhmjK8fHx/pAK9Tj28fNr3WlDLPPx5io=", "utf8"=>"✓", "commit"=>"Sign In", "user"=>{"password"=>"not-the-password", "remember_me"=>"0", "email"=>"bogus@example.com"}} and HTTP headers {"HTTP_REFERER"=>"/users/sign_in/"}
REQUESTING PAGE: GET /users/sign_in/ with {} and HTTP headers {}
REQUESTING PAGE: POST /users/sign_in with {"utf8"=>"✓", "user"=>{"remember_me"=>"0", "email"=>"bogus@example.com", "password"=>"not-the-password"}, "authenticity_token"=>"jKa8mVKOIeAGQsnP0Ri1Nmw61lgyBaNEbJBAPqbJKTM=", "commit"=>"Sign In"} and HTTP headers {"HTTP_REFERER"=>"/users/sign_in/"}
REQUESTING PAGE: GET /admin/ with {} and HTTP headers {}
REQUESTING PAGE: GET http://www.example.com/users/sign_in with {} and HTTP headers {"HTTP_REFERER"=>"/admin/"}
REQUESTING PAGE: POST /users/sign_in with {"commit"=>"Sign In", "authenticity_token"=>"2rb9HIeoruuTpqHAmDBDHLJOexno81DfkaLk9qsFmAc=", "utf8"=>"✓", "user"=>{"remember_me"=>"0", "email"=>"person1@example.com", "password"=>"password"}} and HTTP headers {"HTTP_REFERER"=>"http://www.example.com/users/sign_in"}
REQUESTING PAGE: GET http://www.example.com/admin/ with {} and HTTP headers {"HTTP_REFERER"=>"/users/sign_in"}
REQUESTING PAGE: GET /users/sign_in/ with {} and HTTP headers {}
REQUESTING PAGE: POST /users/sign_in with {"commit"=>"Sign In", "authenticity_token"=>"RwINGrbVDXAL1TaRMlsRVZ3gvhJYWEX8RMACzubHqFY=", "utf8"=>"✓", "user"=>{"remember_me"=>"0", "email"=>"bogus@example.com", "password"=>"not-the-password"}} and HTTP headers {"HTTP_REFERER"=>"/users/sign_in/"}
REQUESTING PAGE: GET /users/sign_in/ with {} and HTTP headers {}
REQUESTING PAGE: POST /users/sign_in with {"utf8"=>"✓", "commit"=>"Sign In", "user"=>{"remember_me"=>"0", "password"=>"not-the-password", "email"=>"bogus@example.com"}, "authenticity_token"=>"ZJgPU+9FfVgAqMoR+C7le8eoSc1RKqgYJRSXyr+IsRI="} and HTTP headers {"HTTP_REFERER"=>"/users/sign_in/"}
REQUESTING PAGE: GET /admin/ with {} and HTTP headers {}
REQUESTING PAGE: GET http://www.example.com/users/sign_in with {} and HTTP headers {"HTTP_REFERER"=>"/admin/"}
REQUESTING PAGE: POST /users/sign_in with {"commit"=>"Sign In", "authenticity_token"=>"SmWkT87U6rzqzq3EUiPD6GNu81OEUOCx9yPLj5AfuZo=", "utf8"=>"✓", "user"=>{"password"=>"password", "remember_me"=>"0", "email"=>"person1@example.com"}} and HTTP headers {"HTTP_REFERER"=>"http://www.example.com/users/sign_in"}
REQUESTING PAGE: GET http://www.example.com/admin/ with {} and HTTP headers {"HTTP_REFERER"=>"/users/sign_in"}
REQUESTING PAGE: GET /users/sign_in/ with {} and HTTP headers {}
REQUESTING PAGE: POST /users/sign_in with {"commit"=>"Sign In", "authenticity_token"=>"Siu0VXeCmH0wNbApZeRtsZZd2o2aKJVrnc+rPQWVIp4=", "utf8"=>"✓", "user"=>{"password"=>"not-the-password", "remember_me"=>"0", "email"=>"bogus@example.com"}} and HTTP headers {"HTTP_REFERER"=>"/users/sign_in/"}
REQUESTING PAGE: GET /admin/ with {} and HTTP headers {}
REQUESTING PAGE: GET http://www.example.com/users/sign_in with {} and HTTP headers {"HTTP_REFERER"=>"/admin/"}
REQUESTING PAGE: POST /users/sign_in with {"utf8"=>"✓", "commit"=>"Sign In", "user"=>{"email"=>"person1@example.com", "remember_me"=>"0", "password"=>"password"}, "authenticity_token"=>"R9gYB8CwaW4UF04GzQqys2gwhPc/qpnsoRXEqljM4Uc="} and HTTP headers {"HTTP_REFERER"=>"http://www.example.com/users/sign_in"}
REQUESTING PAGE: GET http://www.example.com/admin/ with {} and HTTP headers {"HTTP_REFERER"=>"/users/sign_in"}
REQUESTING PAGE: GET /users/sign_in/ with {} and HTTP headers {}
REQUESTING PAGE: POST /users/sign_in with {"utf8"=>"✓", "commit"=>"Sign In", "user"=>{"email"=>"bogus@example.com", "remember_me"=>"0", "password"=>"not-the-password"}, "authenticity_token"=>"hUHAVJIbGwxnRfWP2yZgFAxKZdRvRWnfFGNrCP7DUlU="} and HTTP headers {"HTTP_REFERER"=>"/users/sign_in/"}
REQUESTING PAGE: GET /admin/ with {} and HTTP headers {}
REQUESTING PAGE: GET http://www.example.com/users/sign_in with {} and HTTP headers {"HTTP_REFERER"=>"/admin/"}
REQUESTING PAGE: POST /users/sign_in with {"authenticity_token"=>"W8/J1Ocf64Ki3yKtLMZJ4NXSnVL3Qy0llqC8TSps1rw=", "utf8"=>"✓", "commit"=>"Sign In", "user"=>{"remember_me"=>"0", "email"=>"person1@example.com", "password"=>"password"}} and HTTP headers {"HTTP_REFERER"=>"http://www.example.com/users/sign_in"}
REQUESTING PAGE: GET http://www.example.com/admin/ with {} and HTTP headers {"HTTP_REFERER"=>"/users/sign_in"}
REQUESTING PAGE: GET /users/sign_in/ with {} and HTTP headers {}
REQUESTING PAGE: POST /users/sign_in with {"authenticity_token"=>"xobxJyUhzWxaCf44hsf0tiKBBchHAv8Ud83EyMYn85E=", "utf8"=>"✓", "commit"=>"Sign In", "user"=>{"remember_me"=>"0", "email"=>"bogus@example.com", "password"=>"not-the-password"}} and HTTP headers {"HTTP_REFERER"=>"/users/sign_in/"}
REQUESTING PAGE: GET /admin/ with {} and HTTP headers {}
REQUESTING PAGE: GET http://www.example.com/users/sign_in with {} and HTTP headers {"HTTP_REFERER"=>"/admin/"}
REQUESTING PAGE: POST /users/sign_in with {"utf8"=>"✓", "commit"=>"Sign In", "user"=>{"password"=>"password", "email"=>"person1@example.com", "remember_me"=>"0"}, "authenticity_token"=>"ZISVY3rrl3A7qmdIlhVndiWj4DIyqIX03jXxbLTMtbU="} and HTTP headers {"HTTP_REFERER"=>"http://www.example.com/users/sign_in"}
REQUESTING PAGE: GET http://www.example.com/admin/ with {} and HTTP headers {"HTTP_REFERER"=>"/users/sign_in"}
REQUESTING PAGE: GET /users/sign_in/ with {} and HTTP headers {}
REQUESTING PAGE: POST /users/sign_in with {"utf8"=>"✓", "commit"=>"Sign In", "user"=>{"password"=>"not-the-password", "email"=>"bogus@example.com", "remember_me"=>"0"}, "authenticity_token"=>"XzXdIDVS4ezj1MEQeKE1GMFgnYwqY/sDdGoyVSv0AoQ="} and HTTP headers {"HTTP_REFERER"=>"/users/sign_in/"}
REQUESTING PAGE: GET /admin/ with {} and HTTP headers {}
REQUESTING PAGE: GET http://www.example.com/users/sign_in with {} and HTTP headers {"HTTP_REFERER"=>"/admin/"}
REQUESTING PAGE: POST /users/sign_in with {"user"=>{"email"=>"person1@example.com", "remember_me"=>"0", "password"=>"password"}, "utf8"=>"✓", "commit"=>"Sign In", "authenticity_token"=>"Q0ciL9g9yRzGlFaVIp3jkOOUmkYUHJD3qCT+jv9RTaI="} and HTTP headers {"HTTP_REFERER"=>"http://www.example.com/users/sign_in"}
REQUESTING PAGE: GET http://www.example.com/admin/ with {} and HTTP headers {"HTTP_REFERER"=>"/users/sign_in"}
REQUESTING PAGE: GET /users/sign_in/ with {} and HTTP headers {}
REQUESTING PAGE: POST /users/sign_in with {"user"=>{"email"=>"bogus@example.com", "remember_me"=>"0", "password"=>"not-the-password"}, "utf8"=>"✓", "commit"=>"Sign In", "authenticity_token"=>"6w7LrNRTTSQoRqhNSpXNOQI6X3aW+ShCXloGZ0iKKlI="} and HTTP headers {"HTTP_REFERER"=>"/users/sign_in/"}
REQUESTING PAGE: GET /admin/ with {} and HTTP headers {}
REQUESTING PAGE: GET http://www.example.com/users/sign_in with {} and HTTP headers {"HTTP_REFERER"=>"/admin/"}
REQUESTING PAGE: POST /users/sign_in with {"authenticity_token"=>"hv3/NNVcj+EC8tWc0S+SLaW+EDHelcEbQcFuwfzvh6w=", "utf8"=>"✓", "commit"=>"Sign In", "user"=>{"email"=>"person1@example.com", "remember_me"=>"0", "password"=>"password"}} and HTTP headers {"HTTP_REFERER"=>"http://www.example.com/users/sign_in"}
REQUESTING PAGE: GET http://www.example.com/admin/ with {} and HTTP headers {"HTTP_REFERER"=>"/users/sign_in"}
REQUESTING PAGE: GET /users/sign_in/ with {} and HTTP headers {}
REQUESTING PAGE: POST /users/sign_in with {"authenticity_token"=>"LWW4oxkL2FtN9hOnvYHEfUQG2K/eMbzYu+GXLgH/Euc=", "utf8"=>"✓", "commit"=>"Sign In", "user"=>{"email"=>"bogus@example.com", "remember_me"=>"0", "password"=>"not-the-password"}} and HTTP headers {"HTTP_REFERER"=>"/users/sign_in/"}
REQUESTING PAGE: GET /admin/ with {} and HTTP headers {}
REQUESTING PAGE: GET http://www.example.com/users/sign_in with {} and HTTP headers {"HTTP_REFERER"=>"/admin/"}
REQUESTING PAGE: POST /users/sign_in with {"authenticity_token"=>"Iz3klGws6I7zWfla8qRudG+fqVCbMLTmIN3B+pmAI5c=", "commit"=>"Sign In", "utf8"=>"✓", "user"=>{"remember_me"=>"0", "password"=>"password", "email"=>"person1@example.com"}} and HTTP headers {"HTTP_REFERER"=>"http://www.example.com/users/sign_in"}
REQUESTING PAGE: GET http://www.example.com/admin/ with {} and HTTP headers {"HTTP_REFERER"=>"/users/sign_in"}
REQUESTING PAGE: GET http://www.example.com/ with {} and HTTP headers {"HTTP_REFERER"=>"http://www.example.com/admin/"}
REQUESTING PAGE: GET /users/sign_in/ with {} and HTTP headers {}
REQUESTING PAGE: POST /users/sign_in with {"authenticity_token"=>"tUSyN2OdZwlg+HxF1APjcO0L6cu9sXnEw92qr2r262Q=", "commit"=>"Sign In", "utf8"=>"✓", "user"=>{"remember_me"=>"0", "password"=>"not-the-password", "email"=>"bogus@example.com"}} and HTTP headers {"HTTP_REFERER"=>"/users/sign_in/"}
REQUESTING PAGE: GET /admin/ with {} and HTTP headers {}
REQUESTING PAGE: GET http://www.example.com/users/sign_in with {} and HTTP headers {"HTTP_REFERER"=>"/admin/"}
REQUESTING PAGE: POST /users/sign_in with {"commit"=>"Sign In", "utf8"=>"✓", "authenticity_token"=>"eJeGUv0KSf01J9t9gTG1ARO2dqYgyar8hvl76L1Ivm0=", "user"=>{"email"=>"person1@example.com", "remember_me"=>"0", "password"=>"password"}} and HTTP headers {"HTTP_REFERER"=>"http://www.example.com/users/sign_in"}
REQUESTING PAGE: GET http://www.example.com/admin/ with {} and HTTP headers {"HTTP_REFERER"=>"/users/sign_in"}
REQUESTING PAGE: GET http://www.example.com/ with {} and HTTP headers {"HTTP_REFERER"=>"http://www.example.com/admin/"}
REQUESTING PAGE: GET /users/sign_in/ with {} and HTTP headers {}
REQUESTING PAGE: POST /users/sign_in with {"commit"=>"Sign In", "utf8"=>"✓", "authenticity_token"=>"RFh2lWXWiKh1T7qa8lvf8KURnlJGjQMwBwCciJl3F8o=", "user"=>{"email"=>"bogus@example.com", "remember_me"=>"0", "password"=>"not-the-password"}} and HTTP headers {"HTTP_REFERER"=>"/users/sign_in/"}
REQUESTING PAGE: GET /users/sign_in/ with {} and HTTP headers {}
REQUESTING PAGE: GET /admin/ with {} and HTTP headers {}
REQUESTING PAGE: GET http://www.example.com/users/sign_in with {} and HTTP headers {"HTTP_REFERER"=>"/admin/"}
REQUESTING PAGE: POST /users/sign_in with {"user"=>{"email"=>"person1@example.com", "password"=>"password", "remember_me"=>"0"}, "commit"=>"Sign In", "utf8"=>"✓"} and HTTP headers {"HTTP_REFERER"=>"http://www.example.com/users/sign_in"}
REQUESTING PAGE: GET http://www.example.com/admin/ with {} and HTTP headers {"HTTP_REFERER"=>"/users/sign_in"}
REQUESTING PAGE: GET /users/sign_in/ with {} and HTTP headers {}
REQUESTING PAGE: POST /users/sign_in with {"user"=>{"email"=>"bogus@example.com", "password"=>"not-the-password", "remember_me"=>"0"}, "commit"=>"Sign In", "utf8"=>"✓"} and HTTP headers {"HTTP_REFERER"=>"/users/sign_in/"}
REQUESTING PAGE: GET /admin/ with {} and HTTP headers {}
REQUESTING PAGE: GET http://www.example.com/users/sign_in with {} and HTTP headers {"HTTP_REFERER"=>"/admin/"}
REQUESTING PAGE: POST /users/sign_in with {"user"=>{"remember_me"=>"0", "email"=>"person1@example.com", "password"=>"password"}, "commit"=>"Sign In", "utf8"=>"✓"} and HTTP headers {"HTTP_REFERER"=>"http://www.example.com/users/sign_in"}
REQUESTING PAGE: GET http://www.example.com/admin/ with {} and HTTP headers {"HTTP_REFERER"=>"/users/sign_in"}
REQUESTING PAGE: GET /users/sign_in/ with {} and HTTP headers {}
REQUESTING PAGE: POST /users/sign_in with {"user"=>{"remember_me"=>"0", "email"=>"bogus@example.com", "password"=>"not-the-password"}, "commit"=>"Sign In", "utf8"=>"✓"} and HTTP headers {"HTTP_REFERER"=>"/users/sign_in/"}
REQUESTING PAGE: GET /admin/ with {} and HTTP headers {}
REQUESTING PAGE: GET http://www.example.com/users/sign_in with {} and HTTP headers {"HTTP_REFERER"=>"/admin/"}
REQUESTING PAGE: POST /users/sign_in with {"user"=>{"remember_me"=>"0", "email"=>"person1@example.com", "password"=>"password"}, "commit"=>"Sign In", "utf8"=>"✓"} and HTTP headers {"HTTP_REFERER"=>"http://www.example.com/users/sign_in"}
REQUESTING PAGE: GET http://www.example.com/admin/ with {} and HTTP headers {"HTTP_REFERER"=>"/users/sign_in"}
REQUESTING PAGE: GET /users/sign_in/ with {} and HTTP headers {}
REQUESTING PAGE: POST /users/sign_in with {"user"=>{"remember_me"=>"0", "email"=>"bogus@example.com", "password"=>"not-the-password"}, "commit"=>"Sign In", "utf8"=>"✓"} and HTTP headers {"HTTP_REFERER"=>"/users/sign_in/"}
REQUESTING PAGE: GET /admin/ with {} and HTTP headers {}
REQUESTING PAGE: GET http://www.example.com/users/sign_in with {} and HTTP headers {"HTTP_REFERER"=>"/admin/"}
REQUESTING PAGE: POST /users/sign_in with {"utf8"=>"✓", "user"=>{"password"=>"password", "email"=>"person1@example.com", "remember_me"=>"0"}, "commit"=>"Sign In"} and HTTP headers {"HTTP_REFERER"=>"http://www.example.com/users/sign_in"}
REQUESTING PAGE: GET http://www.example.com/admin/ with {} and HTTP headers {"HTTP_REFERER"=>"/users/sign_in"}
REQUESTING PAGE: GET /users/sign_in/ with {} and HTTP headers {}
REQUESTING PAGE: POST /users/sign_in with {"utf8"=>"✓", "user"=>{"password"=>"not-the-password", "email"=>"bogus@example.com", "remember_me"=>"0"}, "commit"=>"Sign In"} and HTTP headers {"HTTP_REFERER"=>"/users/sign_in/"}
REQUESTING PAGE: GET /admin/ with {} and HTTP headers {}
REQUESTING PAGE: GET http://www.example.com/users/sign_in with {} and HTTP headers {"HTTP_REFERER"=>"/admin/"}
REQUESTING PAGE: POST /users/sign_in with {"user"=>{"email"=>"person1@example.com", "password"=>"password", "remember_me"=>"0"}, "utf8"=>"✓", "commit"=>"Sign In"} and HTTP headers {"HTTP_REFERER"=>"http://www.example.com/users/sign_in"}
REQUESTING PAGE: GET http://www.example.com/admin/ with {} and HTTP headers {"HTTP_REFERER"=>"/users/sign_in"}
REQUESTING PAGE: GET /users/sign_in/ with {} and HTTP headers {}
REQUESTING PAGE: POST /users/sign_in with {"user"=>{"email"=>"bogus@example.com", "password"=>"not-the-password", "remember_me"=>"0"}, "utf8"=>"✓", "commit"=>"Sign In"} and HTTP headers {"HTTP_REFERER"=>"/users/sign_in/"}
REQUESTING PAGE: GET /admin/ with {} and HTTP headers {}
REQUESTING PAGE: GET http://www.example.com/users/sign_in with {} and HTTP headers {"HTTP_REFERER"=>"/admin/"}
REQUESTING PAGE: POST /users/sign_in with {"utf8"=>"✓", "user"=>{"password"=>"password", "remember_me"=>"0", "email"=>"person1@example.com"}, "commit"=>"Sign In"} and HTTP headers {"HTTP_REFERER"=>"http://www.example.com/users/sign_in"}
REQUESTING PAGE: GET http://www.example.com/admin/ with {} and HTTP headers {"HTTP_REFERER"=>"/users/sign_in"}
REQUESTING PAGE: GET /users/sign_in/ with {} and HTTP headers {}
REQUESTING PAGE: POST /users/sign_in with {"utf8"=>"✓", "user"=>{"password"=>"not-the-password", "remember_me"=>"0", "email"=>"bogus@example.com"}, "commit"=>"Sign In"} and HTTP headers {"HTTP_REFERER"=>"/users/sign_in/"}
REQUESTING PAGE: GET /admin/ with {} and HTTP headers {}
REQUESTING PAGE: GET http://www.example.com/users/sign_in with {} and HTTP headers {"HTTP_REFERER"=>"/admin/"}
REQUESTING PAGE: POST /users/sign_in with {"commit"=>"Sign In", "user"=>{"remember_me"=>"0", "password"=>"password", "email"=>"person1@example.com"}, "utf8"=>"✓"} and HTTP headers {"HTTP_REFERER"=>"http://www.example.com/users/sign_in"}
REQUESTING PAGE: GET http://www.example.com/admin/ with {} and HTTP headers {"HTTP_REFERER"=>"/users/sign_in"}
REQUESTING PAGE: GET /users/sign_in/ with {} and HTTP headers {}
REQUESTING PAGE: POST /users/sign_in with {"commit"=>"Sign In", "user"=>{"remember_me"=>"0", "password"=>"not-the-password", "email"=>"bogus@example.com"}, "utf8"=>"✓"} and HTTP headers {"HTTP_REFERER"=>"/users/sign_in/"}
REQUESTING PAGE: GET /admin/ with {} and HTTP headers {}
REQUESTING PAGE: GET http://www.example.com/users/sign_in with {} and HTTP headers {"HTTP_REFERER"=>"/admin/"}
REQUESTING PAGE: POST /users/sign_in with {"utf8"=>"✓", "user"=>{"email"=>"person1@example.com", "password"=>"password", "remember_me"=>"0"}, "commit"=>"Sign In"} and HTTP headers {"HTTP_REFERER"=>"http://www.example.com/users/sign_in"}
REQUESTING PAGE: GET http://www.example.com/admin/ with {} and HTTP headers {"HTTP_REFERER"=>"/users/sign_in"}
REQUESTING PAGE: GET http://www.example.com/ with {} and HTTP headers {"HTTP_REFERER"=>"http://www.example.com/admin/"}
REQUESTING PAGE: GET /users/sign_in/ with {} and HTTP headers {}
REQUESTING PAGE: POST /users/sign_in with {"utf8"=>"✓", "user"=>{"email"=>"bogus@example.com", "password"=>"not-the-password", "remember_me"=>"0"}, "commit"=>"Sign In"} and HTTP headers {"HTTP_REFERER"=>"/users/sign_in/"}
REQUESTING PAGE: GET /admin/ with {} and HTTP headers {}
REQUESTING PAGE: GET http://www.example.com/users/sign_in with {} and HTTP headers {"HTTP_REFERER"=>"/admin/"}
REQUESTING PAGE: POST /users/sign_in with {"utf8"=>"✓", "user"=>{"password"=>"password", "email"=>"person1@example.com", "remember_me"=>"0"}, "commit"=>"Sign In"} and HTTP headers {"HTTP_REFERER"=>"http://www.example.com/users/sign_in"}
REQUESTING PAGE: GET http://www.example.com/admin/ with {} and HTTP headers {"HTTP_REFERER"=>"/users/sign_in"}
REQUESTING PAGE: GET http://www.example.com/ with {} and HTTP headers {"HTTP_REFERER"=>"http://www.example.com/admin/"}
REQUESTING PAGE: GET /users/sign_in/ with {} and HTTP headers {}
REQUESTING PAGE: POST /users/sign_in with {"utf8"=>"✓", "user"=>{"password"=>"not-the-password", "email"=>"bogus@example.com", "remember_me"=>"0"}, "commit"=>"Sign In"} and HTTP headers {"HTTP_REFERER"=>"/users/sign_in/"}
REQUESTING PAGE: GET /admin/ with {} and HTTP headers {}
REQUESTING PAGE: GET http://www.example.com/users/sign_in with {} and HTTP headers {"HTTP_REFERER"=>"/admin/"}
REQUESTING PAGE: POST /users/sign_in with {"user"=>{"email"=>"person1@example.com", "password"=>"password", "remember_me"=>"0"}, "commit"=>"Sign In", "utf8"=>"✓"} and HTTP headers {"HTTP_REFERER"=>"http://www.example.com/users/sign_in"}
REQUESTING PAGE: GET http://www.example.com/admin/ with {} and HTTP headers {"HTTP_REFERER"=>"/users/sign_in"}
REQUESTING PAGE: GET http://www.example.com/ with {} and HTTP headers {"HTTP_REFERER"=>"http://www.example.com/admin/"}
REQUESTING PAGE: GET /users/sign_in/ with {} and HTTP headers {}
REQUESTING PAGE: POST /users/sign_in with {"user"=>{"email"=>"bogus@example.com", "password"=>"not-the-password", "remember_me"=>"0"}, "commit"=>"Sign In", "utf8"=>"✓"} and HTTP headers {"HTTP_REFERER"=>"/users/sign_in/"}
REQUESTING PAGE: GET /admin/ with {} and HTTP headers {}
REQUESTING PAGE: GET http://www.example.com/users/sign_in with {} and HTTP headers {"HTTP_REFERER"=>"/admin/"}
REQUESTING PAGE: POST /users/sign_in with {"utf8"=>"✓", "commit"=>"Sign In", "user"=>{"password"=>"password", "email"=>"person1@example.com", "remember_me"=>"0"}} and HTTP headers {"HTTP_REFERER"=>"http://www.example.com/users/sign_in"}
REQUESTING PAGE: GET http://www.example.com/admin/ with {} and HTTP headers {"HTTP_REFERER"=>"/users/sign_in"}
REQUESTING PAGE: GET http://www.example.com/ with {} and HTTP headers {"HTTP_REFERER"=>"http://www.example.com/admin/"}
REQUESTING PAGE: GET /admin/ with {} and HTTP headers {}
REQUESTING PAGE: GET http://www.example.com/users/sign_in with {} and HTTP headers {"HTTP_REFERER"=>"/admin/"}
REQUESTING PAGE: POST /users/sign_in with {"user"=>{"password"=>"password", "remember_me"=>"0", "email"=>"person1@example.com"}, "commit"=>"Sign In", "utf8"=>"✓"} and HTTP headers {"HTTP_REFERER"=>"http://www.example.com/users/sign_in"}
REQUESTING PAGE: GET http://www.example.com/admin/ with {} and HTTP headers {"HTTP_REFERER"=>"/users/sign_in"}
REQUESTING PAGE: GET http://www.example.com/ with {} and HTTP headers {"HTTP_REFERER"=>"http://www.example.com/admin/"}
REQUESTING PAGE: GET /users/sign_in with {} and HTTP headers {}
REQUESTING PAGE: POST /users/sign_in with {"user"=>{"password"=>"not-the-password", "remember_me"=>"0", "email"=>"bogus@example.com"}, "commit"=>"Sign In", "utf8"=>"✓"} and HTTP headers {"HTTP_REFERER"=>"/users/sign_in"}
REQUESTING PAGE: GET /admin/ with {} and HTTP headers {}
REQUESTING PAGE: GET http://www.example.com/users/sign_in with {} and HTTP headers {"HTTP_REFERER"=>"/admin/"}
REQUESTING PAGE: POST /users/sign_in with {"commit"=>"Sign In", "utf8"=>"✓", "user"=>{"remember_me"=>"0", "email"=>"person1@example.com", "password"=>"password"}} and HTTP headers {"HTTP_REFERER"=>"http://www.example.com/users/sign_in"}
REQUESTING PAGE: GET http://www.example.com/admin/ with {} and HTTP headers {"HTTP_REFERER"=>"/users/sign_in"}
REQUESTING PAGE: GET http://www.example.com/ with {} and HTTP headers {"HTTP_REFERER"=>"http://www.example.com/admin/"}
REQUESTING PAGE: GET /users/sign_in with {} and HTTP headers {}
REQUESTING PAGE: POST /users/sign_in with {"commit"=>"Sign In", "utf8"=>"✓", "user"=>{"remember_me"=>"0", "email"=>"bogus@example.com", "password"=>"not-the-password"}} and HTTP headers {"HTTP_REFERER"=>"/users/sign_in"}
REQUESTING PAGE: GET /admin/ with {} and HTTP headers {}
REQUESTING PAGE: GET http://www.example.com/users/sign_in with {} and HTTP headers {"HTTP_REFERER"=>"/admin/"}
REQUESTING PAGE: POST /users/sign_in with {"commit"=>"Sign In", "user"=>{"email"=>"person1@example.com", "remember_me"=>"0", "password"=>"password"}, "utf8"=>"✓"} and HTTP headers {"HTTP_REFERER"=>"http://www.example.com/users/sign_in"}
REQUESTING PAGE: GET http://www.example.com/admin/ with {} and HTTP headers {"HTTP_REFERER"=>"/users/sign_in"}
REQUESTING PAGE: GET http://www.example.com/ with {} and HTTP headers {"HTTP_REFERER"=>"http://www.example.com/admin/"}
REQUESTING PAGE: GET /users/sign_in with {} and HTTP headers {}
REQUESTING PAGE: POST /users/sign_in with {"commit"=>"Sign In", "user"=>{"email"=>"bogus@example.com", "remember_me"=>"0", "password"=>"not-the-password"}, "utf8"=>"✓"} and HTTP headers {"HTTP_REFERER"=>"/users/sign_in"}
REQUESTING PAGE: GET /admin/ with {} and HTTP headers {}
REQUESTING PAGE: GET http://www.example.com/users/sign_in with {} and HTTP headers {"HTTP_REFERER"=>"/admin/"}
REQUESTING PAGE: POST /users/sign_in with {"commit"=>"Sign In", "user"=>{"email"=>"person1@example.com", "password"=>"password", "remember_me"=>"0"}, "utf8"=>"✓"} and HTTP headers {"HTTP_REFERER"=>"http://www.example.com/users/sign_in"}
REQUESTING PAGE: GET http://www.example.com/admin/ with {} and HTTP headers {"HTTP_REFERER"=>"/users/sign_in"}
REQUESTING PAGE: GET http://www.example.com/ with {} and HTTP headers {"HTTP_REFERER"=>"http://www.example.com/admin/"}
REQUESTING PAGE: GET /admin/ with {} and HTTP headers {}
REQUESTING PAGE: GET http://www.example.com/users/sign_in with {} and HTTP headers {"HTTP_REFERER"=>"/admin/"}
REQUESTING PAGE: POST /users/sign_in with {"commit"=>"Sign In", "user"=>{"email"=>"person2@example.com", "password"=>"password", "remember_me"=>"0"}, "utf8"=>"✓"} and HTTP headers {"HTTP_REFERER"=>"http://www.example.com/users/sign_in"}
REQUESTING PAGE: GET http://www.example.com/admin/ with {} and HTTP headers {"HTTP_REFERER"=>"/users/sign_in"}
REQUESTING PAGE: GET /users/sign_in with {} and HTTP headers {}
REQUESTING PAGE: POST /users/sign_in with {"commit"=>"Sign In", "user"=>{"email"=>"bogus@example.com", "password"=>"not-the-password", "remember_me"=>"0"}, "utf8"=>"✓"} and HTTP headers {"HTTP_REFERER"=>"/users/sign_in"}
REQUESTING PAGE: GET /admin/ with {} and HTTP headers {}
REQUESTING PAGE: GET http://www.example.com/users/sign_in with {} and HTTP headers {"HTTP_REFERER"=>"/admin/"}
REQUESTING PAGE: POST /users/sign_in with {"utf8"=>"✓", "user"=>{"email"=>"person1@example.com", "password"=>"password", "remember_me"=>"0"}, "commit"=>"Sign In"} and HTTP headers {"HTTP_REFERER"=>"http://www.example.com/users/sign_in"}
REQUESTING PAGE: GET http://www.example.com/admin/ with {} and HTTP headers {"HTTP_REFERER"=>"/users/sign_in"}
REQUESTING PAGE: GET http://www.example.com/ with {} and HTTP headers {"HTTP_REFERER"=>"http://www.example.com/admin/"}
REQUESTING PAGE: GET /admin/ with {} and HTTP headers {}
REQUESTING PAGE: GET http://www.example.com/users/sign_in with {} and HTTP headers {"HTTP_REFERER"=>"/admin/"}
REQUESTING PAGE: POST /users/sign_in with {"utf8"=>"✓", "user"=>{"email"=>"person2@example.com", "password"=>"password", "remember_me"=>"0"}, "commit"=>"Sign In"} and HTTP headers {"HTTP_REFERER"=>"http://www.example.com/users/sign_in"}
REQUESTING PAGE: GET http://www.example.com/admin/ with {} and HTTP headers {"HTTP_REFERER"=>"/users/sign_in"}
REQUESTING PAGE: GET /admin/ with {} and HTTP headers {"HTTP_REFERER"=>"http://www.example.com/admin/"}
REQUESTING PAGE: GET /users/sign_in with {} and HTTP headers {}
REQUESTING PAGE: POST /users/sign_in with {"utf8"=>"✓", "user"=>{"email"=>"bogus@example.com", "password"=>"not-the-password", "remember_me"=>"0"}, "commit"=>"Sign In"} and HTTP headers {"HTTP_REFERER"=>"/users/sign_in"}
REQUESTING PAGE: GET /users/sign_in with {} and HTTP headers {}
REQUESTING PAGE: POST /users/sign_in with {"utf8"=>"✓", "commit"=>"Sign In", "user"=>{"email"=>"person1@example.com", "password"=>"password", "remember_me"=>"0"}} and HTTP headers {"HTTP_REFERER"=>"/users/sign_in"}
REQUESTING PAGE: GET http://www.example.com/ with {} and HTTP headers {"HTTP_REFERER"=>"/users/sign_in"}
REQUESTING PAGE: GET /admin/ with {} and HTTP headers {"HTTP_REFERER"=>"http://www.example.com/"}
REQUESTING PAGE: GET http://www.example.com/ with {} and HTTP headers {"HTTP_REFERER"=>"/admin/"}
REQUESTING PAGE: GET /users/sign_in with {} and HTTP headers {}
REQUESTING PAGE: POST /users/sign_in with {"utf8"=>"✓", "commit"=>"Sign In", "user"=>{"email"=>"person2@example.com", "password"=>"password", "remember_me"=>"0"}} and HTTP headers {"HTTP_REFERER"=>"/users/sign_in"}
REQUESTING PAGE: GET http://www.example.com/ with {} and HTTP headers {"HTTP_REFERER"=>"/users/sign_in"}
REQUESTING PAGE: GET /admin/ with {} and HTTP headers {"HTTP_REFERER"=>"http://www.example.com/"}
REQUESTING PAGE: GET /users/sign_in with {} and HTTP headers {}
REQUESTING PAGE: POST /users/sign_in with {"utf8"=>"✓", "commit"=>"Sign In", "user"=>{"email"=>"bogus@example.com", "password"=>"not-the-password", "remember_me"=>"0"}} and HTTP headers {"HTTP_REFERER"=>"/users/sign_in"}
REQUESTING PAGE: GET /users/sign_in with {} and HTTP headers {}
REQUESTING PAGE: POST /users/sign_in with {"user"=>{"password"=>"password", "email"=>"person1@example.com", "remember_me"=>"0"}, "utf8"=>"✓", "commit"=>"Sign In"} and HTTP headers {"HTTP_REFERER"=>"/users/sign_in"}
REQUESTING PAGE: GET http://www.example.com/ with {} and HTTP headers {"HTTP_REFERER"=>"/users/sign_in"}
REQUESTING PAGE: GET /admin/ with {} and HTTP headers {"HTTP_REFERER"=>"http://www.example.com/"}
REQUESTING PAGE: GET http://www.example.com/ with {} and HTTP headers {"HTTP_REFERER"=>"/admin/"}
REQUESTING PAGE: GET /users/sign_in with {} and HTTP headers {}
REQUESTING PAGE: POST /users/sign_in with {"user"=>{"password"=>"password", "email"=>"person2@example.com", "remember_me"=>"0"}, "utf8"=>"✓", "commit"=>"Sign In"} and HTTP headers {"HTTP_REFERER"=>"/users/sign_in"}
REQUESTING PAGE: GET http://www.example.com/ with {} and HTTP headers {"HTTP_REFERER"=>"/users/sign_in"}
REQUESTING PAGE: GET /admin/ with {} and HTTP headers {"HTTP_REFERER"=>"http://www.example.com/"}
REQUESTING PAGE: GET /users/sign_in with {} and HTTP headers {}
REQUESTING PAGE: POST /users/sign_in with {"user"=>{"password"=>"not-the-password", "email"=>"bogus@example.com", "remember_me"=>"0"}, "utf8"=>"✓", "commit"=>"Sign In"} and HTTP headers {"HTTP_REFERER"=>"/users/sign_in"}
REQUESTING PAGE: GET /users/sign_in with {} and HTTP headers {}
REQUESTING PAGE: POST /users/sign_in with {"utf8"=>"✓", "user"=>{"password"=>"password", "email"=>"person1@example.com", "remember_me"=>"0"}, "commit"=>"Sign In"} and HTTP headers {"HTTP_REFERER"=>"/users/sign_in"}
REQUESTING PAGE: GET http://www.example.com/ with {} and HTTP headers {"HTTP_REFERER"=>"/users/sign_in"}
REQUESTING PAGE: GET /admin/ with {} and HTTP headers {"HTTP_REFERER"=>"http://www.example.com/"}
REQUESTING PAGE: GET http://www.example.com/ with {} and HTTP headers {"HTTP_REFERER"=>"/admin/"}
REQUESTING PAGE: GET /users/sign_in with {} and HTTP headers {}
REQUESTING PAGE: POST /users/sign_in with {"utf8"=>"✓", "user"=>{"password"=>"password", "email"=>"person2@example.com", "remember_me"=>"0"}, "commit"=>"Sign In"} and HTTP headers {"HTTP_REFERER"=>"/users/sign_in"}
REQUESTING PAGE: GET http://www.example.com/ with {} and HTTP headers {"HTTP_REFERER"=>"/users/sign_in"}
REQUESTING PAGE: GET /admin/ with {} and HTTP headers {"HTTP_REFERER"=>"http://www.example.com/"}
REQUESTING PAGE: GET /users/sign_in with {} and HTTP headers {}
REQUESTING PAGE: POST /users/sign_in with {"utf8"=>"✓", "user"=>{"password"=>"password", "email"=>"person3@example.com", "remember_me"=>"0"}, "commit"=>"Sign In"} and HTTP headers {"HTTP_REFERER"=>"/users/sign_in"}
REQUESTING PAGE: GET http://www.example.com/ with {} and HTTP headers {"HTTP_REFERER"=>"/users/sign_in"}
REQUESTING PAGE: GET /admin/ with {} and HTTP headers {"HTTP_REFERER"=>"http://www.example.com/"}
REQUESTING PAGE: GET /admin/page with {} and HTTP headers {"HTTP_REFERER"=>"/admin/"}
REQUESTING PAGE: GET /users/sign_in with {} and HTTP headers {}
REQUESTING PAGE: POST /users/sign_in with {"utf8"=>"✓", "user"=>{"password"=>"password", "email"=>"person4@example.com", "remember_me"=>"0"}, "commit"=>"Sign In"} and HTTP headers {"HTTP_REFERER"=>"/users/sign_in"}
REQUESTING PAGE: GET http://www.example.com/ with {} and HTTP headers {"HTTP_REFERER"=>"/users/sign_in"}
REQUESTING PAGE: GET /admin/ with {} and HTTP headers {"HTTP_REFERER"=>"http://www.example.com/"}
REQUESTING PAGE: GET /admin/user with {} and HTTP headers {"HTTP_REFERER"=>"/admin/"}
REQUESTING PAGE: GET /users/sign_in with {} and HTTP headers {}
REQUESTING PAGE: POST /users/sign_in with {"utf8"=>"✓", "user"=>{"password"=>"not-the-password", "email"=>"bogus@example.com", "remember_me"=>"0"}, "commit"=>"Sign In"} and HTTP headers {"HTTP_REFERER"=>"/users/sign_in"}
REQUESTING PAGE: GET /users/sign_in with {} and HTTP headers {}
REQUESTING PAGE: POST /users/sign_in with {"commit"=>"Sign In", "user"=>{"email"=>"person1@example.com", "password"=>"password", "remember_me"=>"0"}, "utf8"=>"✓"} and HTTP headers {"HTTP_REFERER"=>"/users/sign_in"}
REQUESTING PAGE: GET http://www.example.com/ with {} and HTTP headers {"HTTP_REFERER"=>"/users/sign_in"}
REQUESTING PAGE: GET /admin/ with {} and HTTP headers {"HTTP_REFERER"=>"http://www.example.com/"}
REQUESTING PAGE: GET http://www.example.com/ with {} and HTTP headers {"HTTP_REFERER"=>"/admin/"}
REQUESTING PAGE: GET /users/sign_in with {} and HTTP headers {}
REQUESTING PAGE: POST /users/sign_in with {"commit"=>"Sign In", "user"=>{"email"=>"person2@example.com", "password"=>"password", "remember_me"=>"0"}, "utf8"=>"✓"} and HTTP headers {"HTTP_REFERER"=>"/users/sign_in"}
REQUESTING PAGE: GET http://www.example.com/ with {} and HTTP headers {"HTTP_REFERER"=>"/users/sign_in"}
REQUESTING PAGE: GET /admin/ with {} and HTTP headers {"HTTP_REFERER"=>"http://www.example.com/"}
REQUESTING PAGE: GET /users/sign_in with {} and HTTP headers {}
REQUESTING PAGE: POST /users/sign_in with {"commit"=>"Sign In", "user"=>{"email"=>"person3@example.com", "password"=>"password", "remember_me"=>"0"}, "utf8"=>"✓"} and HTTP headers {"HTTP_REFERER"=>"/users/sign_in"}
REQUESTING PAGE: GET http://www.example.com/ with {} and HTTP headers {"HTTP_REFERER"=>"/users/sign_in"}
REQUESTING PAGE: GET /admin/ with {} and HTTP headers {"HTTP_REFERER"=>"http://www.example.com/"}
REQUESTING PAGE: GET /admin/page with {} and HTTP headers {"HTTP_REFERER"=>"/admin/"}
REQUESTING PAGE: GET /users/sign_in with {} and HTTP headers {}
REQUESTING PAGE: POST /users/sign_in with {"commit"=>"Sign In", "user"=>{"email"=>"person4@example.com", "password"=>"password", "remember_me"=>"0"}, "utf8"=>"✓"} and HTTP headers {"HTTP_REFERER"=>"/users/sign_in"}
REQUESTING PAGE: GET http://www.example.com/ with {} and HTTP headers {"HTTP_REFERER"=>"/users/sign_in"}
REQUESTING PAGE: GET /admin/ with {} and HTTP headers {"HTTP_REFERER"=>"http://www.example.com/"}
REQUESTING PAGE: GET /admin/user with {} and HTTP headers {"HTTP_REFERER"=>"/admin/"}
REQUESTING PAGE: GET /users/sign_in with {} and HTTP headers {}
REQUESTING PAGE: POST /users/sign_in with {"commit"=>"Sign In", "user"=>{"email"=>"bogus@example.com", "password"=>"not-the-password", "remember_me"=>"0"}, "utf8"=>"✓"} and HTTP headers {"HTTP_REFERER"=>"/users/sign_in"}
REQUESTING PAGE: GET /users/sign_in with {} and HTTP headers {}
REQUESTING PAGE: POST /users/sign_in with {"utf8"=>"✓", "commit"=>"Sign In", "user"=>{"remember_me"=>"0", "email"=>"person1@example.com", "password"=>"password"}} and HTTP headers {"HTTP_REFERER"=>"/users/sign_in"}
REQUESTING PAGE: GET http://www.example.com/ with {} and HTTP headers {"HTTP_REFERER"=>"/users/sign_in"}
REQUESTING PAGE: GET /admin/ with {} and HTTP headers {"HTTP_REFERER"=>"http://www.example.com/"}
REQUESTING PAGE: GET http://www.example.com/ with {} and HTTP headers {"HTTP_REFERER"=>"/admin/"}
REQUESTING PAGE: GET /users/sign_in with {} and HTTP headers {}
REQUESTING PAGE: POST /users/sign_in with {"utf8"=>"✓", "commit"=>"Sign In", "user"=>{"remember_me"=>"0", "email"=>"person2@example.com", "password"=>"password"}} and HTTP headers {"HTTP_REFERER"=>"/users/sign_in"}
REQUESTING PAGE: GET http://www.example.com/ with {} and HTTP headers {"HTTP_REFERER"=>"/users/sign_in"}
REQUESTING PAGE: GET /admin/ with {} and HTTP headers {"HTTP_REFERER"=>"http://www.example.com/"}
REQUESTING PAGE: GET /users/sign_in with {} and HTTP headers {}
REQUESTING PAGE: POST /users/sign_in with {"utf8"=>"✓", "commit"=>"Sign In", "user"=>{"remember_me"=>"0", "email"=>"person3@example.com", "password"=>"password"}} and HTTP headers {"HTTP_REFERER"=>"/users/sign_in"}
REQUESTING PAGE: GET http://www.example.com/ with {} and HTTP headers {"HTTP_REFERER"=>"/users/sign_in"}
REQUESTING PAGE: GET /admin/ with {} and HTTP headers {"HTTP_REFERER"=>"http://www.example.com/"}
REQUESTING PAGE: GET /admin/page with {} and HTTP headers {"HTTP_REFERER"=>"/admin/"}
REQUESTING PAGE: GET /users/sign_in with {} and HTTP headers {}
REQUESTING PAGE: POST /users/sign_in with {"utf8"=>"✓", "commit"=>"Sign In", "user"=>{"remember_me"=>"0", "email"=>"person4@example.com", "password"=>"password"}} and HTTP headers {"HTTP_REFERER"=>"/users/sign_in"}
REQUESTING PAGE: GET http://www.example.com/ with {} and HTTP headers {"HTTP_REFERER"=>"/users/sign_in"}
REQUESTING PAGE: GET /admin/ with {} and HTTP headers {"HTTP_REFERER"=>"http://www.example.com/"}
REQUESTING PAGE: GET /admin/user with {} and HTTP headers {"HTTP_REFERER"=>"/admin/"}
REQUESTING PAGE: GET /users/sign_in with {} and HTTP headers {}
REQUESTING PAGE: POST /users/sign_in with {"utf8"=>"✓", "commit"=>"Sign In", "user"=>{"remember_me"=>"0", "email"=>"person5@example.com", "password"=>"password"}} and HTTP headers {"HTTP_REFERER"=>"/users/sign_in"}
REQUESTING PAGE: GET http://www.example.com/ with {} and HTTP headers {"HTTP_REFERER"=>"/users/sign_in"}
REQUESTING PAGE: GET /admin/ with {} and HTTP headers {"HTTP_REFERER"=>"http://www.example.com/"}
REQUESTING PAGE: GET /users/sign_in with {} and HTTP headers {}
REQUESTING PAGE: POST /users/sign_in with {"utf8"=>"✓", "commit"=>"Sign In", "user"=>{"remember_me"=>"0", "email"=>"bogus@example.com", "password"=>"not-the-password"}} and HTTP headers {"HTTP_REFERER"=>"/users/sign_in"}
REQUESTING PAGE: GET /users/sign_in with {} and HTTP headers {}
REQUESTING PAGE: POST /users/sign_in with {"user"=>{"remember_me"=>"0", "password"=>"password", "email"=>"person1@example.com"}, "utf8"=>"✓", "commit"=>"Sign In"} and HTTP headers {"HTTP_REFERER"=>"/users/sign_in"}
REQUESTING PAGE: GET http://www.example.com/ with {} and HTTP headers {"HTTP_REFERER"=>"/users/sign_in"}
REQUESTING PAGE: GET /admin/ with {} and HTTP headers {"HTTP_REFERER"=>"http://www.example.com/"}
REQUESTING PAGE: GET http://www.example.com/ with {} and HTTP headers {"HTTP_REFERER"=>"/admin/"}
REQUESTING PAGE: GET /users/sign_in with {} and HTTP headers {}
REQUESTING PAGE: POST /users/sign_in with {"user"=>{"remember_me"=>"0", "password"=>"password", "email"=>"person2@example.com"}, "utf8"=>"✓", "commit"=>"Sign In"} and HTTP headers {"HTTP_REFERER"=>"/users/sign_in"}
REQUESTING PAGE: GET http://www.example.com/ with {} and HTTP headers {"HTTP_REFERER"=>"/users/sign_in"}
REQUESTING PAGE: GET /admin/ with {} and HTTP headers {"HTTP_REFERER"=>"http://www.example.com/"}
REQUESTING PAGE: GET /users/sign_in with {} and HTTP headers {}
REQUESTING PAGE: POST /users/sign_in with {"user"=>{"remember_me"=>"0", "password"=>"password", "email"=>"person3@example.com"}, "utf8"=>"✓", "commit"=>"Sign In"} and HTTP headers {"HTTP_REFERER"=>"/users/sign_in"}
REQUESTING PAGE: GET http://www.example.com/ with {} and HTTP headers {"HTTP_REFERER"=>"/users/sign_in"}
REQUESTING PAGE: GET /admin/ with {} and HTTP headers {"HTTP_REFERER"=>"http://www.example.com/"}
REQUESTING PAGE: GET /admin/page with {} and HTTP headers {"HTTP_REFERER"=>"/admin/"}
REQUESTING PAGE: GET /users/sign_in with {} and HTTP headers {}
REQUESTING PAGE: POST /users/sign_in with {"user"=>{"remember_me"=>"0", "password"=>"password", "email"=>"person4@example.com"}, "utf8"=>"✓", "commit"=>"Sign In"} and HTTP headers {"HTTP_REFERER"=>"/users/sign_in"}
REQUESTING PAGE: GET http://www.example.com/ with {} and HTTP headers {"HTTP_REFERER"=>"/users/sign_in"}
REQUESTING PAGE: GET /admin/ with {} and HTTP headers {"HTTP_REFERER"=>"http://www.example.com/"}
REQUESTING PAGE: GET /admin/user with {} and HTTP headers {"HTTP_REFERER"=>"/admin/"}
REQUESTING PAGE: GET /users/sign_in with {} and HTTP headers {}
REQUESTING PAGE: POST /users/sign_in with {"user"=>{"remember_me"=>"0", "password"=>"password", "email"=>"person5@example.com"}, "utf8"=>"✓", "commit"=>"Sign In"} and HTTP headers {"HTTP_REFERER"=>"/users/sign_in"}
REQUESTING PAGE: GET http://www.example.com/ with {} and HTTP headers {"HTTP_REFERER"=>"/users/sign_in"}
REQUESTING PAGE: GET /admin/ with {} and HTTP headers {"HTTP_REFERER"=>"http://www.example.com/"}
REQUESTING PAGE: GET /users/sign_in with {} and HTTP headers {}
REQUESTING PAGE: POST /users/sign_in with {"user"=>{"remember_me"=>"0", "password"=>"not-the-password", "email"=>"bogus@example.com"}, "utf8"=>"✓", "commit"=>"Sign In"} and HTTP headers {"HTTP_REFERER"=>"/users/sign_in"}
REQUESTING PAGE: GET /users/sign_in with {} and HTTP headers {}
REQUESTING PAGE: POST /users/sign_in with {"utf8"=>"✓", "user"=>{"password"=>"password", "remember_me"=>"0", "email"=>"person1@example.com"}, "commit"=>"Sign In"} and HTTP headers {"HTTP_REFERER"=>"/users/sign_in"}
REQUESTING PAGE: GET http://www.example.com/ with {} and HTTP headers {"HTTP_REFERER"=>"/users/sign_in"}
REQUESTING PAGE: GET /admin/ with {} and HTTP headers {"HTTP_REFERER"=>"http://www.example.com/"}
REQUESTING PAGE: GET http://www.example.com/ with {} and HTTP headers {"HTTP_REFERER"=>"/admin/"}
REQUESTING PAGE: GET /users/sign_in with {} and HTTP headers {}
REQUESTING PAGE: POST /users/sign_in with {"utf8"=>"✓", "user"=>{"password"=>"password", "remember_me"=>"0", "email"=>"person2@example.com"}, "commit"=>"Sign In"} and HTTP headers {"HTTP_REFERER"=>"/users/sign_in"}
REQUESTING PAGE: GET http://www.example.com/ with {} and HTTP headers {"HTTP_REFERER"=>"/users/sign_in"}
REQUESTING PAGE: GET /admin/ with {} and HTTP headers {"HTTP_REFERER"=>"http://www.example.com/"}
REQUESTING PAGE: GET /users/sign_in with {} and HTTP headers {}
REQUESTING PAGE: POST /users/sign_in with {"utf8"=>"✓", "user"=>{"password"=>"password", "remember_me"=>"0", "email"=>"person3@example.com"}, "commit"=>"Sign In"} and HTTP headers {"HTTP_REFERER"=>"/users/sign_in"}
REQUESTING PAGE: GET http://www.example.com/ with {} and HTTP headers {"HTTP_REFERER"=>"/users/sign_in"}
REQUESTING PAGE: GET /admin/ with {} and HTTP headers {"HTTP_REFERER"=>"http://www.example.com/"}
REQUESTING PAGE: GET /admin/page with {} and HTTP headers {"HTTP_REFERER"=>"/admin/"}
REQUESTING PAGE: GET /users/sign_in with {} and HTTP headers {}
REQUESTING PAGE: POST /users/sign_in with {"utf8"=>"✓", "user"=>{"password"=>"password", "remember_me"=>"0", "email"=>"person4@example.com"}, "commit"=>"Sign In"} and HTTP headers {"HTTP_REFERER"=>"/users/sign_in"}
REQUESTING PAGE: GET http://www.example.com/ with {} and HTTP headers {"HTTP_REFERER"=>"/users/sign_in"}
REQUESTING PAGE: GET /admin/ with {} and HTTP headers {"HTTP_REFERER"=>"http://www.example.com/"}
REQUESTING PAGE: GET /admin/user with {} and HTTP headers {"HTTP_REFERER"=>"/admin/"}
REQUESTING PAGE: GET /users/sign_in with {} and HTTP headers {}
REQUESTING PAGE: POST /users/sign_in with {"utf8"=>"✓", "user"=>{"password"=>"password", "remember_me"=>"0", "email"=>"person5@example.com"}, "commit"=>"Sign In"} and HTTP headers {"HTTP_REFERER"=>"/users/sign_in"}
REQUESTING PAGE: GET http://www.example.com/ with {} and HTTP headers {"HTTP_REFERER"=>"/users/sign_in"}
REQUESTING PAGE: GET /admin/ with {} and HTTP headers {"HTTP_REFERER"=>"http://www.example.com/"}
REQUESTING PAGE: GET /users/sign_in with {} and HTTP headers {}
REQUESTING PAGE: POST /users/sign_in with {"utf8"=>"✓", "user"=>{"password"=>"not-the-password", "remember_me"=>"0", "email"=>"bogus@example.com"}, "commit"=>"Sign In"} and HTTP headers {"HTTP_REFERER"=>"/users/sign_in"}
REQUESTING PAGE: GET /users/sign_in with {} and HTTP headers {}
REQUESTING PAGE: POST /users/sign_in with {"commit"=>"Sign In", "utf8"=>"✓", "user"=>{"remember_me"=>"0", "password"=>"password", "email"=>"person1@example.com"}} and HTTP headers {"HTTP_REFERER"=>"/users/sign_in"}
REQUESTING PAGE: GET http://www.example.com/ with {} and HTTP headers {"HTTP_REFERER"=>"/users/sign_in"}
REQUESTING PAGE: GET /admin/ with {} and HTTP headers {"HTTP_REFERER"=>"http://www.example.com/"}
REQUESTING PAGE: GET http://www.example.com/ with {} and HTTP headers {"HTTP_REFERER"=>"/admin/"}
REQUESTING PAGE: GET /users/sign_in with {} and HTTP headers {}
REQUESTING PAGE: POST /users/sign_in with {"commit"=>"Sign In", "utf8"=>"✓", "user"=>{"remember_me"=>"0", "password"=>"password", "email"=>"person2@example.com"}} and HTTP headers {"HTTP_REFERER"=>"/users/sign_in"}
REQUESTING PAGE: GET http://www.example.com/ with {} and HTTP headers {"HTTP_REFERER"=>"/users/sign_in"}
REQUESTING PAGE: GET /admin/ with {} and HTTP headers {"HTTP_REFERER"=>"http://www.example.com/"}
REQUESTING PAGE: GET /users/sign_in with {} and HTTP headers {}
REQUESTING PAGE: POST /users/sign_in with {"commit"=>"Sign In", "utf8"=>"✓", "user"=>{"remember_me"=>"0", "password"=>"password", "email"=>"person3@example.com"}} and HTTP headers {"HTTP_REFERER"=>"/users/sign_in"}
REQUESTING PAGE: GET http://www.example.com/ with {} and HTTP headers {"HTTP_REFERER"=>"/users/sign_in"}
REQUESTING PAGE: GET /admin/ with {} and HTTP headers {"HTTP_REFERER"=>"http://www.example.com/"}
REQUESTING PAGE: GET /admin/page with {} and HTTP headers {"HTTP_REFERER"=>"/admin/"}
REQUESTING PAGE: GET /users/sign_in with {} and HTTP headers {}
REQUESTING PAGE: POST /users/sign_in with {"commit"=>"Sign In", "utf8"=>"✓", "user"=>{"remember_me"=>"0", "password"=>"password", "email"=>"person4@example.com"}} and HTTP headers {"HTTP_REFERER"=>"/users/sign_in"}
REQUESTING PAGE: GET http://www.example.com/ with {} and HTTP headers {"HTTP_REFERER"=>"/users/sign_in"}
REQUESTING PAGE: GET /admin/ with {} and HTTP headers {"HTTP_REFERER"=>"http://www.example.com/"}
REQUESTING PAGE: GET /admin/user with {} and HTTP headers {"HTTP_REFERER"=>"/admin/"}
REQUESTING PAGE: GET /users/sign_in with {} and HTTP headers {}
REQUESTING PAGE: POST /users/sign_in with {"commit"=>"Sign In", "utf8"=>"✓", "user"=>{"remember_me"=>"0", "password"=>"password", "email"=>"person5@example.com"}} and HTTP headers {"HTTP_REFERER"=>"/users/sign_in"}
REQUESTING PAGE: GET http://www.example.com/ with {} and HTTP headers {"HTTP_REFERER"=>"/users/sign_in"}
REQUESTING PAGE: GET /admin/ with {} and HTTP headers {"HTTP_REFERER"=>"http://www.example.com/"}
REQUESTING PAGE: GET /users/sign_in with {} and HTTP headers {}
REQUESTING PAGE: POST /users/sign_in with {"commit"=>"Sign In", "utf8"=>"✓", "user"=>{"remember_me"=>"0", "password"=>"not-the-password", "email"=>"bogus@example.com"}} and HTTP headers {"HTTP_REFERER"=>"/users/sign_in"}
REQUESTING PAGE: GET /users/sign_in with {} and HTTP headers {}
REQUESTING PAGE: POST /users/sign_in with {"utf8"=>"✓", "user"=>{"password"=>"password", "remember_me"=>"0", "email"=>"person1@example.com"}, "commit"=>"Sign In"} and HTTP headers {"HTTP_REFERER"=>"/users/sign_in"}
REQUESTING PAGE: GET http://www.example.com/ with {} and HTTP headers {"HTTP_REFERER"=>"/users/sign_in"}
REQUESTING PAGE: GET /admin/ with {} and HTTP headers {"HTTP_REFERER"=>"http://www.example.com/"}
REQUESTING PAGE: GET http://www.example.com/ with {} and HTTP headers {"HTTP_REFERER"=>"/admin/"}
REQUESTING PAGE: GET /users/sign_in with {} and HTTP headers {}
REQUESTING PAGE: POST /users/sign_in with {"utf8"=>"✓", "user"=>{"password"=>"password", "remember_me"=>"0", "email"=>"person2@example.com"}, "commit"=>"Sign In"} and HTTP headers {"HTTP_REFERER"=>"/users/sign_in"}
REQUESTING PAGE: GET http://www.example.com/ with {} and HTTP headers {"HTTP_REFERER"=>"/users/sign_in"}
REQUESTING PAGE: GET /admin/ with {} and HTTP headers {"HTTP_REFERER"=>"http://www.example.com/"}
REQUESTING PAGE: GET /users/sign_in with {} and HTTP headers {}
REQUESTING PAGE: POST /users/sign_in with {"utf8"=>"✓", "user"=>{"password"=>"password", "remember_me"=>"0", "email"=>"person3@example.com"}, "commit"=>"Sign In"} and HTTP headers {"HTTP_REFERER"=>"/users/sign_in"}
REQUESTING PAGE: GET http://www.example.com/ with {} and HTTP headers {"HTTP_REFERER"=>"/users/sign_in"}
REQUESTING PAGE: GET /admin/ with {} and HTTP headers {"HTTP_REFERER"=>"http://www.example.com/"}
REQUESTING PAGE: GET /admin/page with {} and HTTP headers {"HTTP_REFERER"=>"/admin/"}
REQUESTING PAGE: GET /users/sign_in with {} and HTTP headers {}
REQUESTING PAGE: POST /users/sign_in with {"utf8"=>"✓", "user"=>{"password"=>"password", "remember_me"=>"0", "email"=>"person4@example.com"}, "commit"=>"Sign In"} and HTTP headers {"HTTP_REFERER"=>"/users/sign_in"}
REQUESTING PAGE: GET http://www.example.com/ with {} and HTTP headers {"HTTP_REFERER"=>"/users/sign_in"}
REQUESTING PAGE: GET /admin/ with {} and HTTP headers {"HTTP_REFERER"=>"http://www.example.com/"}
REQUESTING PAGE: GET /admin/user with {} and HTTP headers {"HTTP_REFERER"=>"/admin/"}
REQUESTING PAGE: GET /users/sign_in with {} and HTTP headers {}
REQUESTING PAGE: POST /users/sign_in with {"utf8"=>"✓", "user"=>{"password"=>"password", "remember_me"=>"0", "email"=>"person5@example.com"}, "commit"=>"Sign In"} and HTTP headers {"HTTP_REFERER"=>"/users/sign_in"}
REQUESTING PAGE: GET http://www.example.com/ with {} and HTTP headers {"HTTP_REFERER"=>"/users/sign_in"}
REQUESTING PAGE: GET /admin/ with {} and HTTP headers {"HTTP_REFERER"=>"http://www.example.com/"}
REQUESTING PAGE: GET /users/sign_in with {} and HTTP headers {}
REQUESTING PAGE: POST /users/sign_in with {"utf8"=>"✓", "user"=>{"password"=>"not-the-password", "remember_me"=>"0", "email"=>"bogus@example.com"}, "commit"=>"Sign In"} and HTTP headers {"HTTP_REFERER"=>"/users/sign_in"}
REQUESTING PAGE: GET /users/sign_in with {} and HTTP headers {}
REQUESTING PAGE: POST /users/sign_in with {"utf8"=>"✓", "commit"=>"Sign In", "user"=>{"email"=>"person1@example.com", "remember_me"=>"0", "password"=>"password"}} and HTTP headers {"HTTP_REFERER"=>"/users/sign_in"}
REQUESTING PAGE: GET http://www.example.com/ with {} and HTTP headers {"HTTP_REFERER"=>"/users/sign_in"}
REQUESTING PAGE: GET /admin/ with {} and HTTP headers {"HTTP_REFERER"=>"http://www.example.com/"}
REQUESTING PAGE: GET http://www.example.com/ with {} and HTTP headers {"HTTP_REFERER"=>"/admin/"}
REQUESTING PAGE: GET /users/sign_in with {} and HTTP headers {}
REQUESTING PAGE: POST /users/sign_in with {"utf8"=>"✓", "commit"=>"Sign In", "user"=>{"email"=>"person2@example.com", "remember_me"=>"0", "password"=>"password"}} and HTTP headers {"HTTP_REFERER"=>"/users/sign_in"}
REQUESTING PAGE: GET http://www.example.com/ with {} and HTTP headers {"HTTP_REFERER"=>"/users/sign_in"}
REQUESTING PAGE: GET /admin/ with {} and HTTP headers {"HTTP_REFERER"=>"http://www.example.com/"}
REQUESTING PAGE: GET /users/sign_in with {} and HTTP headers {}
REQUESTING PAGE: POST /users/sign_in with {"utf8"=>"✓", "commit"=>"Sign In", "user"=>{"email"=>"person3@example.com", "remember_me"=>"0", "password"=>"password"}} and HTTP headers {"HTTP_REFERER"=>"/users/sign_in"}
REQUESTING PAGE: GET http://www.example.com/ with {} and HTTP headers {"HTTP_REFERER"=>"/users/sign_in"}
REQUESTING PAGE: GET /admin/ with {} and HTTP headers {"HTTP_REFERER"=>"http://www.example.com/"}
REQUESTING PAGE: GET /admin/page with {} and HTTP headers {"HTTP_REFERER"=>"/admin/"}
REQUESTING PAGE: GET /users/sign_in with {} and HTTP headers {}
REQUESTING PAGE: POST /users/sign_in with {"utf8"=>"✓", "commit"=>"Sign In", "user"=>{"email"=>"person4@example.com", "remember_me"=>"0", "password"=>"password"}} and HTTP headers {"HTTP_REFERER"=>"/users/sign_in"}
REQUESTING PAGE: GET http://www.example.com/ with {} and HTTP headers {"HTTP_REFERER"=>"/users/sign_in"}
REQUESTING PAGE: GET /admin/ with {} and HTTP headers {"HTTP_REFERER"=>"http://www.example.com/"}
REQUESTING PAGE: GET /admin/user with {} and HTTP headers {"HTTP_REFERER"=>"/admin/"}
REQUESTING PAGE: GET /users/sign_in with {} and HTTP headers {}
REQUESTING PAGE: POST /users/sign_in with {"utf8"=>"✓", "commit"=>"Sign In", "user"=>{"email"=>"person5@example.com", "remember_me"=>"0", "password"=>"password"}} and HTTP headers {"HTTP_REFERER"=>"/users/sign_in"}
REQUESTING PAGE: GET http://www.example.com/ with {} and HTTP headers {"HTTP_REFERER"=>"/users/sign_in"}
REQUESTING PAGE: GET /admin/ with {} and HTTP headers {"HTTP_REFERER"=>"http://www.example.com/"}
REQUESTING PAGE: GET /users/sign_in with {} and HTTP headers {}
REQUESTING PAGE: POST /users/sign_in with {"utf8"=>"✓", "commit"=>"Sign In", "user"=>{"email"=>"bogus@example.com", "remember_me"=>"0", "password"=>"not-the-password"}} and HTTP headers {"HTTP_REFERER"=>"/users/sign_in"}
REQUESTING PAGE: GET /users/sign_in with {} and HTTP headers {}
REQUESTING PAGE: POST /users/sign_in with {"utf8"=>"✓", "commit"=>"Sign In", "user"=>{"password"=>"password", "email"=>"person1@example.com", "remember_me"=>"0"}} and HTTP headers {"HTTP_REFERER"=>"/users/sign_in"}
REQUESTING PAGE: GET http://www.example.com/ with {} and HTTP headers {"HTTP_REFERER"=>"/users/sign_in"}
REQUESTING PAGE: GET /admin/ with {} and HTTP headers {"HTTP_REFERER"=>"http://www.example.com/"}
REQUESTING PAGE: GET http://www.example.com/ with {} and HTTP headers {"HTTP_REFERER"=>"/admin/"}
REQUESTING PAGE: GET /users/sign_in with {} and HTTP headers {}
REQUESTING PAGE: POST /users/sign_in with {"utf8"=>"✓", "commit"=>"Sign In", "user"=>{"password"=>"password", "email"=>"person2@example.com", "remember_me"=>"0"}} and HTTP headers {"HTTP_REFERER"=>"/users/sign_in"}
REQUESTING PAGE: GET http://www.example.com/ with {} and HTTP headers {"HTTP_REFERER"=>"/users/sign_in"}
REQUESTING PAGE: GET /admin/ with {} and HTTP headers {"HTTP_REFERER"=>"http://www.example.com/"}
REQUESTING PAGE: GET /users/sign_in with {} and HTTP headers {}
REQUESTING PAGE: POST /users/sign_in with {"utf8"=>"✓", "commit"=>"Sign In", "user"=>{"password"=>"password", "email"=>"person3@example.com", "remember_me"=>"0"}} and HTTP headers {"HTTP_REFERER"=>"/users/sign_in"}
REQUESTING PAGE: GET http://www.example.com/ with {} and HTTP headers {"HTTP_REFERER"=>"/users/sign_in"}
REQUESTING PAGE: GET /admin/ with {} and HTTP headers {"HTTP_REFERER"=>"http://www.example.com/"}
REQUESTING PAGE: GET /admin/page with {} and HTTP headers {"HTTP_REFERER"=>"/admin/"}
REQUESTING PAGE: GET /users/sign_in with {} and HTTP headers {}
REQUESTING PAGE: POST /users/sign_in with {"utf8"=>"✓", "commit"=>"Sign In", "user"=>{"password"=>"password", "email"=>"person4@example.com", "remember_me"=>"0"}} and HTTP headers {"HTTP_REFERER"=>"/users/sign_in"}
REQUESTING PAGE: GET http://www.example.com/ with {} and HTTP headers {"HTTP_REFERER"=>"/users/sign_in"}
REQUESTING PAGE: GET /admin/ with {} and HTTP headers {"HTTP_REFERER"=>"http://www.example.com/"}
REQUESTING PAGE: GET /admin/user with {} and HTTP headers {"HTTP_REFERER"=>"/admin/"}
REQUESTING PAGE: GET /users/sign_in with {} and HTTP headers {}
REQUESTING PAGE: POST /users/sign_in with {"utf8"=>"✓", "commit"=>"Sign In", "user"=>{"password"=>"password", "email"=>"person5@example.com", "remember_me"=>"0"}} and HTTP headers {"HTTP_REFERER"=>"/users/sign_in"}
REQUESTING PAGE: GET http://www.example.com/ with {} and HTTP headers {"HTTP_REFERER"=>"/users/sign_in"}
REQUESTING PAGE: GET /admin/ with {} and HTTP headers {"HTTP_REFERER"=>"http://www.example.com/"}
REQUESTING PAGE: GET /users/sign_in with {} and HTTP headers {}
REQUESTING PAGE: POST /users/sign_in with {"utf8"=>"✓", "commit"=>"Sign In", "user"=>{"password"=>"not-the-password", "email"=>"bogus@example.com", "remember_me"=>"0"}} and HTTP headers {"HTTP_REFERER"=>"/users/sign_in"}
REQUESTING PAGE: GET /users/sign_in with {} and HTTP headers {}
REQUESTING PAGE: POST /users/sign_in with {"commit"=>"Sign In", "utf8"=>"✓", "user"=>{"remember_me"=>"0", "password"=>"password", "email"=>"person1@example.com"}} and HTTP headers {"HTTP_REFERER"=>"/users/sign_in"}
REQUESTING PAGE: GET http://www.example.com/ with {} and HTTP headers {"HTTP_REFERER"=>"/users/sign_in"}
REQUESTING PAGE: GET /admin/ with {} and HTTP headers {"HTTP_REFERER"=>"http://www.example.com/"}
REQUESTING PAGE: GET http://www.example.com/ with {} and HTTP headers {"HTTP_REFERER"=>"/admin/"}
REQUESTING PAGE: GET /users/sign_in with {} and HTTP headers {}
REQUESTING PAGE: POST /users/sign_in with {"commit"=>"Sign In", "utf8"=>"✓", "user"=>{"remember_me"=>"0", "password"=>"password", "email"=>"person2@example.com"}} and HTTP headers {"HTTP_REFERER"=>"/users/sign_in"}
REQUESTING PAGE: GET http://www.example.com/ with {} and HTTP headers {"HTTP_REFERER"=>"/users/sign_in"}
REQUESTING PAGE: GET /admin/ with {} and HTTP headers {"HTTP_REFERER"=>"http://www.example.com/"}
REQUESTING PAGE: GET /users/sign_in with {} and HTTP headers {}
REQUESTING PAGE: POST /users/sign_in with {"commit"=>"Sign In", "utf8"=>"✓", "user"=>{"remember_me"=>"0", "password"=>"password", "email"=>"person3@example.com"}} and HTTP headers {"HTTP_REFERER"=>"/users/sign_in"}
REQUESTING PAGE: GET http://www.example.com/ with {} and HTTP headers {"HTTP_REFERER"=>"/users/sign_in"}
REQUESTING PAGE: GET /admin/ with {} and HTTP headers {"HTTP_REFERER"=>"http://www.example.com/"}
REQUESTING PAGE: GET /admin/page with {} and HTTP headers {"HTTP_REFERER"=>"/admin/"}
REQUESTING PAGE: GET /users/sign_in with {} and HTTP headers {}
REQUESTING PAGE: POST /users/sign_in with {"commit"=>"Sign In", "utf8"=>"✓", "user"=>{"remember_me"=>"0", "password"=>"password", "email"=>"person4@example.com"}} and HTTP headers {"HTTP_REFERER"=>"/users/sign_in"}
REQUESTING PAGE: GET http://www.example.com/ with {} and HTTP headers {"HTTP_REFERER"=>"/users/sign_in"}
REQUESTING PAGE: GET /admin/ with {} and HTTP headers {"HTTP_REFERER"=>"http://www.example.com/"}
REQUESTING PAGE: GET /admin/user with {} and HTTP headers {"HTTP_REFERER"=>"/admin/"}
REQUESTING PAGE: GET /users/sign_in with {} and HTTP headers {}
REQUESTING PAGE: POST /users/sign_in with {"commit"=>"Sign In", "utf8"=>"✓", "user"=>{"remember_me"=>"0", "password"=>"password", "email"=>"person5@example.com"}} and HTTP headers {"HTTP_REFERER"=>"/users/sign_in"}
REQUESTING PAGE: GET http://www.example.com/ with {} and HTTP headers {"HTTP_REFERER"=>"/users/sign_in"}
REQUESTING PAGE: GET /admin/ with {} and HTTP headers {"HTTP_REFERER"=>"http://www.example.com/"}
REQUESTING PAGE: GET /users/sign_in with {} and HTTP headers {}
REQUESTING PAGE: POST /users/sign_in with {"commit"=>"Sign In", "utf8"=>"✓", "user"=>{"remember_me"=>"0", "password"=>"not-the-password", "email"=>"bogus@example.com"}} and HTTP headers {"HTTP_REFERER"=>"/users/sign_in"}
REQUESTING PAGE: GET /users/sign_in with {} and HTTP headers {}
REQUESTING PAGE: POST /users/sign_in with {"user"=>{"password"=>"password", "remember_me"=>"0", "email"=>"person1@example.com"}, "commit"=>"Sign In", "utf8"=>"✓"} and HTTP headers {"HTTP_REFERER"=>"/users/sign_in"}
REQUESTING PAGE: GET http://www.example.com/ with {} and HTTP headers {"HTTP_REFERER"=>"/users/sign_in"}
REQUESTING PAGE: GET /admin/ with {} and HTTP headers {"HTTP_REFERER"=>"http://www.example.com/"}
REQUESTING PAGE: GET http://www.example.com/ with {} and HTTP headers {"HTTP_REFERER"=>"/admin/"}
REQUESTING PAGE: GET /users/sign_in with {} and HTTP headers {}
REQUESTING PAGE: POST /users/sign_in with {"user"=>{"password"=>"password", "remember_me"=>"0", "email"=>"person2@example.com"}, "commit"=>"Sign In", "utf8"=>"✓"} and HTTP headers {"HTTP_REFERER"=>"/users/sign_in"}
REQUESTING PAGE: GET http://www.example.com/ with {} and HTTP headers {"HTTP_REFERER"=>"/users/sign_in"}
REQUESTING PAGE: GET /admin/ with {} and HTTP headers {"HTTP_REFERER"=>"http://www.example.com/"}
REQUESTING PAGE: GET /users/sign_in with {} and HTTP headers {}
REQUESTING PAGE: POST /users/sign_in with {"user"=>{"password"=>"password", "remember_me"=>"0", "email"=>"person3@example.com"}, "commit"=>"Sign In", "utf8"=>"✓"} and HTTP headers {"HTTP_REFERER"=>"/users/sign_in"}
REQUESTING PAGE: GET http://www.example.com/ with {} and HTTP headers {"HTTP_REFERER"=>"/users/sign_in"}
REQUESTING PAGE: GET /admin/ with {} and HTTP headers {"HTTP_REFERER"=>"http://www.example.com/"}
REQUESTING PAGE: GET /admin/page with {} and HTTP headers {"HTTP_REFERER"=>"/admin/"}
REQUESTING PAGE: GET /users/sign_in with {} and HTTP headers {}
REQUESTING PAGE: POST /users/sign_in with {"user"=>{"password"=>"password", "remember_me"=>"0", "email"=>"person4@example.com"}, "commit"=>"Sign In", "utf8"=>"✓"} and HTTP headers {"HTTP_REFERER"=>"/users/sign_in"}
REQUESTING PAGE: GET http://www.example.com/ with {} and HTTP headers {"HTTP_REFERER"=>"/users/sign_in"}
REQUESTING PAGE: GET /admin/ with {} and HTTP headers {"HTTP_REFERER"=>"http://www.example.com/"}
REQUESTING PAGE: GET /admin/user with {} and HTTP headers {"HTTP_REFERER"=>"/admin/"}
REQUESTING PAGE: GET /users/sign_in with {} and HTTP headers {}
REQUESTING PAGE: POST /users/sign_in with {"user"=>{"password"=>"password", "remember_me"=>"0", "email"=>"person5@example.com"}, "commit"=>"Sign In", "utf8"=>"✓"} and HTTP headers {"HTTP_REFERER"=>"/users/sign_in"}
REQUESTING PAGE: GET http://www.example.com/ with {} and HTTP headers {"HTTP_REFERER"=>"/users/sign_in"}
REQUESTING PAGE: GET /admin/ with {} and HTTP headers {"HTTP_REFERER"=>"http://www.example.com/"}
REQUESTING PAGE: GET /users/sign_in with {} and HTTP headers {}
REQUESTING PAGE: POST /users/sign_in with {"user"=>{"password"=>"not-the-password", "remember_me"=>"0", "email"=>"bogus@example.com"}, "commit"=>"Sign In", "utf8"=>"✓"} and HTTP headers {"HTTP_REFERER"=>"/users/sign_in"}
REQUESTING PAGE: GET /users/sign_in with {} and HTTP headers {}
REQUESTING PAGE: POST /users/sign_in with {"commit"=>"Sign In", "user"=>{"password"=>"password", "remember_me"=>"0", "email"=>"person1@example.com"}, "utf8"=>"✓"} and HTTP headers {"HTTP_REFERER"=>"/users/sign_in"}
REQUESTING PAGE: GET http://www.example.com/ with {} and HTTP headers {"HTTP_REFERER"=>"/users/sign_in"}
REQUESTING PAGE: GET /admin/ with {} and HTTP headers {"HTTP_REFERER"=>"http://www.example.com/"}
REQUESTING PAGE: GET http://www.example.com/ with {} and HTTP headers {"HTTP_REFERER"=>"/admin/"}
REQUESTING PAGE: GET /users/sign_in with {} and HTTP headers {}
REQUESTING PAGE: POST /users/sign_in with {"commit"=>"Sign In", "user"=>{"password"=>"password", "remember_me"=>"0", "email"=>"person2@example.com"}, "utf8"=>"✓"} and HTTP headers {"HTTP_REFERER"=>"/users/sign_in"}
REQUESTING PAGE: GET http://www.example.com/ with {} and HTTP headers {"HTTP_REFERER"=>"/users/sign_in"}
REQUESTING PAGE: GET /admin/ with {} and HTTP headers {"HTTP_REFERER"=>"http://www.example.com/"}
REQUESTING PAGE: GET /users/sign_in with {} and HTTP headers {}
REQUESTING PAGE: POST /users/sign_in with {"commit"=>"Sign In", "user"=>{"password"=>"password", "remember_me"=>"0", "email"=>"person3@example.com"}, "utf8"=>"✓"} and HTTP headers {"HTTP_REFERER"=>"/users/sign_in"}
REQUESTING PAGE: GET http://www.example.com/ with {} and HTTP headers {"HTTP_REFERER"=>"/users/sign_in"}
REQUESTING PAGE: GET /admin/ with {} and HTTP headers {"HTTP_REFERER"=>"http://www.example.com/"}
REQUESTING PAGE: GET /admin/page with {} and HTTP headers {"HTTP_REFERER"=>"/admin/"}
REQUESTING PAGE: GET /users/sign_in with {} and HTTP headers {}
REQUESTING PAGE: POST /users/sign_in with {"commit"=>"Sign In", "user"=>{"password"=>"password", "remember_me"=>"0", "email"=>"person4@example.com"}, "utf8"=>"✓"} and HTTP headers {"HTTP_REFERER"=>"/users/sign_in"}
REQUESTING PAGE: GET http://www.example.com/ with {} and HTTP headers {"HTTP_REFERER"=>"/users/sign_in"}
REQUESTING PAGE: GET /admin/ with {} and HTTP headers {"HTTP_REFERER"=>"http://www.example.com/"}
REQUESTING PAGE: GET /admin/user with {} and HTTP headers {"HTTP_REFERER"=>"/admin/"}
REQUESTING PAGE: GET /users/sign_in with {} and HTTP headers {}
REQUESTING PAGE: POST /users/sign_in with {"commit"=>"Sign In", "user"=>{"password"=>"password", "remember_me"=>"0", "email"=>"person5@example.com"}, "utf8"=>"✓"} and HTTP headers {"HTTP_REFERER"=>"/users/sign_in"}
REQUESTING PAGE: GET http://www.example.com/ with {} and HTTP headers {"HTTP_REFERER"=>"/users/sign_in"}
REQUESTING PAGE: GET /admin/ with {} and HTTP headers {"HTTP_REFERER"=>"http://www.example.com/"}
REQUESTING PAGE: GET /users/sign_in with {} and HTTP headers {}
REQUESTING PAGE: POST /users/sign_in with {"commit"=>"Sign In", "user"=>{"password"=>"not-the-password", "remember_me"=>"0", "email"=>"bogus@example.com"}, "utf8"=>"✓"} and HTTP headers {"HTTP_REFERER"=>"/users/sign_in"}
REQUESTING PAGE: GET /users/sign_in with {} and HTTP headers {}
REQUESTING PAGE: POST /users/sign_in with {"utf8"=>"✓", "commit"=>"Sign In", "user"=>{"email"=>"person1@example.com", "password"=>"password", "remember_me"=>"0"}} and HTTP headers {"HTTP_REFERER"=>"/users/sign_in"}
REQUESTING PAGE: GET http://www.example.com/ with {} and HTTP headers {"HTTP_REFERER"=>"/users/sign_in"}
REQUESTING PAGE: GET /admin/ with {} and HTTP headers {"HTTP_REFERER"=>"http://www.example.com/"}
REQUESTING PAGE: GET http://www.example.com/ with {} and HTTP headers {"HTTP_REFERER"=>"/admin/"}
REQUESTING PAGE: GET /users/sign_in with {} and HTTP headers {}
REQUESTING PAGE: POST /users/sign_in with {"utf8"=>"✓", "commit"=>"Sign In", "user"=>{"email"=>"person2@example.com", "password"=>"password", "remember_me"=>"0"}} and HTTP headers {"HTTP_REFERER"=>"/users/sign_in"}
REQUESTING PAGE: GET http://www.example.com/ with {} and HTTP headers {"HTTP_REFERER"=>"/users/sign_in"}
REQUESTING PAGE: GET /admin/ with {} and HTTP headers {"HTTP_REFERER"=>"http://www.example.com/"}
REQUESTING PAGE: GET /users/sign_in with {} and HTTP headers {}
REQUESTING PAGE: POST /users/sign_in with {"utf8"=>"✓", "commit"=>"Sign In", "user"=>{"email"=>"person3@example.com", "password"=>"password", "remember_me"=>"0"}} and HTTP headers {"HTTP_REFERER"=>"/users/sign_in"}
REQUESTING PAGE: GET http://www.example.com/ with {} and HTTP headers {"HTTP_REFERER"=>"/users/sign_in"}
REQUESTING PAGE: GET /admin/ with {} and HTTP headers {"HTTP_REFERER"=>"http://www.example.com/"}
REQUESTING PAGE: GET /admin/page with {} and HTTP headers {"HTTP_REFERER"=>"/admin/"}
REQUESTING PAGE: GET /users/sign_in with {} and HTTP headers {}
REQUESTING PAGE: POST /users/sign_in with {"utf8"=>"✓", "commit"=>"Sign In", "user"=>{"email"=>"person4@example.com", "password"=>"password", "remember_me"=>"0"}} and HTTP headers {"HTTP_REFERER"=>"/users/sign_in"}
REQUESTING PAGE: GET http://www.example.com/ with {} and HTTP headers {"HTTP_REFERER"=>"/users/sign_in"}
REQUESTING PAGE: GET /admin/ with {} and HTTP headers {"HTTP_REFERER"=>"http://www.example.com/"}
REQUESTING PAGE: GET /admin/user with {} and HTTP headers {"HTTP_REFERER"=>"/admin/"}
REQUESTING PAGE: GET /users/sign_in with {} and HTTP headers {}
REQUESTING PAGE: POST /users/sign_in with {"utf8"=>"✓", "commit"=>"Sign In", "user"=>{"email"=>"person5@example.com", "password"=>"password", "remember_me"=>"0"}} and HTTP headers {"HTTP_REFERER"=>"/users/sign_in"}
REQUESTING PAGE: GET http://www.example.com/ with {} and HTTP headers {"HTTP_REFERER"=>"/users/sign_in"}
REQUESTING PAGE: GET /admin/ with {} and HTTP headers {"HTTP_REFERER"=>"http://www.example.com/"}
REQUESTING PAGE: GET /users/sign_in with {} and HTTP headers {}
REQUESTING PAGE: POST /users/sign_in with {"utf8"=>"✓", "commit"=>"Sign In", "user"=>{"email"=>"bogus@example.com", "password"=>"not-the-password", "remember_me"=>"0"}} and HTTP headers {"HTTP_REFERER"=>"/users/sign_in"}
REQUESTING PAGE: GET /users/sign_up with {} and HTTP headers {}
REQUESTING PAGE: GET /users/sign_in with {} and HTTP headers {}
REQUESTING PAGE: POST /users/sign_in with {"commit"=>"Sign In", "utf8"=>"✓", "user"=>{"remember_me"=>"0", "email"=>"person1@example.com", "password"=>"password"}} and HTTP headers {"HTTP_REFERER"=>"/users/sign_in"}
REQUESTING PAGE: GET http://www.example.com/ with {} and HTTP headers {"HTTP_REFERER"=>"/users/sign_in"}
REQUESTING PAGE: GET /admin/ with {} and HTTP headers {"HTTP_REFERER"=>"http://www.example.com/"}
REQUESTING PAGE: GET http://www.example.com/ with {} and HTTP headers {"HTTP_REFERER"=>"/admin/"}
REQUESTING PAGE: GET /users/sign_in with {} and HTTP headers {}
REQUESTING PAGE: POST /users/sign_in with {"commit"=>"Sign In", "utf8"=>"✓", "user"=>{"remember_me"=>"0", "email"=>"person2@example.com", "password"=>"password"}} and HTTP headers {"HTTP_REFERER"=>"/users/sign_in"}
REQUESTING PAGE: GET http://www.example.com/ with {} and HTTP headers {"HTTP_REFERER"=>"/users/sign_in"}
REQUESTING PAGE: GET /admin/ with {} and HTTP headers {"HTTP_REFERER"=>"http://www.example.com/"}
REQUESTING PAGE: GET /users/sign_in with {} and HTTP headers {}
REQUESTING PAGE: POST /users/sign_in with {"commit"=>"Sign In", "utf8"=>"✓", "user"=>{"remember_me"=>"0", "email"=>"person3@example.com", "password"=>"password"}} and HTTP headers {"HTTP_REFERER"=>"/users/sign_in"}
REQUESTING PAGE: GET http://www.example.com/ with {} and HTTP headers {"HTTP_REFERER"=>"/users/sign_in"}
REQUESTING PAGE: GET /admin/ with {} and HTTP headers {"HTTP_REFERER"=>"http://www.example.com/"}
REQUESTING PAGE: GET /admin/page with {} and HTTP headers {"HTTP_REFERER"=>"/admin/"}
REQUESTING PAGE: GET /users/sign_in with {} and HTTP headers {}
REQUESTING PAGE: POST /users/sign_in with {"commit"=>"Sign In", "utf8"=>"✓", "user"=>{"remember_me"=>"0", "email"=>"person4@example.com", "password"=>"password"}} and HTTP headers {"HTTP_REFERER"=>"/users/sign_in"}
REQUESTING PAGE: GET http://www.example.com/ with {} and HTTP headers {"HTTP_REFERER"=>"/users/sign_in"}
REQUESTING PAGE: GET /admin/ with {} and HTTP headers {"HTTP_REFERER"=>"http://www.example.com/"}
REQUESTING PAGE: GET /admin/user with {} and HTTP headers {"HTTP_REFERER"=>"/admin/"}
REQUESTING PAGE: GET /users/sign_in with {} and HTTP headers {}
REQUESTING PAGE: POST /users/sign_in with {"commit"=>"Sign In", "utf8"=>"✓", "user"=>{"remember_me"=>"0", "email"=>"person5@example.com", "password"=>"password"}} and HTTP headers {"HTTP_REFERER"=>"/users/sign_in"}
REQUESTING PAGE: GET http://www.example.com/ with {} and HTTP headers {"HTTP_REFERER"=>"/users/sign_in"}
REQUESTING PAGE: GET /admin/ with {} and HTTP headers {"HTTP_REFERER"=>"http://www.example.com/"}
REQUESTING PAGE: GET /users/sign_in with {} and HTTP headers {}
REQUESTING PAGE: POST /users/sign_in with {"commit"=>"Sign In", "utf8"=>"✓", "user"=>{"remember_me"=>"0", "email"=>"bogus@example.com", "password"=>"not-the-password"}} and HTTP headers {"HTTP_REFERER"=>"/users/sign_in"}
REQUESTING PAGE: GET /users/sign_up with {} and HTTP headers {}
REQUESTING PAGE: GET /users/sign_in with {} and HTTP headers {}
REQUESTING PAGE: POST /users/sign_in with {"commit"=>"Sign In", "utf8"=>"✓", "user"=>{"password"=>"password", "email"=>"person1@example.com", "remember_me"=>"0"}} and HTTP headers {"HTTP_REFERER"=>"/users/sign_in"}
REQUESTING PAGE: GET http://www.example.com/ with {} and HTTP headers {"HTTP_REFERER"=>"/users/sign_in"}
REQUESTING PAGE: GET /admin/ with {} and HTTP headers {"HTTP_REFERER"=>"http://www.example.com/"}
REQUESTING PAGE: GET http://www.example.com/ with {} and HTTP headers {"HTTP_REFERER"=>"/admin/"}
REQUESTING PAGE: GET /users/sign_in with {} and HTTP headers {}
REQUESTING PAGE: POST /users/sign_in with {"commit"=>"Sign In", "utf8"=>"✓", "user"=>{"password"=>"password", "email"=>"person2@example.com", "remember_me"=>"0"}} and HTTP headers {"HTTP_REFERER"=>"/users/sign_in"}
REQUESTING PAGE: GET http://www.example.com/ with {} and HTTP headers {"HTTP_REFERER"=>"/users/sign_in"}
REQUESTING PAGE: GET /admin/ with {} and HTTP headers {"HTTP_REFERER"=>"http://www.example.com/"}
REQUESTING PAGE: GET /users/sign_in with {} and HTTP headers {}
REQUESTING PAGE: POST /users/sign_in with {"commit"=>"Sign In", "utf8"=>"✓", "user"=>{"password"=>"password", "email"=>"person3@example.com", "remember_me"=>"0"}} and HTTP headers {"HTTP_REFERER"=>"/users/sign_in"}
REQUESTING PAGE: GET http://www.example.com/ with {} and HTTP headers {"HTTP_REFERER"=>"/users/sign_in"}
REQUESTING PAGE: GET /admin/ with {} and HTTP headers {"HTTP_REFERER"=>"http://www.example.com/"}
REQUESTING PAGE: GET /admin/page with {} and HTTP headers {"HTTP_REFERER"=>"/admin/"}
REQUESTING PAGE: GET /users/sign_in with {} and HTTP headers {}
REQUESTING PAGE: POST /users/sign_in with {"commit"=>"Sign In", "utf8"=>"✓", "user"=>{"password"=>"password", "email"=>"person4@example.com", "remember_me"=>"0"}} and HTTP headers {"HTTP_REFERER"=>"/users/sign_in"}
REQUESTING PAGE: GET http://www.example.com/ with {} and HTTP headers {"HTTP_REFERER"=>"/users/sign_in"}
REQUESTING PAGE: GET /admin/ with {} and HTTP headers {"HTTP_REFERER"=>"http://www.example.com/"}
REQUESTING PAGE: GET /admin/user with {} and HTTP headers {"HTTP_REFERER"=>"/admin/"}
REQUESTING PAGE: GET /users/sign_in with {} and HTTP headers {}
REQUESTING PAGE: POST /users/sign_in with {"commit"=>"Sign In", "utf8"=>"✓", "user"=>{"password"=>"password", "email"=>"person5@example.com", "remember_me"=>"0"}} and HTTP headers {"HTTP_REFERER"=>"/users/sign_in"}
REQUESTING PAGE: GET http://www.example.com/ with {} and HTTP headers {"HTTP_REFERER"=>"/users/sign_in"}
REQUESTING PAGE: GET /admin/ with {} and HTTP headers {"HTTP_REFERER"=>"http://www.example.com/"}
REQUESTING PAGE: GET /users/sign_in with {} and HTTP headers {}
REQUESTING PAGE: POST /users/sign_in with {"commit"=>"Sign In", "utf8"=>"✓", "user"=>{"password"=>"not-the-password", "email"=>"bogus@example.com", "remember_me"=>"0"}} and HTTP headers {"HTTP_REFERER"=>"/users/sign_in"}
REQUESTING PAGE: GET /users/sign_up with {} and HTTP headers {}
REQUESTING PAGE: POST /users with {"commit"=>"Sign Up", "utf8"=>"✓", "user"=>{"password_confirmation"=>"password", "password"=>"password", "email"=>"person6@example.com"}} and HTTP headers {"HTTP_REFERER"=>"/users/sign_up"}
REQUESTING PAGE: GET /users/sign_in with {} and HTTP headers {}
REQUESTING PAGE: POST /users/sign_in with {"utf8"=>"✓", "user"=>{"email"=>"person1@example.com", "remember_me"=>"0", "password"=>"password"}, "commit"=>"Sign In"} and HTTP headers {"HTTP_REFERER"=>"/users/sign_in"}
REQUESTING PAGE: GET http://www.example.com/ with {} and HTTP headers {"HTTP_REFERER"=>"/users/sign_in"}
REQUESTING PAGE: GET /admin/ with {} and HTTP headers {"HTTP_REFERER"=>"http://www.example.com/"}
REQUESTING PAGE: GET http://www.example.com/ with {} and HTTP headers {"HTTP_REFERER"=>"/admin/"}
REQUESTING PAGE: GET /users/sign_in with {} and HTTP headers {}
REQUESTING PAGE: POST /users/sign_in with {"utf8"=>"✓", "user"=>{"email"=>"person2@example.com", "remember_me"=>"0", "password"=>"password"}, "commit"=>"Sign In"} and HTTP headers {"HTTP_REFERER"=>"/users/sign_in"}
REQUESTING PAGE: GET http://www.example.com/ with {} and HTTP headers {"HTTP_REFERER"=>"/users/sign_in"}
REQUESTING PAGE: GET /admin/ with {} and HTTP headers {"HTTP_REFERER"=>"http://www.example.com/"}
REQUESTING PAGE: GET /users/sign_in with {} and HTTP headers {}
REQUESTING PAGE: POST /users/sign_in with {"utf8"=>"✓", "user"=>{"email"=>"person3@example.com", "remember_me"=>"0", "password"=>"password"}, "commit"=>"Sign In"} and HTTP headers {"HTTP_REFERER"=>"/users/sign_in"}
REQUESTING PAGE: GET http://www.example.com/ with {} and HTTP headers {"HTTP_REFERER"=>"/users/sign_in"}
REQUESTING PAGE: GET /admin/ with {} and HTTP headers {"HTTP_REFERER"=>"http://www.example.com/"}
REQUESTING PAGE: GET /admin/page with {} and HTTP headers {"HTTP_REFERER"=>"/admin/"}
REQUESTING PAGE: GET /users/sign_in with {} and HTTP headers {}
REQUESTING PAGE: POST /users/sign_in with {"utf8"=>"✓", "user"=>{"email"=>"person4@example.com", "remember_me"=>"0", "password"=>"password"}, "commit"=>"Sign In"} and HTTP headers {"HTTP_REFERER"=>"/users/sign_in"}
REQUESTING PAGE: GET http://www.example.com/ with {} and HTTP headers {"HTTP_REFERER"=>"/users/sign_in"}
REQUESTING PAGE: GET /admin/ with {} and HTTP headers {"HTTP_REFERER"=>"http://www.example.com/"}
REQUESTING PAGE: GET /admin/user with {} and HTTP headers {"HTTP_REFERER"=>"/admin/"}
REQUESTING PAGE: GET /users/sign_in with {} and HTTP headers {}
REQUESTING PAGE: POST /users/sign_in with {"utf8"=>"✓", "user"=>{"email"=>"person5@example.com", "remember_me"=>"0", "password"=>"password"}, "commit"=>"Sign In"} and HTTP headers {"HTTP_REFERER"=>"/users/sign_in"}
REQUESTING PAGE: GET http://www.example.com/ with {} and HTTP headers {"HTTP_REFERER"=>"/users/sign_in"}
REQUESTING PAGE: GET /admin/ with {} and HTTP headers {"HTTP_REFERER"=>"http://www.example.com/"}
REQUESTING PAGE: GET /users/sign_in with {} and HTTP headers {}
REQUESTING PAGE: POST /users/sign_in with {"utf8"=>"✓", "user"=>{"email"=>"bogus@example.com", "remember_me"=>"0", "password"=>"not-the-password"}, "commit"=>"Sign In"} and HTTP headers {"HTTP_REFERER"=>"/users/sign_in"}
REQUESTING PAGE: GET /users/sign_up with {} and HTTP headers {}
REQUESTING PAGE: POST /users with {"utf8"=>"✓", "user"=>{"email"=>"person6@example.com", "password_confirmation"=>"password", "password"=>"password"}, "commit"=>"Sign Up"} and HTTP headers {"HTTP_REFERER"=>"/users/sign_up"}
REQUESTING PAGE: GET /users/sign_in with {} and HTTP headers {}
REQUESTING PAGE: POST /users/sign_in with {"commit"=>"Sign In", "utf8"=>"✓", "user"=>{"password"=>"password", "remember_me"=>"0", "email"=>"person1@example.com"}} and HTTP headers {"HTTP_REFERER"=>"/users/sign_in"}
REQUESTING PAGE: GET http://www.example.com/ with {} and HTTP headers {"HTTP_REFERER"=>"/users/sign_in"}
REQUESTING PAGE: GET /admin/ with {} and HTTP headers {"HTTP_REFERER"=>"http://www.example.com/"}
REQUESTING PAGE: GET http://www.example.com/ with {} and HTTP headers {"HTTP_REFERER"=>"/admin/"}
REQUESTING PAGE: GET /users/sign_in with {} and HTTP headers {}
REQUESTING PAGE: POST /users/sign_in with {"commit"=>"Sign In", "utf8"=>"✓", "user"=>{"password"=>"password", "remember_me"=>"0", "email"=>"person2@example.com"}} and HTTP headers {"HTTP_REFERER"=>"/users/sign_in"}
REQUESTING PAGE: GET http://www.example.com/ with {} and HTTP headers {"HTTP_REFERER"=>"/users/sign_in"}
REQUESTING PAGE: GET /admin/ with {} and HTTP headers {"HTTP_REFERER"=>"http://www.example.com/"}
REQUESTING PAGE: GET /users/sign_in with {} and HTTP headers {}
REQUESTING PAGE: POST /users/sign_in with {"commit"=>"Sign In", "utf8"=>"✓", "user"=>{"password"=>"password", "remember_me"=>"0", "email"=>"person3@example.com"}} and HTTP headers {"HTTP_REFERER"=>"/users/sign_in"}
REQUESTING PAGE: GET http://www.example.com/ with {} and HTTP headers {"HTTP_REFERER"=>"/users/sign_in"}
REQUESTING PAGE: GET /admin/ with {} and HTTP headers {"HTTP_REFERER"=>"http://www.example.com/"}
REQUESTING PAGE: GET /admin/page with {} and HTTP headers {"HTTP_REFERER"=>"/admin/"}
REQUESTING PAGE: GET /users/sign_in with {} and HTTP headers {}
REQUESTING PAGE: POST /users/sign_in with {"commit"=>"Sign In", "utf8"=>"✓", "user"=>{"password"=>"password", "remember_me"=>"0", "email"=>"person4@example.com"}} and HTTP headers {"HTTP_REFERER"=>"/users/sign_in"}
REQUESTING PAGE: GET http://www.example.com/ with {} and HTTP headers {"HTTP_REFERER"=>"/users/sign_in"}
REQUESTING PAGE: GET /admin/ with {} and HTTP headers {"HTTP_REFERER"=>"http://www.example.com/"}
REQUESTING PAGE: GET /admin/user with {} and HTTP headers {"HTTP_REFERER"=>"/admin/"}
REQUESTING PAGE: GET /users/sign_in with {} and HTTP headers {}
REQUESTING PAGE: POST /users/sign_in with {"commit"=>"Sign In", "utf8"=>"✓", "user"=>{"password"=>"password", "remember_me"=>"0", "email"=>"person5@example.com"}} and HTTP headers {"HTTP_REFERER"=>"/users/sign_in"}
REQUESTING PAGE: GET http://www.example.com/ with {} and HTTP headers {"HTTP_REFERER"=>"/users/sign_in"}
REQUESTING PAGE: GET /admin/ with {} and HTTP headers {"HTTP_REFERER"=>"http://www.example.com/"}
REQUESTING PAGE: GET /users/sign_in with {} and HTTP headers {}
REQUESTING PAGE: POST /users/sign_in with {"commit"=>"Sign In", "utf8"=>"✓", "user"=>{"password"=>"not-the-password", "remember_me"=>"0", "email"=>"bogus@example.com"}} and HTTP headers {"HTTP_REFERER"=>"/users/sign_in"}
REQUESTING PAGE: GET /users/sign_up with {} and HTTP headers {}
REQUESTING PAGE: POST /users with {"commit"=>"Sign Up", "utf8"=>"✓", "user"=>{"password"=>"password", "email"=>"new_user@example.com", "password_confirmation"=>"password"}} and HTTP headers {"HTTP_REFERER"=>"/users/sign_up"}
REQUESTING PAGE: GET /users/sign_in with {} and HTTP headers {}
REQUESTING PAGE: POST /users/sign_in with {"utf8"=>"✓", "user"=>{"remember_me"=>"0", "password"=>"password", "email"=>"person1@example.com"}, "commit"=>"Sign In"} and HTTP headers {"HTTP_REFERER"=>"/users/sign_in"}
REQUESTING PAGE: GET http://www.example.com/ with {} and HTTP headers {"HTTP_REFERER"=>"/users/sign_in"}
REQUESTING PAGE: GET /admin/ with {} and HTTP headers {"HTTP_REFERER"=>"http://www.example.com/"}
REQUESTING PAGE: GET http://www.example.com/ with {} and HTTP headers {"HTTP_REFERER"=>"/admin/"}
REQUESTING PAGE: GET /users/sign_in with {} and HTTP headers {}
REQUESTING PAGE: POST /users/sign_in with {"utf8"=>"✓", "user"=>{"remember_me"=>"0", "password"=>"password", "email"=>"person2@example.com"}, "commit"=>"Sign In"} and HTTP headers {"HTTP_REFERER"=>"/users/sign_in"}
REQUESTING PAGE: GET http://www.example.com/ with {} and HTTP headers {"HTTP_REFERER"=>"/users/sign_in"}
REQUESTING PAGE: GET /admin/ with {} and HTTP headers {"HTTP_REFERER"=>"http://www.example.com/"}
REQUESTING PAGE: GET /users/sign_in with {} and HTTP headers {}
REQUESTING PAGE: POST /users/sign_in with {"utf8"=>"✓", "user"=>{"remember_me"=>"0", "password"=>"password", "email"=>"person3@example.com"}, "commit"=>"Sign In"} and HTTP headers {"HTTP_REFERER"=>"/users/sign_in"}
REQUESTING PAGE: GET http://www.example.com/ with {} and HTTP headers {"HTTP_REFERER"=>"/users/sign_in"}
REQUESTING PAGE: GET /admin/ with {} and HTTP headers {"HTTP_REFERER"=>"http://www.example.com/"}
REQUESTING PAGE: GET /admin/page with {} and HTTP headers {"HTTP_REFERER"=>"/admin/"}
REQUESTING PAGE: GET /users/sign_in with {} and HTTP headers {}
REQUESTING PAGE: POST /users/sign_in with {"utf8"=>"✓", "user"=>{"remember_me"=>"0", "password"=>"password", "email"=>"person4@example.com"}, "commit"=>"Sign In"} and HTTP headers {"HTTP_REFERER"=>"/users/sign_in"}
REQUESTING PAGE: GET http://www.example.com/ with {} and HTTP headers {"HTTP_REFERER"=>"/users/sign_in"}
REQUESTING PAGE: GET /admin/ with {} and HTTP headers {"HTTP_REFERER"=>"http://www.example.com/"}
REQUESTING PAGE: GET /admin/user with {} and HTTP headers {"HTTP_REFERER"=>"/admin/"}
REQUESTING PAGE: GET /users/sign_in with {} and HTTP headers {}
REQUESTING PAGE: POST /users/sign_in with {"utf8"=>"✓", "user"=>{"remember_me"=>"0", "password"=>"password", "email"=>"person5@example.com"}, "commit"=>"Sign In"} and HTTP headers {"HTTP_REFERER"=>"/users/sign_in"}
REQUESTING PAGE: GET http://www.example.com/ with {} and HTTP headers {"HTTP_REFERER"=>"/users/sign_in"}
REQUESTING PAGE: GET /admin/ with {} and HTTP headers {"HTTP_REFERER"=>"http://www.example.com/"}
REQUESTING PAGE: GET /users/sign_in with {} and HTTP headers {}
REQUESTING PAGE: POST /users/sign_in with {"utf8"=>"✓", "user"=>{"remember_me"=>"0", "password"=>"not-the-password", "email"=>"bogus@example.com"}, "commit"=>"Sign In"} and HTTP headers {"HTTP_REFERER"=>"/users/sign_in"}
REQUESTING PAGE: GET /users/sign_up with {} and HTTP headers {}
REQUESTING PAGE: POST /users with {"utf8"=>"✓", "user"=>{"password_confirmation"=>"password", "password"=>"password", "email"=>"new_user@example.com"}, "commit"=>"Sign Up"} and HTTP headers {"HTTP_REFERER"=>"/users/sign_up"}
REQUESTING PAGE: GET http://www.example.com/ with {} and HTTP headers {"HTTP_REFERER"=>"/users"}
REQUESTING PAGE: GET /users/sign_in with {} and HTTP headers {}
REQUESTING PAGE: POST /users/sign_in with {"user"=>{"email"=>"person1@example.com", "password"=>"password", "remember_me"=>"0"}, "commit"=>"Sign In", "utf8"=>"✓"} and HTTP headers {"HTTP_REFERER"=>"/users/sign_in"}
REQUESTING PAGE: GET http://www.example.com/ with {} and HTTP headers {"HTTP_REFERER"=>"/users/sign_in"}
REQUESTING PAGE: GET /admin/ with {} and HTTP headers {"HTTP_REFERER"=>"http://www.example.com/"}
REQUESTING PAGE: GET http://www.example.com/ with {} and HTTP headers {"HTTP_REFERER"=>"/admin/"}
REQUESTING PAGE: GET /users/sign_in with {} and HTTP headers {}
REQUESTING PAGE: POST /users/sign_in with {"user"=>{"email"=>"person2@example.com", "password"=>"password", "remember_me"=>"0"}, "commit"=>"Sign In", "utf8"=>"✓"} and HTTP headers {"HTTP_REFERER"=>"/users/sign_in"}
REQUESTING PAGE: GET http://www.example.com/ with {} and HTTP headers {"HTTP_REFERER"=>"/users/sign_in"}
REQUESTING PAGE: GET /admin/ with {} and HTTP headers {"HTTP_REFERER"=>"http://www.example.com/"}
REQUESTING PAGE: GET /users/sign_in with {} and HTTP headers {}
REQUESTING PAGE: POST /users/sign_in with {"user"=>{"email"=>"person3@example.com", "password"=>"password", "remember_me"=>"0"}, "commit"=>"Sign In", "utf8"=>"✓"} and HTTP headers {"HTTP_REFERER"=>"/users/sign_in"}
REQUESTING PAGE: GET http://www.example.com/ with {} and HTTP headers {"HTTP_REFERER"=>"/users/sign_in"}
REQUESTING PAGE: GET /admin/ with {} and HTTP headers {"HTTP_REFERER"=>"http://www.example.com/"}
REQUESTING PAGE: GET /admin/page with {} and HTTP headers {"HTTP_REFERER"=>"/admin/"}
REQUESTING PAGE: GET /users/sign_in with {} and HTTP headers {}
REQUESTING PAGE: POST /users/sign_in with {"user"=>{"email"=>"person4@example.com", "password"=>"password", "remember_me"=>"0"}, "commit"=>"Sign In", "utf8"=>"✓"} and HTTP headers {"HTTP_REFERER"=>"/users/sign_in"}
REQUESTING PAGE: GET http://www.example.com/ with {} and HTTP headers {"HTTP_REFERER"=>"/users/sign_in"}
REQUESTING PAGE: GET /admin/ with {} and HTTP headers {"HTTP_REFERER"=>"http://www.example.com/"}
REQUESTING PAGE: GET /admin/user with {} and HTTP headers {"HTTP_REFERER"=>"/admin/"}
REQUESTING PAGE: GET /users/sign_in with {} and HTTP headers {}
REQUESTING PAGE: POST /users/sign_in with {"user"=>{"email"=>"person5@example.com", "password"=>"password", "remember_me"=>"0"}, "commit"=>"Sign In", "utf8"=>"✓"} and HTTP headers {"HTTP_REFERER"=>"/users/sign_in"}
REQUESTING PAGE: GET http://www.example.com/ with {} and HTTP headers {"HTTP_REFERER"=>"/users/sign_in"}
REQUESTING PAGE: GET /admin/ with {} and HTTP headers {"HTTP_REFERER"=>"http://www.example.com/"}
REQUESTING PAGE: GET /users/sign_in with {} and HTTP headers {}
REQUESTING PAGE: POST /users/sign_in with {"user"=>{"email"=>"bogus@example.com", "password"=>"not-the-password", "remember_me"=>"0"}, "commit"=>"Sign In", "utf8"=>"✓"} and HTTP headers {"HTTP_REFERER"=>"/users/sign_in"}
REQUESTING PAGE: GET /users/sign_up with {} and HTTP headers {}
REQUESTING PAGE: POST /users with {"user"=>{"password_confirmation"=>"password", "email"=>"person6@example.com", "password"=>"password"}, "commit"=>"Sign Up", "utf8"=>"✓"} and HTTP headers {"HTTP_REFERER"=>"/users/sign_up"}
REQUESTING PAGE: GET http://www.example.com/ with {} and HTTP headers {"HTTP_REFERER"=>"/users"}
REQUESTING PAGE: GET /users/sign_in with {} and HTTP headers {}
REQUESTING PAGE: POST /users/sign_in with {"commit"=>"Sign In", "utf8"=>"✓", "user"=>{"password"=>"password", "email"=>"person1@example.com", "remember_me"=>"0"}} and HTTP headers {"HTTP_REFERER"=>"/users/sign_in"}
REQUESTING PAGE: GET http://www.example.com/ with {} and HTTP headers {"HTTP_REFERER"=>"/users/sign_in"}
REQUESTING PAGE: GET /admin/ with {} and HTTP headers {"HTTP_REFERER"=>"http://www.example.com/"}
REQUESTING PAGE: GET http://www.example.com/ with {} and HTTP headers {"HTTP_REFERER"=>"/admin/"}
REQUESTING PAGE: GET /users/sign_in with {} and HTTP headers {}
REQUESTING PAGE: POST /users/sign_in with {"commit"=>"Sign In", "utf8"=>"✓", "user"=>{"password"=>"password", "email"=>"person2@example.com", "remember_me"=>"0"}} and HTTP headers {"HTTP_REFERER"=>"/users/sign_in"}
REQUESTING PAGE: GET http://www.example.com/ with {} and HTTP headers {"HTTP_REFERER"=>"/users/sign_in"}
REQUESTING PAGE: GET /admin/ with {} and HTTP headers {"HTTP_REFERER"=>"http://www.example.com/"}
REQUESTING PAGE: GET /users/sign_in with {} and HTTP headers {}
REQUESTING PAGE: POST /users/sign_in with {"commit"=>"Sign In", "utf8"=>"✓", "user"=>{"password"=>"password", "email"=>"person3@example.com", "remember_me"=>"0"}} and HTTP headers {"HTTP_REFERER"=>"/users/sign_in"}
REQUESTING PAGE: GET http://www.example.com/ with {} and HTTP headers {"HTTP_REFERER"=>"/users/sign_in"}
REQUESTING PAGE: GET /admin/ with {} and HTTP headers {"HTTP_REFERER"=>"http://www.example.com/"}
REQUESTING PAGE: GET /admin/page with {} and HTTP headers {"HTTP_REFERER"=>"/admin/"}
REQUESTING PAGE: GET /users/sign_in with {} and HTTP headers {}
REQUESTING PAGE: POST /users/sign_in with {"commit"=>"Sign In", "utf8"=>"✓", "user"=>{"password"=>"password", "email"=>"person4@example.com", "remember_me"=>"0"}} and HTTP headers {"HTTP_REFERER"=>"/users/sign_in"}
REQUESTING PAGE: GET http://www.example.com/ with {} and HTTP headers {"HTTP_REFERER"=>"/users/sign_in"}
REQUESTING PAGE: GET /admin/ with {} and HTTP headers {"HTTP_REFERER"=>"http://www.example.com/"}
REQUESTING PAGE: GET /admin/user with {} and HTTP headers {"HTTP_REFERER"=>"/admin/"}
REQUESTING PAGE: GET /users/sign_in with {} and HTTP headers {}
REQUESTING PAGE: POST /users/sign_in with {"commit"=>"Sign In", "utf8"=>"✓", "user"=>{"password"=>"password", "email"=>"person5@example.com", "remember_me"=>"0"}} and HTTP headers {"HTTP_REFERER"=>"/users/sign_in"}
REQUESTING PAGE: GET http://www.example.com/ with {} and HTTP headers {"HTTP_REFERER"=>"/users/sign_in"}
REQUESTING PAGE: GET /admin/ with {} and HTTP headers {"HTTP_REFERER"=>"http://www.example.com/"}
REQUESTING PAGE: GET /users/sign_in with {} and HTTP headers {}
REQUESTING PAGE: POST /users/sign_in with {"commit"=>"Sign In", "utf8"=>"✓", "user"=>{"password"=>"not-the-password", "email"=>"bogus@example.com", "remember_me"=>"0"}} and HTTP headers {"HTTP_REFERER"=>"/users/sign_in"}
REQUESTING PAGE: GET /users/sign_up with {} and HTTP headers {}
REQUESTING PAGE: POST /users with {"commit"=>"Sign Up", "utf8"=>"✓", "user"=>{"password"=>"password", "email"=>"person6@example.com", "password_confirmation"=>"password"}} and HTTP headers {"HTTP_REFERER"=>"/users/sign_up"}
REQUESTING PAGE: GET http://www.example.com/ with {} and HTTP headers {"HTTP_REFERER"=>"/users"}
REQUESTING PAGE: GET /users/sign_in with {} and HTTP headers {}
REQUESTING PAGE: POST /users/sign_in with {"commit"=>"Sign In", "utf8"=>"✓", "user"=>{"password"=>"password", "email"=>"person7@example.com", "remember_me"=>"0"}} and HTTP headers {"HTTP_REFERER"=>"/users/sign_in"}
REQUESTING PAGE: GET http://www.example.com/ with {} and HTTP headers {"HTTP_REFERER"=>"/users/sign_in"}
REQUESTING PAGE: GET /users/sign_in with {} and HTTP headers {}
REQUESTING PAGE: POST /users/sign_in with {"commit"=>"Sign In", "utf8"=>"✓", "user"=>{"remember_me"=>"0", "email"=>"person1@example.com", "password"=>"password"}} and HTTP headers {"HTTP_REFERER"=>"/users/sign_in"}
REQUESTING PAGE: GET http://www.example.com/ with {} and HTTP headers {"HTTP_REFERER"=>"/users/sign_in"}
REQUESTING PAGE: GET /admin/ with {} and HTTP headers {"HTTP_REFERER"=>"http://www.example.com/"}
REQUESTING PAGE: GET http://www.example.com/ with {} and HTTP headers {"HTTP_REFERER"=>"/admin/"}
REQUESTING PAGE: GET /users/sign_in with {} and HTTP headers {}
REQUESTING PAGE: POST /users/sign_in with {"commit"=>"Sign In", "utf8"=>"✓", "user"=>{"remember_me"=>"0", "email"=>"person2@example.com", "password"=>"password"}} and HTTP headers {"HTTP_REFERER"=>"/users/sign_in"}
REQUESTING PAGE: GET http://www.example.com/ with {} and HTTP headers {"HTTP_REFERER"=>"/users/sign_in"}
REQUESTING PAGE: GET /admin/ with {} and HTTP headers {"HTTP_REFERER"=>"http://www.example.com/"}
REQUESTING PAGE: GET /users/sign_in with {} and HTTP headers {}
REQUESTING PAGE: POST /users/sign_in with {"commit"=>"Sign In", "utf8"=>"✓", "user"=>{"remember_me"=>"0", "email"=>"person3@example.com", "password"=>"password"}} and HTTP headers {"HTTP_REFERER"=>"/users/sign_in"}
REQUESTING PAGE: GET http://www.example.com/ with {} and HTTP headers {"HTTP_REFERER"=>"/users/sign_in"}
REQUESTING PAGE: GET /admin/ with {} and HTTP headers {"HTTP_REFERER"=>"http://www.example.com/"}
REQUESTING PAGE: GET /admin/page with {} and HTTP headers {"HTTP_REFERER"=>"/admin/"}
REQUESTING PAGE: GET /users/sign_in with {} and HTTP headers {}
REQUESTING PAGE: POST /users/sign_in with {"commit"=>"Sign In", "utf8"=>"✓", "user"=>{"remember_me"=>"0", "email"=>"person4@example.com", "password"=>"password"}} and HTTP headers {"HTTP_REFERER"=>"/users/sign_in"}
REQUESTING PAGE: GET http://www.example.com/ with {} and HTTP headers {"HTTP_REFERER"=>"/users/sign_in"}
REQUESTING PAGE: GET /admin/ with {} and HTTP headers {"HTTP_REFERER"=>"http://www.example.com/"}
REQUESTING PAGE: GET /admin/user with {} and HTTP headers {"HTTP_REFERER"=>"/admin/"}
REQUESTING PAGE: GET /users/sign_in with {} and HTTP headers {}
REQUESTING PAGE: POST /users/sign_in with {"commit"=>"Sign In", "utf8"=>"✓", "user"=>{"remember_me"=>"0", "email"=>"person5@example.com", "password"=>"password"}} and HTTP headers {"HTTP_REFERER"=>"/users/sign_in"}
REQUESTING PAGE: GET http://www.example.com/ with {} and HTTP headers {"HTTP_REFERER"=>"/users/sign_in"}
REQUESTING PAGE: GET /admin/ with {} and HTTP headers {"HTTP_REFERER"=>"http://www.example.com/"}
REQUESTING PAGE: GET /users/sign_in with {} and HTTP headers {}
REQUESTING PAGE: POST /users/sign_in with {"commit"=>"Sign In", "utf8"=>"✓", "user"=>{"remember_me"=>"0", "email"=>"bogus@example.com", "password"=>"not-the-password"}} and HTTP headers {"HTTP_REFERER"=>"/users/sign_in"}
REQUESTING PAGE: GET /users/sign_up with {} and HTTP headers {}
REQUESTING PAGE: POST /users with {"commit"=>"Sign Up", "utf8"=>"✓", "user"=>{"email"=>"person6@example.com", "password_confirmation"=>"password", "password"=>"password"}} and HTTP headers {"HTTP_REFERER"=>"/users/sign_up"}
REQUESTING PAGE: GET http://www.example.com/ with {} and HTTP headers {"HTTP_REFERER"=>"/users"}
REQUESTING PAGE: GET /users/sign_in with {} and HTTP headers {}
REQUESTING PAGE: POST /users/sign_in with {"commit"=>"Sign In", "utf8"=>"✓", "user"=>{"remember_me"=>"0", "email"=>"person7@example.com", "password"=>"password"}} and HTTP headers {"HTTP_REFERER"=>"/users/sign_in"}
REQUESTING PAGE: GET http://www.example.com/ with {} and HTTP headers {"HTTP_REFERER"=>"/users/sign_in"}
