Connecting to database specified by database.yml
Creating scope :page. Overwriting existing method Coletivo::Models::PersonRating.page.
Creating scope :page. Overwriting existing method ActsAsTaggableOn::Tag.page.
Creating scope :page. Overwriting existing method ActsAsTaggableOn::Tagging.page.
Connecting to database specified by database.yml
Creating scope :page. Overwriting existing method Coletivo::Models::PersonRating.page.
Creating scope :page. Overwriting existing method ActsAsTaggableOn::Tag.page.
Creating scope :page. Overwriting existing method ActsAsTaggableOn::Tagging.page.
Connecting to database specified by database.yml
Creating scope :page. Overwriting existing method Coletivo::Models::PersonRating.page.
Creating scope :page. Overwriting existing method ActsAsTaggableOn::Tag.page.
Creating scope :page. Overwriting existing method ActsAsTaggableOn::Tagging.page.
Connecting to database specified by database.yml
Creating scope :page. Overwriting existing method Coletivo::Models::PersonRating.page.
Creating scope :page. Overwriting existing method ActsAsTaggableOn::Tag.page.
Creating scope :page. Overwriting existing method ActsAsTaggableOn::Tagging.page.
Creating scope :page. Overwriting existing method User.page.
Creating scope :page. Overwriting existing method PublicActivity::ORM::ActiveRecord::Activity.page.
  [1m[36m (13.3ms)[0m  [1mselect sqlite_version(*)[0m
  [1m[35m (59.9ms)[0m  CREATE TABLE "schema_migrations" ("version" varchar(255) NOT NULL) 
  [1m[36m (20.8ms)[0m  [1mCREATE UNIQUE INDEX "unique_schema_migrations" ON "schema_migrations" ("version")[0m
  [1m[35m (72.2ms)[0m  SELECT "schema_migrations"."version" FROM "schema_migrations" 
Connecting to database specified by database.yml
Creating scope :page. Overwriting existing method Coletivo::Models::PersonRating.page.
Creating scope :page. Overwriting existing method ActsAsTaggableOn::Tag.page.
Creating scope :page. Overwriting existing method ActsAsTaggableOn::Tagging.page.
Creating scope :page. Overwriting existing method User.page.
Creating scope :page. Overwriting existing method PublicActivity::ORM::ActiveRecord::Activity.page.
Connecting to database specified by database.yml
Creating scope :page. Overwriting existing method Coletivo::Models::PersonRating.page.
Creating scope :page. Overwriting existing method ActsAsTaggableOn::Tag.page.
Creating scope :page. Overwriting existing method ActsAsTaggableOn::Tagging.page.
Creating scope :page. Overwriting existing method User.page.
Creating scope :page. Overwriting existing method PublicActivity::ORM::ActiveRecord::Activity.page.
Connecting to database specified by database.yml
Creating scope :page. Overwriting existing method Coletivo::Models::PersonRating.page.
Creating scope :page. Overwriting existing method ActsAsTaggableOn::Tag.page.
Creating scope :page. Overwriting existing method ActsAsTaggableOn::Tagging.page.
Creating scope :page. Overwriting existing method User.page.
Creating scope :page. Overwriting existing method PublicActivity::ORM::ActiveRecord::Activity.page.
Creating scope :page. Overwriting existing method Ckeditor::Asset.page.
Creating scope :page. Overwriting existing method Comment.page.
Creating scope :page. Overwriting existing method Follow.page.
Creating scope :page. Overwriting existing method Group.page.
Creating scope :page. Overwriting existing method Message.page.
Creating scope :page. Overwriting existing method Page.page.
Creating scope :page. Overwriting existing method Role.page.
Creating scope :page. Overwriting existing method Status.page.
Connecting to database specified by database.yml
Creating scope :page. Overwriting existing method Coletivo::Models::PersonRating.page.
Creating scope :page. Overwriting existing method ActsAsTaggableOn::Tag.page.
Creating scope :page. Overwriting existing method ActsAsTaggableOn::Tagging.page.
Creating scope :page. Overwriting existing method User.page.
Creating scope :page. Overwriting existing method PublicActivity::ORM::ActiveRecord::Activity.page.
Connecting to database specified by database.yml
Creating scope :page. Overwriting existing method Coletivo::Models::PersonRating.page.
Creating scope :page. Overwriting existing method ActsAsTaggableOn::Tag.page.
Creating scope :page. Overwriting existing method ActsAsTaggableOn::Tagging.page.
Creating scope :page. Overwriting existing method User.page.
Creating scope :page. Overwriting existing method PublicActivity::ORM::ActiveRecord::Activity.page.
Connecting to database specified by database.yml
Creating scope :page. Overwriting existing method Coletivo::Models::PersonRating.page.
Creating scope :page. Overwriting existing method ActsAsTaggableOn::Tag.page.
Creating scope :page. Overwriting existing method ActsAsTaggableOn::Tagging.page.
Creating scope :page. Overwriting existing method User.page.
Creating scope :page. Overwriting existing method PublicActivity::ORM::ActiveRecord::Activity.page.
Connecting to database specified by database.yml
Creating scope :page. Overwriting existing method Coletivo::Models::PersonRating.page.
Creating scope :page. Overwriting existing method ActsAsTaggableOn::Tag.page.
Creating scope :page. Overwriting existing method ActsAsTaggableOn::Tagging.page.
Creating scope :page. Overwriting existing method User.page.
Creating scope :page. Overwriting existing method PublicActivity::ORM::ActiveRecord::Activity.page.
Connecting to database specified by database.yml
Creating scope :page. Overwriting existing method Coletivo::Models::PersonRating.page.
Creating scope :page. Overwriting existing method ActsAsTaggableOn::Tag.page.
Creating scope :page. Overwriting existing method ActsAsTaggableOn::Tagging.page.
Creating scope :page. Overwriting existing method User.page.
Creating scope :page. Overwriting existing method PublicActivity::ORM::ActiveRecord::Activity.page.
Connecting to database specified by database.yml
Creating scope :page. Overwriting existing method Coletivo::Models::PersonRating.page.
Creating scope :page. Overwriting existing method ActsAsTaggableOn::Tag.page.
Creating scope :page. Overwriting existing method ActsAsTaggableOn::Tagging.page.
Creating scope :page. Overwriting existing method User.page.
Creating scope :page. Overwriting existing method PublicActivity::ORM::ActiveRecord::Activity.page.
  [1m[36m (18.6ms)[0m  [1mSELECT "schema_migrations"."version" FROM "schema_migrations" [0m
Migrating to CreateCkeditorAssets (20130829123758)
  [1m[35m (0.1ms)[0m  select sqlite_version(*)
  [1m[36m (0.1ms)[0m  [1mbegin transaction[0m
  [1m[35m (13.3ms)[0m  CREATE TABLE "ckeditor_assets" ("id" INTEGER PRIMARY KEY AUTOINCREMENT NOT NULL, "data_file_name" varchar(255) NOT NULL, "data_content_type" varchar(255), "data_file_size" integer, "assetable_id" integer, "assetable_type" varchar(30), "type" varchar(30), "width" integer, "height" integer, "created_at" datetime NOT NULL, "updated_at" datetime NOT NULL) 
  [1m[36m (0.3ms)[0m  [1mCREATE INDEX "idx_ckeditor_assetable_type" ON "ckeditor_assets" ("assetable_type", "type", "assetable_id")[0m
  [1m[35m (21.4ms)[0m  CREATE INDEX "idx_ckeditor_assetable" ON "ckeditor_assets" ("assetable_type", "assetable_id")
  [1m[36m (0.3ms)[0m  [1mINSERT INTO "schema_migrations" ("version") VALUES ('20130829123758')[0m
  [1m[35m (55.2ms)[0m  commit transaction
Migrating to CreateMessagesTable (20130829183759)
  [1m[36m (0.1ms)[0m  [1mbegin transaction[0m
  [1m[35m (0.8ms)[0m  CREATE TABLE "messages" ("id" INTEGER PRIMARY KEY AUTOINCREMENT NOT NULL, "sender_id" integer, "recipient_id" integer, "parent_id" integer, "subject" varchar(255), "body" text, "deleted_by_sender" boolean, "deleted_by_recipient" boolean, "read_at" datetime, "created_at" datetime NOT NULL, "updated_at" datetime NOT NULL) 
  [1m[36m (1.7ms)[0m  [1mCREATE INDEX "index_messages_on_sender_id_and_deleted_by_sender" ON "messages" ("sender_id", "deleted_by_sender")[0m
  [1m[35m (0.4ms)[0m  CREATE INDEX "index_messages_on_recipient_id_and_deleted_by_recipient" ON "messages" ("recipient_id", "deleted_by_recipient")
  [1m[36m (0.3ms)[0m  [1mCREATE INDEX "index_messages_on_parent_id" ON "messages" ("parent_id")[0m
  [1m[35m (6.3ms)[0m  INSERT INTO "schema_migrations" ("version") VALUES ('20130829183759')
  [1m[36m (33.7ms)[0m  [1mcommit transaction[0m
Migrating to CreatePagesTable (20130829183760)
  [1m[35m (0.1ms)[0m  begin transaction
  [1m[36m (12.3ms)[0m  [1mCREATE TABLE "pages" ("id" INTEGER PRIMARY KEY AUTOINCREMENT NOT NULL, "parent_id" integer, "pageable_type" varchar(255), "pageable_id" integer, "slug" varchar(255), "title" varchar(255), "description" text, "keywords" text, "body" text, "public" boolean, "created_at" datetime NOT NULL, "updated_at" datetime NOT NULL) [0m
  [1m[35m (0.3ms)[0m  CREATE INDEX "index_pages_on_slug" ON "pages" ("slug")
  [1m[36m (1.7ms)[0m  [1mCREATE INDEX "index_pages_on_parent_id" ON "pages" ("parent_id")[0m
  [1m[35m (5.2ms)[0m  CREATE INDEX "index_pages_on_pageable_type_and_pageable_id" ON "pages" ("pageable_type", "pageable_id")
  [1m[36m (2.5ms)[0m  [1mINSERT INTO "schema_migrations" ("version") VALUES ('20130829183760')[0m
  [1m[35m (30.4ms)[0m  commit transaction
Migrating to CreateRolesTable (20130829183761)
  [1m[36m (0.1ms)[0m  [1mbegin transaction[0m
  [1m[35m (5.3ms)[0m  CREATE TABLE "roles" ("id" INTEGER PRIMARY KEY AUTOINCREMENT NOT NULL, "name" varchar(255), "authorizable_type" varchar(255), "authorizable_id" integer, "created_at" datetime NOT NULL, "updated_at" datetime NOT NULL) 
  [1m[36m (0.3ms)[0m  [1mINSERT INTO "schema_migrations" ("version") VALUES ('20130829183761')[0m
  [1m[35m (36.1ms)[0m  commit transaction
Migrating to CreateRolesUsersTable (20130829183762)
  [1m[36m (0.1ms)[0m  [1mbegin transaction[0m
  [1m[35m (2.4ms)[0m  CREATE TABLE "roles_users" ("user_id" integer, "role_id" integer) 
  [1m[36m (0.2ms)[0m  [1mINSERT INTO "schema_migrations" ("version") VALUES ('20130829183762')[0m
  [1m[35m (17.4ms)[0m  commit transaction
Migrating to CreateGroupsTable (20130829183763)
  [1m[36m (0.1ms)[0m  [1mbegin transaction[0m
  [1m[35m (3.1ms)[0m  CREATE TABLE "groups" ("id" INTEGER PRIMARY KEY AUTOINCREMENT NOT NULL, "name" varchar(255), "description" text, "public" boolean DEFAULT 't', "created_at" datetime NOT NULL, "updated_at" datetime NOT NULL) 
  [1m[36m (17.5ms)[0m  [1mINSERT INTO "schema_migrations" ("version") VALUES ('20130829183763')[0m
  [1m[35m (33.6ms)[0m  commit transaction
Migrating to CreateStatusesTable (20130829183764)
  [1m[36m (0.1ms)[0m  [1mbegin transaction[0m
  [1m[35m (1.0ms)[0m  CREATE TABLE "statuses" ("id" INTEGER PRIMARY KEY AUTOINCREMENT NOT NULL, "user_id" integer, "shareable_type" varchar(255), "shareable_id" integer, "body" text, "url" varchar(255), "title" varchar(255), "description" text, "media_url" varchar(255), "media_type" varchar(255), "created_at" datetime NOT NULL, "updated_at" datetime NOT NULL) 
DEPRECATION WARNING: Method `t.has_attached_file` in the migration has been deprecated and will be replaced by `t.attachment`. (called from block in change at /home/work/Sites/cooperative/spec/dummy/db/migrate/20130829183764_create_statuses_table.rb:17)
  [1m[36m (0.4ms)[0m  [1mALTER TABLE "statuses" ADD "image_file_name" varchar(255)[0m
  [1m[35m (0.8ms)[0m  ALTER TABLE "statuses" ADD "image_content_type" varchar(255)
  [1m[36m (0.9ms)[0m  [1mALTER TABLE "statuses" ADD "image_file_size" integer[0m
  [1m[35m (0.3ms)[0m  ALTER TABLE "statuses" ADD "image_updated_at" datetime
  [1m[36m (0.4ms)[0m  [1mCREATE INDEX "index_statuses_on_user_id" ON "statuses" ("user_id")[0m
  [1m[35m (0.3ms)[0m  CREATE INDEX "index_statuses_on_shareable_type_and_shareable_id" ON "statuses" ("shareable_type", "shareable_id")
  [1m[36m (2.3ms)[0m  [1mINSERT INTO "schema_migrations" ("version") VALUES ('20130829183764')[0m
  [1m[35m (22.4ms)[0m  commit transaction
Migrating to CreateCommentsTable (20130829183765)
  [1m[36m (0.1ms)[0m  [1mbegin transaction[0m
  [1m[35m (4.7ms)[0m  CREATE TABLE "comments" ("id" INTEGER PRIMARY KEY AUTOINCREMENT NOT NULL, "user_id" integer, "commentable_type" varchar(255), "commentable_id" integer, "body" text, "created_at" datetime NOT NULL, "updated_at" datetime NOT NULL) 
  [1m[36m (0.3ms)[0m  [1mCREATE INDEX "index_comments_on_user_id" ON "comments" ("user_id")[0m
  [1m[35m (1.2ms)[0m  CREATE INDEX "index_comments_on_commentable_type_and_commentable_id" ON "comments" ("commentable_type", "commentable_id")
  [1m[36m (0.3ms)[0m  [1mINSERT INTO "schema_migrations" ("version") VALUES ('20130829183765')[0m
  [1m[35m (31.4ms)[0m  commit transaction
Migrating to AddFieldsToUsers (20130829183766)
  [1m[36m (0.1ms)[0m  [1mbegin transaction[0m
  [1m[35m (3.7ms)[0m  ALTER TABLE "users" ADD "nickname" varchar(255)
SQLite3::SQLException: no such table: users: ALTER TABLE "users" ADD "nickname" varchar(255)
  [1m[36m (0.1ms)[0m  [1mrollback transaction[0m
Connecting to database specified by database.yml
Creating scope :page. Overwriting existing method Coletivo::Models::PersonRating.page.
Creating scope :page. Overwriting existing method ActsAsTaggableOn::Tag.page.
Creating scope :page. Overwriting existing method ActsAsTaggableOn::Tagging.page.
Creating scope :page. Overwriting existing method User.page.
Creating scope :page. Overwriting existing method PublicActivity::ORM::ActiveRecord::Activity.page.
  [1m[36m (8.5ms)[0m  [1mSELECT "schema_migrations"."version" FROM "schema_migrations" [0m
  [1m[35m (1.6ms)[0m  SELECT "schema_migrations"."version" FROM "schema_migrations" 
Migrating to CreateCommentsTable (20130829183765)
  [1m[36m (0.1ms)[0m  [1mselect sqlite_version(*)[0m
  [1m[35m (0.1ms)[0m  begin transaction
  [1m[36m (0.7ms)[0m  [1mDROP INDEX "index_comments_on_commentable_type_and_commentable_id"[0m
  [1m[35m (1.8ms)[0m  DROP INDEX "index_comments_on_user_id"
  [1m[36m (0.6ms)[0m  [1mDROP TABLE "comments"[0m
  [1m[35m (0.2ms)[0m  DELETE FROM "schema_migrations" WHERE "schema_migrations"."version" = '20130829183765'
  [1m[36m (113.9ms)[0m  [1mcommit transaction[0m
  [1m[35m (0.1ms)[0m  SELECT "schema_migrations"."version" FROM "schema_migrations" 
Connecting to database specified by database.yml
Creating scope :page. Overwriting existing method Coletivo::Models::PersonRating.page.
Creating scope :page. Overwriting existing method ActsAsTaggableOn::Tag.page.
Creating scope :page. Overwriting existing method ActsAsTaggableOn::Tagging.page.
Creating scope :page. Overwriting existing method User.page.
Creating scope :page. Overwriting existing method PublicActivity::ORM::ActiveRecord::Activity.page.
Connecting to database specified by database.yml
Creating scope :page. Overwriting existing method Coletivo::Models::PersonRating.page.
Creating scope :page. Overwriting existing method ActsAsTaggableOn::Tag.page.
Creating scope :page. Overwriting existing method ActsAsTaggableOn::Tagging.page.
Connecting to database specified by database.yml
Creating scope :page. Overwriting existing method Coletivo::Models::PersonRating.page.
Creating scope :page. Overwriting existing method ActsAsTaggableOn::Tag.page.
Creating scope :page. Overwriting existing method ActsAsTaggableOn::Tagging.page.
Connecting to database specified by database.yml
Creating scope :page. Overwriting existing method Coletivo::Models::PersonRating.page.
Creating scope :page. Overwriting existing method ActsAsTaggableOn::Tag.page.
Creating scope :page. Overwriting existing method ActsAsTaggableOn::Tagging.page.
Connecting to database specified by database.yml
Creating scope :page. Overwriting existing method Coletivo::Models::PersonRating.page.
Creating scope :page. Overwriting existing method ActsAsTaggableOn::Tag.page.
Creating scope :page. Overwriting existing method ActsAsTaggableOn::Tagging.page.
Connecting to database specified by database.yml
Creating scope :page. Overwriting existing method Coletivo::Models::PersonRating.page.
Creating scope :page. Overwriting existing method ActsAsTaggableOn::Tag.page.
Creating scope :page. Overwriting existing method ActsAsTaggableOn::Tagging.page.
Connecting to database specified by database.yml
Creating scope :page. Overwriting existing method Coletivo::Models::PersonRating.page.
Creating scope :page. Overwriting existing method ActsAsTaggableOn::Tag.page.
Creating scope :page. Overwriting existing method ActsAsTaggableOn::Tagging.page.
Connecting to database specified by database.yml
Creating scope :page. Overwriting existing method Coletivo::Models::PersonRating.page.
Creating scope :page. Overwriting existing method ActsAsTaggableOn::Tag.page.
Creating scope :page. Overwriting existing method ActsAsTaggableOn::Tagging.page.
Connecting to database specified by database.yml
Creating scope :page. Overwriting existing method Coletivo::Models::PersonRating.page.
Creating scope :page. Overwriting existing method ActsAsTaggableOn::Tag.page.
Creating scope :page. Overwriting existing method ActsAsTaggableOn::Tagging.page.
Connecting to database specified by database.yml
Creating scope :page. Overwriting existing method Coletivo::Models::PersonRating.page.
Creating scope :page. Overwriting existing method ActsAsTaggableOn::Tag.page.
Creating scope :page. Overwriting existing method ActsAsTaggableOn::Tagging.page.
Connecting to database specified by database.yml
Creating scope :page. Overwriting existing method Coletivo::Models::PersonRating.page.
Creating scope :page. Overwriting existing method ActsAsTaggableOn::Tag.page.
Creating scope :page. Overwriting existing method ActsAsTaggableOn::Tagging.page.
Creating scope :page. Overwriting existing method User.page.
Creating scope :page. Overwriting existing method PublicActivity::ORM::ActiveRecord::Activity.page.
  [1m[36m (0.2ms)[0m  [1mselect sqlite_version(*)[0m
  [1m[35m (55.1ms)[0m  CREATE TABLE "schema_migrations" ("version" varchar(255) NOT NULL) 
  [1m[36m (33.7ms)[0m  [1mCREATE UNIQUE INDEX "unique_schema_migrations" ON "schema_migrations" ("version")[0m
  [1m[35m (32.5ms)[0m  SELECT "schema_migrations"."version" FROM "schema_migrations" 
Migrating to CreateCommentsTable (20130829190822)
  [1m[36m (0.1ms)[0m  [1mbegin transaction[0m
  [1m[35m (1.1ms)[0m  CREATE TABLE "comments" ("id" INTEGER PRIMARY KEY AUTOINCREMENT NOT NULL, "user_id" integer, "commentable_type" varchar(255), "commentable_id" integer, "body" text, "created_at" datetime NOT NULL, "updated_at" datetime NOT NULL) 
  [1m[36m (1.1ms)[0m  [1mCREATE INDEX "index_comments_on_user_id" ON "comments" ("user_id")[0m
  [1m[35m (1.0ms)[0m  CREATE INDEX "index_comments_on_commentable_type_and_commentable_id" ON "comments" ("commentable_type", "commentable_id")
  [1m[36m (0.3ms)[0m  [1mINSERT INTO "schema_migrations" ("version") VALUES ('20130829190822')[0m
  [1m[35m (23.2ms)[0m  commit transaction
Migrating to AddFieldsToUsers (20130829190823)
  [1m[36m (0.1ms)[0m  [1mbegin transaction[0m
  [1m[35m (0.4ms)[0m  ALTER TABLE "users" ADD "nickname" varchar(255)
SQLite3::SQLException: no such table: users: ALTER TABLE "users" ADD "nickname" varchar(255)
  [1m[36m (0.1ms)[0m  [1mrollback transaction[0m
Connecting to database specified by database.yml
Creating scope :page. Overwriting existing method Coletivo::Models::PersonRating.page.
Creating scope :page. Overwriting existing method ActsAsTaggableOn::Tag.page.
Creating scope :page. Overwriting existing method ActsAsTaggableOn::Tagging.page.
Creating scope :page. Overwriting existing method User.page.
Creating scope :page. Overwriting existing method PublicActivity::ORM::ActiveRecord::Activity.page.
  [1m[36m (5.9ms)[0m  [1mSELECT "schema_migrations"."version" FROM "schema_migrations" [0m
  [1m[35m (0.1ms)[0m  SELECT "schema_migrations"."version" FROM "schema_migrations" 
Migrating to CreateCommentsTable (20130829190822)
  [1m[36m (0.1ms)[0m  [1mselect sqlite_version(*)[0m
  [1m[35m (0.1ms)[0m  begin transaction
  [1m[36m (6.7ms)[0m  [1mDROP INDEX "index_comments_on_commentable_type_and_commentable_id"[0m
  [1m[35m (0.3ms)[0m  DROP INDEX "index_comments_on_user_id"
  [1m[36m (0.3ms)[0m  [1mDROP TABLE "comments"[0m
  [1m[35m (1.2ms)[0m  DELETE FROM "schema_migrations" WHERE "schema_migrations"."version" = '20130829190822'
  [1m[36m (30.5ms)[0m  [1mcommit transaction[0m
  [1m[35m (0.0ms)[0m  SELECT "schema_migrations"."version" FROM "schema_migrations" 
Connecting to database specified by database.yml
Creating scope :page. Overwriting existing method Coletivo::Models::PersonRating.page.
Creating scope :page. Overwriting existing method ActsAsTaggableOn::Tag.page.
Creating scope :page. Overwriting existing method ActsAsTaggableOn::Tagging.page.
Creating scope :page. Overwriting existing method User.page.
Creating scope :page. Overwriting existing method PublicActivity::ORM::ActiveRecord::Activity.page.
Connecting to database specified by database.yml
Creating scope :page. Overwriting existing method Coletivo::Models::PersonRating.page.
Creating scope :page. Overwriting existing method ActsAsTaggableOn::Tag.page.
Creating scope :page. Overwriting existing method ActsAsTaggableOn::Tagging.page.
Creating scope :page. Overwriting existing method User.page.
Creating scope :page. Overwriting existing method PublicActivity::ORM::ActiveRecord::Activity.page.
Connecting to database specified by database.yml
Creating scope :page. Overwriting existing method Coletivo::Models::PersonRating.page.
Creating scope :page. Overwriting existing method ActsAsTaggableOn::Tag.page.
Creating scope :page. Overwriting existing method ActsAsTaggableOn::Tagging.page.
Creating scope :page. Overwriting existing method User.page.
Creating scope :page. Overwriting existing method PublicActivity::ORM::ActiveRecord::Activity.page.
Connecting to database specified by database.yml
Creating scope :page. Overwriting existing method Coletivo::Models::PersonRating.page.
Creating scope :page. Overwriting existing method ActsAsTaggableOn::Tag.page.
Creating scope :page. Overwriting existing method ActsAsTaggableOn::Tagging.page.
Creating scope :page. Overwriting existing method User.page.
Creating scope :page. Overwriting existing method PublicActivity::ORM::ActiveRecord::Activity.page.
Connecting to database specified by database.yml
Creating scope :page. Overwriting existing method Coletivo::Models::PersonRating.page.
Creating scope :page. Overwriting existing method ActsAsTaggableOn::Tag.page.
Creating scope :page. Overwriting existing method ActsAsTaggableOn::Tagging.page.
Creating scope :page. Overwriting existing method User.page.
Creating scope :page. Overwriting existing method PublicActivity::ORM::ActiveRecord::Activity.page.
Connecting to database specified by database.yml
Creating scope :page. Overwriting existing method Coletivo::Models::PersonRating.page.
Creating scope :page. Overwriting existing method ActsAsTaggableOn::Tag.page.
Creating scope :page. Overwriting existing method ActsAsTaggableOn::Tagging.page.
Creating scope :page. Overwriting existing method User.page.
Creating scope :page. Overwriting existing method PublicActivity::ORM::ActiveRecord::Activity.page.
Creating scope :page. Overwriting existing method Ckeditor::Asset.page.
Creating scope :page. Overwriting existing method Comment.page.
Creating scope :page. Overwriting existing method Follow.page.
Creating scope :page. Overwriting existing method Group.page.
Creating scope :page. Overwriting existing method Message.page.
Creating scope :page. Overwriting existing method Page.page.
Creating scope :page. Overwriting existing method Role.page.
Creating scope :page. Overwriting existing method Status.page.
Connecting to database specified by database.yml
Creating scope :page. Overwriting existing method Coletivo::Models::PersonRating.page.
Creating scope :page. Overwriting existing method ActsAsTaggableOn::Tag.page.
Creating scope :page. Overwriting existing method ActsAsTaggableOn::Tagging.page.
Creating scope :page. Overwriting existing method User.page.
Creating scope :page. Overwriting existing method PublicActivity::ORM::ActiveRecord::Activity.page.
Connecting to database specified by database.yml
Creating scope :page. Overwriting existing method Coletivo::Models::PersonRating.page.
Creating scope :page. Overwriting existing method ActsAsTaggableOn::Tag.page.
Creating scope :page. Overwriting existing method ActsAsTaggableOn::Tagging.page.
Creating scope :page. Overwriting existing method User.page.
Creating scope :page. Overwriting existing method PublicActivity::ORM::ActiveRecord::Activity.page.
Connecting to database specified by database.yml
Creating scope :page. Overwriting existing method Coletivo::Models::PersonRating.page.
Creating scope :page. Overwriting existing method ActsAsTaggableOn::Tag.page.
Creating scope :page. Overwriting existing method ActsAsTaggableOn::Tagging.page.
Creating scope :page. Overwriting existing method User.page.
Creating scope :page. Overwriting existing method PublicActivity::ORM::ActiveRecord::Activity.page.
Connecting to database specified by database.yml
Creating scope :page. Overwriting existing method Coletivo::Models::PersonRating.page.
Creating scope :page. Overwriting existing method ActsAsTaggableOn::Tag.page.
Creating scope :page. Overwriting existing method ActsAsTaggableOn::Tagging.page.
Creating scope :page. Overwriting existing method User.page.
Creating scope :page. Overwriting existing method PublicActivity::ORM::ActiveRecord::Activity.page.
Connecting to database specified by database.yml
Creating scope :page. Overwriting existing method Coletivo::Models::PersonRating.page.
Creating scope :page. Overwriting existing method ActsAsTaggableOn::Tag.page.
Creating scope :page. Overwriting existing method ActsAsTaggableOn::Tagging.page.
Creating scope :page. Overwriting existing method User.page.
Creating scope :page. Overwriting existing method PublicActivity::ORM::ActiveRecord::Activity.page.
Connecting to database specified by database.yml
Creating scope :page. Overwriting existing method Coletivo::Models::PersonRating.page.
Creating scope :page. Overwriting existing method ActsAsTaggableOn::Tag.page.
Creating scope :page. Overwriting existing method ActsAsTaggableOn::Tagging.page.
Creating scope :page. Overwriting existing method User.page.
Creating scope :page. Overwriting existing method PublicActivity::ORM::ActiveRecord::Activity.page.
Connecting to database specified by database.yml
Creating scope :page. Overwriting existing method Coletivo::Models::PersonRating.page.
Creating scope :page. Overwriting existing method ActsAsTaggableOn::Tag.page.
Creating scope :page. Overwriting existing method ActsAsTaggableOn::Tagging.page.
Creating scope :page. Overwriting existing method User.page.
Creating scope :page. Overwriting existing method PublicActivity::ORM::ActiveRecord::Activity.page.
Connecting to database specified by database.yml
Creating scope :page. Overwriting existing method Coletivo::Models::PersonRating.page.
Creating scope :page. Overwriting existing method ActsAsTaggableOn::Tag.page.
Creating scope :page. Overwriting existing method ActsAsTaggableOn::Tagging.page.
Connecting to database specified by database.yml
Creating scope :page. Overwriting existing method Coletivo::Models::PersonRating.page.
Creating scope :page. Overwriting existing method ActsAsTaggableOn::Tag.page.
Creating scope :page. Overwriting existing method ActsAsTaggableOn::Tagging.page.
Creating scope :page. Overwriting existing method User.page.
Creating scope :page. Overwriting existing method PublicActivity::ORM::ActiveRecord::Activity.page.
Connecting to database specified by database.yml
Creating scope :page. Overwriting existing method Coletivo::Models::PersonRating.page.
Creating scope :page. Overwriting existing method ActsAsTaggableOn::Tag.page.
Creating scope :page. Overwriting existing method ActsAsTaggableOn::Tagging.page.
Creating scope :page. Overwriting existing method User.page.
Creating scope :page. Overwriting existing method PublicActivity::ORM::ActiveRecord::Activity.page.
Connecting to database specified by database.yml
Creating scope :page. Overwriting existing method Coletivo::Models::PersonRating.page.
Creating scope :page. Overwriting existing method ActsAsTaggableOn::Tag.page.
Creating scope :page. Overwriting existing method ActsAsTaggableOn::Tagging.page.
Creating scope :page. Overwriting existing method User.page.
Creating scope :page. Overwriting existing method PublicActivity::ORM::ActiveRecord::Activity.page.
Connecting to database specified by database.yml
Creating scope :page. Overwriting existing method Coletivo::Models::PersonRating.page.
Creating scope :page. Overwriting existing method ActsAsTaggableOn::Tag.page.
Creating scope :page. Overwriting existing method ActsAsTaggableOn::Tagging.page.
Creating scope :page. Overwriting existing method User.page.
Creating scope :page. Overwriting existing method PublicActivity::ORM::ActiveRecord::Activity.page.
Connecting to database specified by database.yml
Creating scope :page. Overwriting existing method Coletivo::Models::PersonRating.page.
Creating scope :page. Overwriting existing method ActsAsTaggableOn::Tag.page.
Creating scope :page. Overwriting existing method ActsAsTaggableOn::Tagging.page.
Creating scope :page. Overwriting existing method User.page.
Creating scope :page. Overwriting existing method PublicActivity::ORM::ActiveRecord::Activity.page.
Connecting to database specified by database.yml
Creating scope :page. Overwriting existing method Coletivo::Models::PersonRating.page.
Creating scope :page. Overwriting existing method ActsAsTaggableOn::Tag.page.
Creating scope :page. Overwriting existing method ActsAsTaggableOn::Tagging.page.
Creating scope :page. Overwriting existing method User.page.
Creating scope :page. Overwriting existing method PublicActivity::ORM::ActiveRecord::Activity.page.
Connecting to database specified by database.yml
Creating scope :page. Overwriting existing method Coletivo::Models::PersonRating.page.
Creating scope :page. Overwriting existing method ActsAsTaggableOn::Tag.page.
Creating scope :page. Overwriting existing method ActsAsTaggableOn::Tagging.page.
Creating scope :page. Overwriting existing method User.page.
Creating scope :page. Overwriting existing method PublicActivity::ORM::ActiveRecord::Activity.page.
Creating scope :page. Overwriting existing method Ckeditor::Asset.page.
Creating scope :page. Overwriting existing method Comment.page.
Creating scope :page. Overwriting existing method Follow.page.
Creating scope :page. Overwriting existing method Group.page.
Creating scope :page. Overwriting existing method Message.page.
Creating scope :page. Overwriting existing method Page.page.
Creating scope :page. Overwriting existing method Role.page.
Creating scope :page. Overwriting existing method Status.page.
Connecting to database specified by database.yml
Creating scope :page. Overwriting existing method Coletivo::Models::PersonRating.page.
Creating scope :page. Overwriting existing method ActsAsTaggableOn::Tag.page.
Creating scope :page. Overwriting existing method ActsAsTaggableOn::Tagging.page.
Creating scope :page. Overwriting existing method User.page.
Creating scope :page. Overwriting existing method PublicActivity::ORM::ActiveRecord::Activity.page.
  [1m[36m (16.9ms)[0m  [1mSELECT "schema_migrations"."version" FROM "schema_migrations" [0m
Migrating to CreateCkeditorAssets (20130829134004)
  [1m[35m (0.1ms)[0m  select sqlite_version(*)
  [1m[36m (0.1ms)[0m  [1mbegin transaction[0m
  [1m[35m (34.7ms)[0m  CREATE TABLE "ckeditor_assets" ("id" INTEGER PRIMARY KEY AUTOINCREMENT NOT NULL, "data_file_name" varchar(255) NOT NULL, "data_content_type" varchar(255), "data_file_size" integer, "assetable_id" integer, "assetable_type" varchar(30), "type" varchar(30), "width" integer, "height" integer, "created_at" datetime NOT NULL, "updated_at" datetime NOT NULL) 
  [1m[36m (0.2ms)[0m  [1mCREATE INDEX "idx_ckeditor_assetable_type" ON "ckeditor_assets" ("assetable_type", "type", "assetable_id")[0m
  [1m[35m (0.1ms)[0m  CREATE INDEX "idx_ckeditor_assetable" ON "ckeditor_assets" ("assetable_type", "assetable_id")
  [1m[36m (1.5ms)[0m  [1mINSERT INTO "schema_migrations" ("version") VALUES ('20130829134004')[0m
  [1m[35m (40.9ms)[0m  commit transaction
Migrating to CreateCommentsTable (20130829193932)
  [1m[36m (0.8ms)[0m  [1mbegin transaction[0m
  [1m[35m (0.4ms)[0m  CREATE TABLE "comments" ("id" INTEGER PRIMARY KEY AUTOINCREMENT NOT NULL, "user_id" integer, "commentable_type" varchar(255), "commentable_id" integer, "body" text, "created_at" datetime NOT NULL, "updated_at" datetime NOT NULL) 
  [1m[36m (0.2ms)[0m  [1mCREATE INDEX "index_comments_on_user_id" ON "comments" ("user_id")[0m
  [1m[35m (0.4ms)[0m  CREATE INDEX "index_comments_on_commentable_type_and_commentable_id" ON "comments" ("commentable_type", "commentable_id")
  [1m[36m (2.6ms)[0m  [1mINSERT INTO "schema_migrations" ("version") VALUES ('20130829193932')[0m
  [1m[35m (178.9ms)[0m  commit transaction
Migrating to CreateGroupsTable (20130829193933)
  [1m[36m (0.1ms)[0m  [1mbegin transaction[0m
  [1m[35m (1.0ms)[0m  CREATE TABLE "groups" ("id" INTEGER PRIMARY KEY AUTOINCREMENT NOT NULL, "name" varchar(255), "description" text, "public" boolean DEFAULT 't', "created_at" datetime NOT NULL, "updated_at" datetime NOT NULL) 
  [1m[36m (0.4ms)[0m  [1mINSERT INTO "schema_migrations" ("version") VALUES ('20130829193933')[0m
  [1m[35m (43.0ms)[0m  commit transaction
Migrating to CreateMessagesTable (20130829193934)
  [1m[36m (0.1ms)[0m  [1mbegin transaction[0m
  [1m[35m (1.0ms)[0m  CREATE TABLE "messages" ("id" INTEGER PRIMARY KEY AUTOINCREMENT NOT NULL, "sender_id" integer, "recipient_id" integer, "parent_id" integer, "subject" varchar(255), "body" text, "deleted_by_sender" boolean, "deleted_by_recipient" boolean, "read_at" datetime, "created_at" datetime NOT NULL, "updated_at" datetime NOT NULL) 
  [1m[36m (0.3ms)[0m  [1mCREATE INDEX "index_messages_on_sender_id_and_deleted_by_sender" ON "messages" ("sender_id", "deleted_by_sender")[0m
  [1m[35m (4.2ms)[0m  CREATE INDEX "index_messages_on_recipient_id_and_deleted_by_recipient" ON "messages" ("recipient_id", "deleted_by_recipient")
  [1m[36m (0.3ms)[0m  [1mCREATE INDEX "index_messages_on_parent_id" ON "messages" ("parent_id")[0m
  [1m[35m (2.8ms)[0m  INSERT INTO "schema_migrations" ("version") VALUES ('20130829193934')
  [1m[36m (24.5ms)[0m  [1mcommit transaction[0m
Migrating to CreatePagesTable (20130829193935)
  [1m[35m (0.2ms)[0m  begin transaction
  [1m[36m (2.3ms)[0m  [1mCREATE TABLE "pages" ("id" INTEGER PRIMARY KEY AUTOINCREMENT NOT NULL, "parent_id" integer, "pageable_type" varchar(255), "pageable_id" integer, "slug" varchar(255), "title" varchar(255), "description" text, "keywords" text, "body" text, "public" boolean, "created_at" datetime NOT NULL, "updated_at" datetime NOT NULL) [0m
  [1m[35m (2.5ms)[0m  CREATE INDEX "index_pages_on_slug" ON "pages" ("slug")
  [1m[36m (0.3ms)[0m  [1mCREATE INDEX "index_pages_on_parent_id" ON "pages" ("parent_id")[0m
  [1m[35m (2.8ms)[0m  CREATE INDEX "index_pages_on_pageable_type_and_pageable_id" ON "pages" ("pageable_type", "pageable_id")
  [1m[36m (0.3ms)[0m  [1mINSERT INTO "schema_migrations" ("version") VALUES ('20130829193935')[0m
  [1m[35m (29.7ms)[0m  commit transaction
Migrating to CreateRolesTable (20130829193936)
  [1m[36m (0.8ms)[0m  [1mbegin transaction[0m
  [1m[35m (22.0ms)[0m  CREATE TABLE "roles" ("id" INTEGER PRIMARY KEY AUTOINCREMENT NOT NULL, "name" varchar(255), "authorizable_type" varchar(255), "authorizable_id" integer, "created_at" datetime NOT NULL, "updated_at" datetime NOT NULL) 
  [1m[36m (2.8ms)[0m  [1mINSERT INTO "schema_migrations" ("version") VALUES ('20130829193936')[0m
  [1m[35m (55.8ms)[0m  commit transaction
Migrating to CreateRolesUsersTable (20130829193937)
  [1m[36m (0.2ms)[0m  [1mbegin transaction[0m
  [1m[35m (4.3ms)[0m  CREATE TABLE "roles_users" ("user_id" integer, "role_id" integer) 
  [1m[36m (5.4ms)[0m  [1mINSERT INTO "schema_migrations" ("version") VALUES ('20130829193937')[0m
  [1m[35m (63.6ms)[0m  commit transaction
Migrating to CreateStatusesTable (20130829193938)
  [1m[36m (0.2ms)[0m  [1mbegin transaction[0m
  [1m[35m (0.7ms)[0m  CREATE TABLE "statuses" ("id" INTEGER PRIMARY KEY AUTOINCREMENT NOT NULL, "user_id" integer, "shareable_type" varchar(255), "shareable_id" integer, "body" text, "url" varchar(255), "title" varchar(255), "description" text, "media_url" varchar(255), "media_type" varchar(255), "created_at" datetime NOT NULL, "updated_at" datetime NOT NULL) 
DEPRECATION WARNING: Method `t.has_attached_file` in the migration has been deprecated and will be replaced by `t.attachment`. (called from block in change at /home/work/Sites/cooperative/spec/dummy/db/migrate/20130829193938_create_statuses_table.rb:17)
  [1m[36m (0.6ms)[0m  [1mALTER TABLE "statuses" ADD "image_file_name" varchar(255)[0m
  [1m[35m (0.5ms)[0m  ALTER TABLE "statuses" ADD "image_content_type" varchar(255)
  [1m[36m (0.4ms)[0m  [1mALTER TABLE "statuses" ADD "image_file_size" integer[0m
  [1m[35m (1.2ms)[0m  ALTER TABLE "statuses" ADD "image_updated_at" datetime
  [1m[36m (0.5ms)[0m  [1mCREATE INDEX "index_statuses_on_user_id" ON "statuses" ("user_id")[0m
  [1m[35m (3.9ms)[0m  CREATE INDEX "index_statuses_on_shareable_type_and_shareable_id" ON "statuses" ("shareable_type", "shareable_id")
  [1m[36m (0.5ms)[0m  [1mINSERT INTO "schema_migrations" ("version") VALUES ('20130829193938')[0m
  [1m[35m (67.8ms)[0m  commit transaction
Migrating to CreateUsersTable (20130829193939)
  [1m[36m (0.2ms)[0m  [1mbegin transaction[0m
  [1m[35m (0.1ms)[0m  rollback transaction
Connecting to database specified by database.yml
Creating scope :page. Overwriting existing method Coletivo::Models::PersonRating.page.
Creating scope :page. Overwriting existing method ActsAsTaggableOn::Tag.page.
Creating scope :page. Overwriting existing method ActsAsTaggableOn::Tagging.page.
Creating scope :page. Overwriting existing method User.page.
Creating scope :page. Overwriting existing method PublicActivity::ORM::ActiveRecord::Activity.page.
  [1m[36m (7.3ms)[0m  [1mSELECT "schema_migrations"."version" FROM "schema_migrations" [0m
  [1m[35m (0.2ms)[0m  SELECT "schema_migrations"."version" FROM "schema_migrations" 
Migrating to CreateStatusesTable (20130829193938)
  [1m[36m (1.1ms)[0m  [1mselect sqlite_version(*)[0m
  [1m[35m (0.1ms)[0m  begin transaction
  [1m[36m (0.1ms)[0m  [1mrollback transaction[0m
Connecting to database specified by database.yml
Creating scope :page. Overwriting existing method Coletivo::Models::PersonRating.page.
Creating scope :page. Overwriting existing method ActsAsTaggableOn::Tag.page.
Creating scope :page. Overwriting existing method ActsAsTaggableOn::Tagging.page.
Creating scope :page. Overwriting existing method User.page.
Creating scope :page. Overwriting existing method PublicActivity::ORM::ActiveRecord::Activity.page.
Connecting to database specified by database.yml
Creating scope :page. Overwriting existing method Coletivo::Models::PersonRating.page.
Creating scope :page. Overwriting existing method ActsAsTaggableOn::Tag.page.
Creating scope :page. Overwriting existing method ActsAsTaggableOn::Tagging.page.
Creating scope :page. Overwriting existing method User.page.
Creating scope :page. Overwriting existing method PublicActivity::ORM::ActiveRecord::Activity.page.
Connecting to database specified by database.yml
Creating scope :page. Overwriting existing method Coletivo::Models::PersonRating.page.
Creating scope :page. Overwriting existing method ActsAsTaggableOn::Tag.page.
Creating scope :page. Overwriting existing method ActsAsTaggableOn::Tagging.page.
Creating scope :page. Overwriting existing method User.page.
Creating scope :page. Overwriting existing method PublicActivity::ORM::ActiveRecord::Activity.page.
Connecting to database specified by database.yml
Creating scope :page. Overwriting existing method Coletivo::Models::PersonRating.page.
Creating scope :page. Overwriting existing method ActsAsTaggableOn::Tag.page.
Creating scope :page. Overwriting existing method ActsAsTaggableOn::Tagging.page.
Creating scope :page. Overwriting existing method User.page.
Creating scope :page. Overwriting existing method PublicActivity::ORM::ActiveRecord::Activity.page.
Connecting to database specified by database.yml
Creating scope :page. Overwriting existing method Coletivo::Models::PersonRating.page.
Creating scope :page. Overwriting existing method ActsAsTaggableOn::Tag.page.
Creating scope :page. Overwriting existing method ActsAsTaggableOn::Tagging.page.
Creating scope :page. Overwriting existing method User.page.
Creating scope :page. Overwriting existing method PublicActivity::ORM::ActiveRecord::Activity.page.
Connecting to database specified by database.yml
Creating scope :page. Overwriting existing method Coletivo::Models::PersonRating.page.
Creating scope :page. Overwriting existing method ActsAsTaggableOn::Tag.page.
Creating scope :page. Overwriting existing method ActsAsTaggableOn::Tagging.page.
Creating scope :page. Overwriting existing method User.page.
Creating scope :page. Overwriting existing method PublicActivity::ORM::ActiveRecord::Activity.page.
Connecting to database specified by database.yml
Creating scope :page. Overwriting existing method Coletivo::Models::PersonRating.page.
Creating scope :page. Overwriting existing method ActsAsTaggableOn::Tag.page.
Creating scope :page. Overwriting existing method ActsAsTaggableOn::Tagging.page.
Creating scope :page. Overwriting existing method User.page.
Creating scope :page. Overwriting existing method PublicActivity::ORM::ActiveRecord::Activity.page.
Connecting to database specified by database.yml
Creating scope :page. Overwriting existing method Coletivo::Models::PersonRating.page.
Creating scope :page. Overwriting existing method ActsAsTaggableOn::Tag.page.
Creating scope :page. Overwriting existing method ActsAsTaggableOn::Tagging.page.
Creating scope :page. Overwriting existing method User.page.
Creating scope :page. Overwriting existing method PublicActivity::ORM::ActiveRecord::Activity.page.
Connecting to database specified by database.yml
Connecting to database specified by database.yml
Connecting to database specified by database.yml
Connecting to database specified by database.yml
Connecting to database specified by database.yml
Connecting to database specified by database.yml
Connecting to database specified by database.yml
Connecting to database specified by database.yml
Connecting to database specified by database.yml
Connecting to database specified by database.yml
Connecting to database specified by database.yml
Connecting to database specified by database.yml
Connecting to database specified by database.yml
Connecting to database specified by database.yml
Connecting to database specified by database.yml
Connecting to database specified by database.yml
Connecting to database specified by database.yml
Connecting to database specified by database.yml
Connecting to database specified by database.yml
Connecting to database specified by database.yml
Connecting to database specified by database.yml
Connecting to database specified by database.yml
Connecting to database specified by database.yml
Connecting to database specified by database.yml
Connecting to database specified by database.yml
Connecting to database specified by database.yml
Connecting to database specified by database.yml
Connecting to database specified by database.yml
Connecting to database specified by database.yml
Connecting to database specified by database.yml
Connecting to database specified by database.yml
Connecting to database specified by database.yml
Connecting to database specified by database.yml
Connecting to database specified by database.yml
Connecting to database specified by database.yml
Connecting to database specified by database.yml
Connecting to database specified by database.yml
Connecting to database specified by database.yml
Connecting to database specified by database.yml
Connecting to database specified by database.yml
Connecting to database specified by database.yml
Connecting to database specified by database.yml
Connecting to database specified by database.yml
Connecting to database specified by database.yml
Connecting to database specified by database.yml
Connecting to database specified by database.yml
  [1m[36m (0.1ms)[0m  [1mselect sqlite_version(*)[0m
  [1m[35m (91.1ms)[0m  CREATE TABLE "schema_migrations" ("version" varchar(255) NOT NULL) 
  [1m[36m (26.0ms)[0m  [1mCREATE UNIQUE INDEX "unique_schema_migrations" ON "schema_migrations" ("version")[0m
  [1m[35m (27.4ms)[0m  SELECT "schema_migrations"."version" FROM "schema_migrations" 
Migrating to CreateCommentsTable (20130829214849)
  [1m[36m (0.1ms)[0m  [1mbegin transaction[0m
  [1m[35m (0.5ms)[0m  CREATE TABLE "comments" ("id" INTEGER PRIMARY KEY AUTOINCREMENT NOT NULL, "user_id" integer, "commentable_type" varchar(255), "commentable_id" integer, "body" text, "created_at" datetime NOT NULL, "updated_at" datetime NOT NULL) 
  [1m[36m (0.1ms)[0m  [1mCREATE INDEX "index_comments_on_user_id" ON "comments" ("user_id")[0m
  [1m[35m (0.2ms)[0m  CREATE INDEX "index_comments_on_commentable_type_and_commentable_id" ON "comments" ("commentable_type", "commentable_id")
  [1m[36m (0.5ms)[0m  [1mINSERT INTO "schema_migrations" ("version") VALUES ('20130829214849')[0m
  [1m[35m (21.7ms)[0m  commit transaction
Migrating to CreateGroupsTable (20130829214850)
  [1m[36m (0.1ms)[0m  [1mbegin transaction[0m
  [1m[35m (1.0ms)[0m  CREATE TABLE "groups" ("id" INTEGER PRIMARY KEY AUTOINCREMENT NOT NULL, "name" varchar(255), "description" text, "public" boolean DEFAULT 't', "created_at" datetime NOT NULL, "updated_at" datetime NOT NULL) 
  [1m[36m (0.4ms)[0m  [1mINSERT INTO "schema_migrations" ("version") VALUES ('20130829214850')[0m
  [1m[35m (41.3ms)[0m  commit transaction
Migrating to CreateMessagesTable (20130829214851)
  [1m[36m (0.1ms)[0m  [1mbegin transaction[0m
  [1m[35m (0.9ms)[0m  CREATE TABLE "messages" ("id" INTEGER PRIMARY KEY AUTOINCREMENT NOT NULL, "sender_id" integer, "recipient_id" integer, "parent_id" integer, "subject" varchar(255), "body" text, "deleted_by_sender" boolean, "deleted_by_recipient" boolean, "read_at" datetime, "created_at" datetime NOT NULL, "updated_at" datetime NOT NULL) 
  [1m[36m (7.7ms)[0m  [1mCREATE INDEX "index_messages_on_sender_id_and_deleted_by_sender" ON "messages" ("sender_id", "deleted_by_sender")[0m
  [1m[35m (0.4ms)[0m  CREATE INDEX "index_messages_on_recipient_id_and_deleted_by_recipient" ON "messages" ("recipient_id", "deleted_by_recipient")
  [1m[36m (0.3ms)[0m  [1mCREATE INDEX "index_messages_on_parent_id" ON "messages" ("parent_id")[0m
  [1m[35m (0.6ms)[0m  INSERT INTO "schema_migrations" ("version") VALUES ('20130829214851')
  [1m[36m (42.0ms)[0m  [1mcommit transaction[0m
Migrating to CreatePagesTable (20130829214852)
  [1m[35m (0.2ms)[0m  begin transaction
  [1m[36m (1.0ms)[0m  [1mCREATE TABLE "pages" ("id" INTEGER PRIMARY KEY AUTOINCREMENT NOT NULL, "parent_id" integer, "pageable_type" varchar(255), "pageable_id" integer, "slug" varchar(255), "title" varchar(255), "description" text, "keywords" text, "body" text, "public" boolean, "created_at" datetime NOT NULL, "updated_at" datetime NOT NULL) [0m
  [1m[35m (0.8ms)[0m  CREATE INDEX "index_pages_on_slug" ON "pages" ("slug")
  [1m[36m (8.1ms)[0m  [1mCREATE INDEX "index_pages_on_parent_id" ON "pages" ("parent_id")[0m
  [1m[35m (0.5ms)[0m  CREATE INDEX "index_pages_on_pageable_type_and_pageable_id" ON "pages" ("pageable_type", "pageable_id")
  [1m[36m (0.6ms)[0m  [1mINSERT INTO "schema_migrations" ("version") VALUES ('20130829214852')[0m
  [1m[35m (28.7ms)[0m  commit transaction
Migrating to CreateRolesTable (20130829214853)
  [1m[36m (0.1ms)[0m  [1mbegin transaction[0m
  [1m[35m (1.3ms)[0m  CREATE TABLE "roles" ("id" INTEGER PRIMARY KEY AUTOINCREMENT NOT NULL, "name" varchar(255), "authorizable_type" varchar(255), "authorizable_id" integer, "created_at" datetime NOT NULL, "updated_at" datetime NOT NULL) 
  [1m[36m (2.6ms)[0m  [1mINSERT INTO "schema_migrations" ("version") VALUES ('20130829214853')[0m
  [1m[35m (64.8ms)[0m  commit transaction
Migrating to CreateRolesUsersTable (20130829214854)
  [1m[36m (0.1ms)[0m  [1mbegin transaction[0m
  [1m[35m (5.1ms)[0m  CREATE TABLE "roles_users" ("user_id" integer, "role_id" integer) 
  [1m[36m (19.0ms)[0m  [1mINSERT INTO "schema_migrations" ("version") VALUES ('20130829214854')[0m
  [1m[35m (23.3ms)[0m  commit transaction
Migrating to CreateStatusesTable (20130829214855)
  [1m[36m (0.1ms)[0m  [1mbegin transaction[0m
  [1m[35m (5.9ms)[0m  CREATE TABLE "statuses" ("id" INTEGER PRIMARY KEY AUTOINCREMENT NOT NULL, "user_id" integer, "shareable_type" varchar(255), "shareable_id" integer, "body" text, "url" varchar(255), "title" varchar(255), "description" text, "media_url" varchar(255), "media_type" varchar(255), "created_at" datetime NOT NULL, "updated_at" datetime NOT NULL) 
DEPRECATION WARNING: Method `t.has_attached_file` in the migration has been deprecated and will be replaced by `t.attachment`. (called from block in change at /home/work/Sites/cooperative/spec/dummy/db/migrate/20130829214855_create_statuses_table.rb:17)
  [1m[36m (3.8ms)[0m  [1mALTER TABLE "statuses" ADD "image_file_name" varchar(255)[0m
  [1m[35m (0.5ms)[0m  ALTER TABLE "statuses" ADD "image_content_type" varchar(255)
  [1m[36m (3.1ms)[0m  [1mALTER TABLE "statuses" ADD "image_file_size" integer[0m
  [1m[35m (0.4ms)[0m  ALTER TABLE "statuses" ADD "image_updated_at" datetime
  [1m[36m (0.3ms)[0m  [1mCREATE INDEX "index_statuses_on_user_id" ON "statuses" ("user_id")[0m
  [1m[35m (0.2ms)[0m  CREATE INDEX "index_statuses_on_shareable_type_and_shareable_id" ON "statuses" ("shareable_type", "shareable_id")
  [1m[36m (2.4ms)[0m  [1mINSERT INTO "schema_migrations" ("version") VALUES ('20130829214855')[0m
  [1m[35m (38.0ms)[0m  commit transaction
Migrating to CreateUsersTable (20130829214856)
  [1m[36m (0.1ms)[0m  [1mbegin transaction[0m
  [1m[35m (3.3ms)[0m  CREATE TABLE "users" ("id" INTEGER PRIMARY KEY AUTOINCREMENT NOT NULL, "email" varchar(255) DEFAULT '' NOT NULL, "encrypted_password" varchar(255) DEFAULT '' NOT NULL, "reset_password_token" varchar(255), "reset_password_sent_at" datetime, "remember_created_at" datetime, "sign_in_count" integer DEFAULT 0, "current_sign_in_at" datetime, "last_sign_in_at" datetime, "current_sign_in_ip" varchar(255), "last_sign_in_ip" varchar(255), "confirmation_token" varchar(255), "confirmed_at" datetime, "confirmation_sent_at" datetime, "unconfirmed_email" varchar(255), "failed_attempts" integer DEFAULT 0, "unlock_token" varchar(255), "locked_at" datetime, "authentication_token" varchar(255), "nickname" varchar(255), "bio" text, "public" boolean DEFAULT 't', "created_at" datetime NOT NULL, "updated_at" datetime NOT NULL) 
  [1m[36m (2.8ms)[0m  [1mCREATE UNIQUE INDEX "index_users_on_email" ON "users" ("email")[0m
  [1m[35m (0.3ms)[0m  CREATE UNIQUE INDEX "index_users_on_nickname" ON "users" ("nickname")
  [1m[36m (0.4ms)[0m  [1mCREATE UNIQUE INDEX "index_users_on_reset_password_token" ON "users" ("reset_password_token")[0m
  [1m[35m (0.3ms)[0m  CREATE UNIQUE INDEX "index_users_on_confirmation_token" ON "users" ("confirmation_token")
  [1m[36m (0.4ms)[0m  [1mCREATE UNIQUE INDEX "index_users_on_unlock_token" ON "users" ("unlock_token")[0m
  [1m[35m (0.4ms)[0m  CREATE UNIQUE INDEX "index_users_on_authentication_token" ON "users" ("authentication_token")
DEPRECATION WARNING: Method `t.has_attached_file` in the migration has been deprecated and will be replaced by `t.attachment`. (called from block in up at /home/work/Sites/cooperative/spec/dummy/db/migrate/20130829214856_create_users_table.rb:52)
  [1m[36m (0.7ms)[0m  [1mALTER TABLE "users" ADD "image_file_name" varchar(255)[0m
  [1m[35m (0.6ms)[0m  ALTER TABLE "users" ADD "image_content_type" varchar(255)
  [1m[36m (0.3ms)[0m  [1mALTER TABLE "users" ADD "image_file_size" integer[0m
  [1m[35m (0.5ms)[0m  ALTER TABLE "users" ADD "image_updated_at" datetime
  [1m[36m (0.6ms)[0m  [1mINSERT INTO "schema_migrations" ("version") VALUES ('20130829214856')[0m
  [1m[35m (27.1ms)[0m  commit transaction
Migrating to CreateActivities (20130829214907)
  [1m[36m (0.1ms)[0m  [1mbegin transaction[0m
  [1m[35m (3.6ms)[0m  CREATE TABLE "activities" ("id" INTEGER PRIMARY KEY AUTOINCREMENT NOT NULL, "trackable_id" integer, "trackable_type" varchar(255), "owner_id" integer, "owner_type" varchar(255), "key" varchar(255), "parameters" text, "recipient_id" integer, "recipient_type" varchar(255), "created_at" datetime NOT NULL, "updated_at" datetime NOT NULL) 
  [1m[36m (0.4ms)[0m  [1mCREATE INDEX "index_activities_on_trackable_id_and_trackable_type" ON "activities" ("trackable_id", "trackable_type")[0m
  [1m[35m (1.1ms)[0m  CREATE INDEX "index_activities_on_owner_id_and_owner_type" ON "activities" ("owner_id", "owner_type")
  [1m[36m (0.3ms)[0m  [1mCREATE INDEX "index_activities_on_recipient_id_and_recipient_type" ON "activities" ("recipient_id", "recipient_type")[0m
  [1m[35m (2.5ms)[0m  INSERT INTO "schema_migrations" ("version") VALUES ('20130829214907')
  [1m[36m (32.0ms)[0m  [1mcommit transaction[0m
Migrating to ActsAsFollowerMigration (20130829214918)
  [1m[35m (0.2ms)[0m  begin transaction
  [1m[36m (2.4ms)[0m  [1mCREATE TABLE "follows" ("id" INTEGER PRIMARY KEY AUTOINCREMENT NOT NULL, "followable_id" integer NOT NULL, "followable_type" varchar(255) NOT NULL, "follower_id" integer NOT NULL, "follower_type" varchar(255) NOT NULL, "blocked" boolean DEFAULT 'f' NOT NULL, "created_at" datetime NOT NULL, "updated_at" datetime NOT NULL) [0m
  [1m[35m (1.9ms)[0m  CREATE INDEX "fk_follows" ON "follows" ("follower_id", "follower_type")
  [1m[36m (0.3ms)[0m  [1mCREATE INDEX "fk_followables" ON "follows" ("followable_id", "followable_type")[0m
  [1m[35m (0.3ms)[0m  INSERT INTO "schema_migrations" ("version") VALUES ('20130829214918')
  [1m[36m (34.6ms)[0m  [1mcommit transaction[0m
Migrating to ActsAsTaggableOnMigration (20130829214929)
  [1m[35m (0.1ms)[0m  begin transaction
  [1m[36m (0.8ms)[0m  [1mCREATE TABLE "tags" ("id" INTEGER PRIMARY KEY AUTOINCREMENT NOT NULL, "name" varchar(255)) [0m
  [1m[35m (1.9ms)[0m  CREATE TABLE "taggings" ("id" INTEGER PRIMARY KEY AUTOINCREMENT NOT NULL, "tag_id" integer, "taggable_id" integer, "taggable_type" varchar(255), "tagger_id" integer, "tagger_type" varchar(255), "context" varchar(128), "created_at" datetime) 
  [1m[36m (0.3ms)[0m  [1mCREATE INDEX "index_taggings_on_tag_id" ON "taggings" ("tag_id")[0m
  [1m[35m (0.2ms)[0m  CREATE INDEX "index_taggings_on_taggable_id_and_taggable_type_and_context" ON "taggings" ("taggable_id", "taggable_type", "context")
  [1m[36m (0.4ms)[0m  [1mINSERT INTO "schema_migrations" ("version") VALUES ('20130829214929')[0m
  [1m[35m (17.9ms)[0m  commit transaction
Migrating to CreatePersonRatings (20130829214939)
  [1m[36m (2.6ms)[0m  [1mbegin transaction[0m
  [1m[35m (3.7ms)[0m  CREATE TABLE "person_ratings" ("id" INTEGER PRIMARY KEY AUTOINCREMENT NOT NULL, "person_id" integer, "person_type" varchar(255), "rateable_id" integer, "rateable_type" varchar(255), "weight" decimal(5,2), "created_at" datetime NOT NULL, "updated_at" datetime NOT NULL) 
  [1m[36m (0.3ms)[0m  [1mCREATE INDEX "index_person_ratings_on_rateable_type" ON "person_ratings" ("rateable_type")[0m
  [1m[35m (0.3ms)[0m  INSERT INTO "schema_migrations" ("version") VALUES ('20130829214939')
  [1m[36m (21.6ms)[0m  [1mcommit transaction[0m
  [1m[35m (0.2ms)[0m  SELECT "schema_migrations"."version" FROM "schema_migrations" 
Connecting to database specified by database.yml
  [1m[36m (6.1ms)[0m  [1mSELECT "schema_migrations"."version" FROM "schema_migrations" [0m
  [1m[35m (0.2ms)[0m  SELECT "schema_migrations"."version" FROM "schema_migrations" 
Migrating to CreatePersonRatings (20130829214939)
  [1m[36m (0.1ms)[0m  [1mselect sqlite_version(*)[0m
  [1m[35m (0.1ms)[0m  begin transaction
  [1m[36m (3.1ms)[0m  [1mDROP TABLE "person_ratings"[0m
  [1m[35m (0.7ms)[0m  DELETE FROM "schema_migrations" WHERE "schema_migrations"."version" = '20130829214939'
  [1m[36m (213.6ms)[0m  [1mcommit transaction[0m
  [1m[35m (0.2ms)[0m  SELECT "schema_migrations"."version" FROM "schema_migrations" 
Connecting to database specified by database.yml
  [1m[36m (6.5ms)[0m  [1mSELECT "schema_migrations"."version" FROM "schema_migrations" [0m
  [1m[35m (0.2ms)[0m  SELECT "schema_migrations"."version" FROM "schema_migrations" 
Migrating to ActsAsTaggableOnMigration (20130829214929)
  [1m[36m (0.1ms)[0m  [1mselect sqlite_version(*)[0m
  [1m[35m (0.1ms)[0m  begin transaction
  [1m[36m (1.5ms)[0m  [1mDROP TABLE "taggings"[0m
  [1m[35m (0.5ms)[0m  DROP TABLE "tags"
  [1m[36m (2.0ms)[0m  [1mDELETE FROM "schema_migrations" WHERE "schema_migrations"."version" = '20130829214929'[0m
  [1m[35m (70.3ms)[0m  commit transaction
  [1m[36m (0.2ms)[0m  [1mSELECT "schema_migrations"."version" FROM "schema_migrations" [0m
Connecting to database specified by database.yml
  [1m[36m (5.6ms)[0m  [1mSELECT "schema_migrations"."version" FROM "schema_migrations" [0m
  [1m[35m (0.2ms)[0m  SELECT "schema_migrations"."version" FROM "schema_migrations" 
Migrating to ActsAsFollowerMigration (20130829214918)
  [1m[36m (0.1ms)[0m  [1mselect sqlite_version(*)[0m
  [1m[35m (0.1ms)[0m  begin transaction
  [1m[36m (3.7ms)[0m  [1mDROP TABLE "follows"[0m
  [1m[35m (0.8ms)[0m  DELETE FROM "schema_migrations" WHERE "schema_migrations"."version" = '20130829214918'
  [1m[36m (299.8ms)[0m  [1mcommit transaction[0m
  [1m[35m (0.2ms)[0m  SELECT "schema_migrations"."version" FROM "schema_migrations" 
Connecting to database specified by database.yml
  [1m[36m (5.2ms)[0m  [1mSELECT "schema_migrations"."version" FROM "schema_migrations" [0m
  [1m[35m (0.2ms)[0m  SELECT "schema_migrations"."version" FROM "schema_migrations" 
Migrating to CreateActivities (20130829214907)
  [1m[36m (0.1ms)[0m  [1mselect sqlite_version(*)[0m
  [1m[35m (0.1ms)[0m  begin transaction
  [1m[36m (1.4ms)[0m  [1mDROP TABLE "activities"[0m
  [1m[35m (0.3ms)[0m  DELETE FROM "schema_migrations" WHERE "schema_migrations"."version" = '20130829214907'
  [1m[36m (130.7ms)[0m  [1mcommit transaction[0m
  [1m[35m (0.4ms)[0m  SELECT "schema_migrations"."version" FROM "schema_migrations" 
Connecting to database specified by database.yml
  [1m[36m (5.6ms)[0m  [1mSELECT "schema_migrations"."version" FROM "schema_migrations" [0m
  [1m[35m (0.2ms)[0m  SELECT "schema_migrations"."version" FROM "schema_migrations" 
Migrating to CreateUsersTable (20130829214856)
  [1m[36m (0.1ms)[0m  [1mselect sqlite_version(*)[0m
  [1m[35m (0.1ms)[0m  begin transaction
  [1m[36m (5.6ms)[0m  [1mDROP TABLE "users"[0m
  [1m[35m (0.3ms)[0m  DELETE FROM "schema_migrations" WHERE "schema_migrations"."version" = '20130829214856'
  [1m[36m (67.0ms)[0m  [1mcommit transaction[0m
  [1m[35m (0.2ms)[0m  SELECT "schema_migrations"."version" FROM "schema_migrations" 
Connecting to database specified by database.yml
  [1m[36m (7.8ms)[0m  [1mSELECT "schema_migrations"."version" FROM "schema_migrations" [0m
  [1m[35m (0.2ms)[0m  SELECT "schema_migrations"."version" FROM "schema_migrations" 
Migrating to CreateStatusesTable (20130829214855)
  [1m[36m (0.1ms)[0m  [1mselect sqlite_version(*)[0m
  [1m[35m (0.1ms)[0m  begin transaction
  [1m[36m (0.1ms)[0m  [1mrollback transaction[0m
Connecting to database specified by database.yml
  [1m[36m (3.2ms)[0m  [1mSELECT "schema_migrations"."version" FROM "schema_migrations" [0m
  [1m[35m (0.2ms)[0m  SELECT "schema_migrations"."version" FROM "schema_migrations" 
Migrating to CreateStatusesTable (20130829214855)
  [1m[36m (0.1ms)[0m  [1mselect sqlite_version(*)[0m
  [1m[35m (0.1ms)[0m  begin transaction
  [1m[36m (2.4ms)[0m  [1mDROP TABLE "statuses"[0m
  [1m[35m (0.4ms)[0m  DELETE FROM "schema_migrations" WHERE "schema_migrations"."version" = '20130829214855'
  [1m[36m (97.3ms)[0m  [1mcommit transaction[0m
  [1m[35m (0.3ms)[0m  SELECT "schema_migrations"."version" FROM "schema_migrations" 
Connecting to database specified by database.yml
  [1m[36m (4.7ms)[0m  [1mSELECT "schema_migrations"."version" FROM "schema_migrations" [0m
  [1m[35m (0.2ms)[0m  SELECT "schema_migrations"."version" FROM "schema_migrations" 
Migrating to CreateRolesUsersTable (20130829214854)
  [1m[36m (0.1ms)[0m  [1mselect sqlite_version(*)[0m
  [1m[35m (0.1ms)[0m  begin transaction
  [1m[36m (0.9ms)[0m  [1mDROP TABLE "roles_users"[0m
  [1m[35m (0.3ms)[0m  DELETE FROM "schema_migrations" WHERE "schema_migrations"."version" = '20130829214854'
  [1m[36m (141.8ms)[0m  [1mcommit transaction[0m
  [1m[35m (0.3ms)[0m  SELECT "schema_migrations"."version" FROM "schema_migrations" 
Connecting to database specified by database.yml
  [1m[36m (29.9ms)[0m  [1mSELECT "schema_migrations"."version" FROM "schema_migrations" [0m
  [1m[35m (0.1ms)[0m  SELECT "schema_migrations"."version" FROM "schema_migrations" 
Migrating to CreateRolesTable (20130829214853)
  [1m[36m (0.1ms)[0m  [1mselect sqlite_version(*)[0m
  [1m[35m (0.1ms)[0m  begin transaction
  [1m[36m (125.4ms)[0m  [1mDROP TABLE "roles"[0m
  [1m[35m (0.3ms)[0m  DELETE FROM "schema_migrations" WHERE "schema_migrations"."version" = '20130829214853'
  [1m[36m (36.7ms)[0m  [1mcommit transaction[0m
  [1m[35m (0.1ms)[0m  SELECT "schema_migrations"."version" FROM "schema_migrations" 
Connecting to database specified by database.yml
  [1m[36m (3.7ms)[0m  [1mSELECT "schema_migrations"."version" FROM "schema_migrations" [0m
  [1m[35m (0.1ms)[0m  SELECT "schema_migrations"."version" FROM "schema_migrations" 
Migrating to CreatePagesTable (20130829214852)
  [1m[36m (0.1ms)[0m  [1mselect sqlite_version(*)[0m
  [1m[35m (0.1ms)[0m  begin transaction
  [1m[36m (1.1ms)[0m  [1mDROP TABLE "pages"[0m
  [1m[35m (0.3ms)[0m  DELETE FROM "schema_migrations" WHERE "schema_migrations"."version" = '20130829214852'
  [1m[36m (41.1ms)[0m  [1mcommit transaction[0m
  [1m[35m (0.1ms)[0m  SELECT "schema_migrations"."version" FROM "schema_migrations" 
Connecting to database specified by database.yml
  [1m[36m (4.4ms)[0m  [1mSELECT "schema_migrations"."version" FROM "schema_migrations" [0m
  [1m[35m (0.1ms)[0m  SELECT "schema_migrations"."version" FROM "schema_migrations" 
Migrating to CreateMessagesTable (20130829214851)
  [1m[36m (0.1ms)[0m  [1mselect sqlite_version(*)[0m
  [1m[35m (0.1ms)[0m  begin transaction
  [1m[36m (3.4ms)[0m  [1mDROP TABLE "messages"[0m
  [1m[35m (0.3ms)[0m  DELETE FROM "schema_migrations" WHERE "schema_migrations"."version" = '20130829214851'
  [1m[36m (43.2ms)[0m  [1mcommit transaction[0m
  [1m[35m (0.2ms)[0m  SELECT "schema_migrations"."version" FROM "schema_migrations" 
Connecting to database specified by database.yml
  [1m[36m (6.1ms)[0m  [1mSELECT "schema_migrations"."version" FROM "schema_migrations" [0m
  [1m[35m (0.2ms)[0m  SELECT "schema_migrations"."version" FROM "schema_migrations" 
Migrating to CreateGroupsTable (20130829214850)
  [1m[36m (0.1ms)[0m  [1mselect sqlite_version(*)[0m
  [1m[35m (0.1ms)[0m  begin transaction
  [1m[36m (1.7ms)[0m  [1mDROP TABLE "groups"[0m
  [1m[35m (0.8ms)[0m  DELETE FROM "schema_migrations" WHERE "schema_migrations"."version" = '20130829214850'
  [1m[36m (101.2ms)[0m  [1mcommit transaction[0m
  [1m[35m (0.2ms)[0m  SELECT "schema_migrations"."version" FROM "schema_migrations" 
Connecting to database specified by database.yml
  [1m[36m (5.8ms)[0m  [1mSELECT "schema_migrations"."version" FROM "schema_migrations" [0m
  [1m[35m (0.1ms)[0m  SELECT "schema_migrations"."version" FROM "schema_migrations" 
Migrating to CreateCommentsTable (20130829214849)
  [1m[36m (0.1ms)[0m  [1mselect sqlite_version(*)[0m
  [1m[35m (0.1ms)[0m  begin transaction
  [1m[36m (2.1ms)[0m  [1mDROP INDEX "index_comments_on_commentable_type_and_commentable_id"[0m
  [1m[35m (1.1ms)[0m  DROP INDEX "index_comments_on_user_id"
  [1m[36m (1.0ms)[0m  [1mDROP TABLE "comments"[0m
  [1m[35m (0.4ms)[0m  DELETE FROM "schema_migrations" WHERE "schema_migrations"."version" = '20130829214849'
  [1m[36m (55.1ms)[0m  [1mcommit transaction[0m
  [1m[35m (0.2ms)[0m  SELECT "schema_migrations"."version" FROM "schema_migrations" 
Connecting to database specified by database.yml
  [1m[36m (1.9ms)[0m  [1mSELECT "schema_migrations"."version" FROM "schema_migrations" [0m
Migrating to CreateCommentsTable (20130829214849)
  [1m[35m (0.0ms)[0m  select sqlite_version(*)
  [1m[36m (0.0ms)[0m  [1mbegin transaction[0m
  [1m[35m (0.6ms)[0m  CREATE TABLE "comments" ("id" INTEGER PRIMARY KEY AUTOINCREMENT NOT NULL, "user_id" integer, "commentable_type" varchar(255), "commentable_id" integer, "body" text, "created_at" datetime NOT NULL, "updated_at" datetime NOT NULL) 
  [1m[36m (0.1ms)[0m  [1mCREATE INDEX "index_comments_on_user_id" ON "comments" ("user_id")[0m
  [1m[35m (0.1ms)[0m  CREATE INDEX "index_comments_on_commentable_type_and_commentable_id" ON "comments" ("commentable_type", "commentable_id")
  [1m[36m (0.2ms)[0m  [1mINSERT INTO "schema_migrations" ("version") VALUES ('20130829214849')[0m
  [1m[35m (77.8ms)[0m  commit transaction
Migrating to CreateGroupsTable (20130829214850)
  [1m[36m (0.1ms)[0m  [1mbegin transaction[0m
  [1m[35m (1.0ms)[0m  CREATE TABLE "groups" ("id" INTEGER PRIMARY KEY AUTOINCREMENT NOT NULL, "name" varchar(255), "description" text, "public" boolean DEFAULT 't', "created_at" datetime NOT NULL, "updated_at" datetime NOT NULL) 
  [1m[36m (0.3ms)[0m  [1mINSERT INTO "schema_migrations" ("version") VALUES ('20130829214850')[0m
  [1m[35m (21.5ms)[0m  commit transaction
Migrating to CreateMessagesTable (20130829214851)
  [1m[36m (0.1ms)[0m  [1mbegin transaction[0m
  [1m[35m (9.0ms)[0m  CREATE TABLE "messages" ("id" INTEGER PRIMARY KEY AUTOINCREMENT NOT NULL, "sender_id" integer, "recipient_id" integer, "parent_id" integer, "subject" varchar(255), "body" text, "deleted_by_sender" boolean, "deleted_by_recipient" boolean, "read_at" datetime, "created_at" datetime NOT NULL, "updated_at" datetime NOT NULL) 
  [1m[36m (5.3ms)[0m  [1mCREATE INDEX "index_messages_on_sender_id_and_deleted_by_sender" ON "messages" ("sender_id", "deleted_by_sender")[0m
  [1m[35m (0.3ms)[0m  CREATE INDEX "index_messages_on_recipient_id_and_deleted_by_recipient" ON "messages" ("recipient_id", "deleted_by_recipient")
  [1m[36m (0.4ms)[0m  [1mCREATE INDEX "index_messages_on_parent_id" ON "messages" ("parent_id")[0m
  [1m[35m (4.0ms)[0m  INSERT INTO "schema_migrations" ("version") VALUES ('20130829214851')
  [1m[36m (25.1ms)[0m  [1mcommit transaction[0m
Migrating to CreatePagesTable (20130829214852)
  [1m[35m (0.1ms)[0m  begin transaction
  [1m[36m (22.8ms)[0m  [1mCREATE TABLE "pages" ("id" INTEGER PRIMARY KEY AUTOINCREMENT NOT NULL, "parent_id" integer, "pageable_type" varchar(255), "pageable_id" integer, "slug" varchar(255), "title" varchar(255), "description" text, "keywords" text, "body" text, "public" boolean, "created_at" datetime NOT NULL, "updated_at" datetime NOT NULL) [0m
  [1m[35m (4.6ms)[0m  CREATE INDEX "index_pages_on_slug" ON "pages" ("slug")
  [1m[36m (1.2ms)[0m  [1mCREATE INDEX "index_pages_on_parent_id" ON "pages" ("parent_id")[0m
  [1m[35m (0.4ms)[0m  CREATE INDEX "index_pages_on_pageable_type_and_pageable_id" ON "pages" ("pageable_type", "pageable_id")
  [1m[36m (0.4ms)[0m  [1mINSERT INTO "schema_migrations" ("version") VALUES ('20130829214852')[0m
  [1m[35m (25.8ms)[0m  commit transaction
Migrating to CreateRolesTable (20130829214853)
  [1m[36m (0.1ms)[0m  [1mbegin transaction[0m
  [1m[35m (1.4ms)[0m  CREATE TABLE "roles" ("id" INTEGER PRIMARY KEY AUTOINCREMENT NOT NULL, "name" varchar(255), "authorizable_type" varchar(255), "authorizable_id" integer, "created_at" datetime NOT NULL, "updated_at" datetime NOT NULL) 
  [1m[36m (2.6ms)[0m  [1mINSERT INTO "schema_migrations" ("version") VALUES ('20130829214853')[0m
  [1m[35m (41.2ms)[0m  commit transaction
Migrating to CreateRolesUsersTable (20130829214854)
  [1m[36m (0.1ms)[0m  [1mbegin transaction[0m
  [1m[35m (0.8ms)[0m  CREATE TABLE "roles_users" ("user_id" integer, "role_id" integer) 
  [1m[36m (0.4ms)[0m  [1mINSERT INTO "schema_migrations" ("version") VALUES ('20130829214854')[0m
  [1m[35m (35.0ms)[0m  commit transaction
Migrating to CreateStatusesTable (20130829214855)
  [1m[36m (0.1ms)[0m  [1mbegin transaction[0m
  [1m[35m (15.3ms)[0m  CREATE TABLE "statuses" ("id" INTEGER PRIMARY KEY AUTOINCREMENT NOT NULL, "user_id" integer, "shareable_type" varchar(255), "shareable_id" integer, "body" text, "url" varchar(255), "title" varchar(255), "description" text, "media_url" varchar(255), "media_type" varchar(255), "created_at" datetime NOT NULL, "updated_at" datetime NOT NULL) 
DEPRECATION WARNING: Method `t.has_attached_file` in the migration has been deprecated and will be replaced by `t.attachment`. (called from block in up at /home/work/Sites/cooperative/spec/dummy/db/migrate/20130829214855_create_statuses_table.rb:17)
  [1m[36m (3.4ms)[0m  [1mALTER TABLE "statuses" ADD "image_file_name" varchar(255)[0m
  [1m[35m (0.4ms)[0m  ALTER TABLE "statuses" ADD "image_content_type" varchar(255)
  [1m[36m (2.3ms)[0m  [1mALTER TABLE "statuses" ADD "image_file_size" integer[0m
  [1m[35m (0.5ms)[0m  ALTER TABLE "statuses" ADD "image_updated_at" datetime
  [1m[36m (0.4ms)[0m  [1mCREATE INDEX "index_statuses_on_user_id" ON "statuses" ("user_id")[0m
  [1m[35m (0.4ms)[0m  CREATE INDEX "index_statuses_on_shareable_type_and_shareable_id" ON "statuses" ("shareable_type", "shareable_id")
  [1m[36m (0.4ms)[0m  [1mINSERT INTO "schema_migrations" ("version") VALUES ('20130829214855')[0m
  [1m[35m (45.9ms)[0m  commit transaction
Migrating to CreateUsersTable (20130829214856)
  [1m[36m (0.1ms)[0m  [1mbegin transaction[0m
  [1m[35m (9.2ms)[0m  CREATE TABLE "users" ("id" INTEGER PRIMARY KEY AUTOINCREMENT NOT NULL, "email" varchar(255) DEFAULT '' NOT NULL, "encrypted_password" varchar(255) DEFAULT '' NOT NULL, "reset_password_token" varchar(255), "reset_password_sent_at" datetime, "remember_created_at" datetime, "sign_in_count" integer DEFAULT 0, "current_sign_in_at" datetime, "last_sign_in_at" datetime, "current_sign_in_ip" varchar(255), "last_sign_in_ip" varchar(255), "confirmation_token" varchar(255), "confirmed_at" datetime, "confirmation_sent_at" datetime, "unconfirmed_email" varchar(255), "failed_attempts" integer DEFAULT 0, "unlock_token" varchar(255), "locked_at" datetime, "authentication_token" varchar(255), "nickname" varchar(255), "bio" text, "public" boolean DEFAULT 't', "created_at" datetime NOT NULL, "updated_at" datetime NOT NULL) 
  [1m[36m (0.6ms)[0m  [1mCREATE UNIQUE INDEX "index_users_on_email" ON "users" ("email")[0m
  [1m[35m (0.5ms)[0m  CREATE UNIQUE INDEX "index_users_on_nickname" ON "users" ("nickname")
  [1m[36m (0.4ms)[0m  [1mCREATE UNIQUE INDEX "index_users_on_reset_password_token" ON "users" ("reset_password_token")[0m
  [1m[35m (0.4ms)[0m  CREATE UNIQUE INDEX "index_users_on_confirmation_token" ON "users" ("confirmation_token")
  [1m[36m (0.4ms)[0m  [1mCREATE UNIQUE INDEX "index_users_on_unlock_token" ON "users" ("unlock_token")[0m
  [1m[35m (5.4ms)[0m  CREATE UNIQUE INDEX "index_users_on_authentication_token" ON "users" ("authentication_token")
DEPRECATION WARNING: Method `t.has_attached_file` in the migration has been deprecated and will be replaced by `t.attachment`. (called from block in up at /home/work/Sites/cooperative/spec/dummy/db/migrate/20130829214856_create_users_table.rb:52)
  [1m[36m (3.7ms)[0m  [1mALTER TABLE "users" ADD "image_file_name" varchar(255)[0m
  [1m[35m (0.6ms)[0m  ALTER TABLE "users" ADD "image_content_type" varchar(255)
  [1m[36m (3.1ms)[0m  [1mALTER TABLE "users" ADD "image_file_size" integer[0m
  [1m[35m (2.4ms)[0m  ALTER TABLE "users" ADD "image_updated_at" datetime
  [1m[36m (0.4ms)[0m  [1mINSERT INTO "schema_migrations" ("version") VALUES ('20130829214856')[0m
  [1m[35m (37.2ms)[0m  commit transaction
Migrating to CreateActivities (20130829214907)
  [1m[36m (0.1ms)[0m  [1mbegin transaction[0m
  [1m[35m (10.8ms)[0m  CREATE TABLE "activities" ("id" INTEGER PRIMARY KEY AUTOINCREMENT NOT NULL, "trackable_id" integer, "trackable_type" varchar(255), "owner_id" integer, "owner_type" varchar(255), "key" varchar(255), "parameters" text, "recipient_id" integer, "recipient_type" varchar(255), "created_at" datetime NOT NULL, "updated_at" datetime NOT NULL) 
  [1m[36m (0.4ms)[0m  [1mCREATE INDEX "index_activities_on_trackable_id_and_trackable_type" ON "activities" ("trackable_id", "trackable_type")[0m
  [1m[35m (0.3ms)[0m  CREATE INDEX "index_activities_on_owner_id_and_owner_type" ON "activities" ("owner_id", "owner_type")
  [1m[36m (0.4ms)[0m  [1mCREATE INDEX "index_activities_on_recipient_id_and_recipient_type" ON "activities" ("recipient_id", "recipient_type")[0m
  [1m[35m (0.4ms)[0m  INSERT INTO "schema_migrations" ("version") VALUES ('20130829214907')
  [1m[36m (34.4ms)[0m  [1mcommit transaction[0m
Migrating to ActsAsFollowerMigration (20130829214918)
  [1m[35m (0.1ms)[0m  begin transaction
  [1m[36m (0.9ms)[0m  [1mCREATE TABLE "follows" ("id" INTEGER PRIMARY KEY AUTOINCREMENT NOT NULL, "followable_id" integer NOT NULL, "followable_type" varchar(255) NOT NULL, "follower_id" integer NOT NULL, "follower_type" varchar(255) NOT NULL, "blocked" boolean DEFAULT 'f' NOT NULL, "created_at" datetime NOT NULL, "updated_at" datetime NOT NULL) [0m
  [1m[35m (16.2ms)[0m  CREATE INDEX "fk_follows" ON "follows" ("follower_id", "follower_type")
  [1m[36m (0.3ms)[0m  [1mCREATE INDEX "fk_followables" ON "follows" ("followable_id", "followable_type")[0m
  [1m[35m (0.3ms)[0m  INSERT INTO "schema_migrations" ("version") VALUES ('20130829214918')
  [1m[36m (32.2ms)[0m  [1mcommit transaction[0m
Migrating to ActsAsTaggableOnMigration (20130829214929)
  [1m[35m (0.1ms)[0m  begin transaction
  [1m[36m (2.1ms)[0m  [1mCREATE TABLE "tags" ("id" INTEGER PRIMARY KEY AUTOINCREMENT NOT NULL, "name" varchar(255)) [0m
  [1m[35m (0.9ms)[0m  CREATE TABLE "taggings" ("id" INTEGER PRIMARY KEY AUTOINCREMENT NOT NULL, "tag_id" integer, "taggable_id" integer, "taggable_type" varchar(255), "tagger_id" integer, "tagger_type" varchar(255), "context" varchar(128), "created_at" datetime) 
  [1m[36m (0.3ms)[0m  [1mCREATE INDEX "index_taggings_on_tag_id" ON "taggings" ("tag_id")[0m
  [1m[35m (0.3ms)[0m  CREATE INDEX "index_taggings_on_taggable_id_and_taggable_type_and_context" ON "taggings" ("taggable_id", "taggable_type", "context")
  [1m[36m (0.3ms)[0m  [1mINSERT INTO "schema_migrations" ("version") VALUES ('20130829214929')[0m
  [1m[35m (53.5ms)[0m  commit transaction
Migrating to CreatePersonRatings (20130829214939)
  [1m[36m (0.1ms)[0m  [1mbegin transaction[0m
  [1m[35m (9.6ms)[0m  CREATE TABLE "person_ratings" ("id" INTEGER PRIMARY KEY AUTOINCREMENT NOT NULL, "person_id" integer, "person_type" varchar(255), "rateable_id" integer, "rateable_type" varchar(255), "weight" decimal(5,2), "created_at" datetime NOT NULL, "updated_at" datetime NOT NULL) 
  [1m[36m (0.3ms)[0m  [1mCREATE INDEX "index_person_ratings_on_rateable_type" ON "person_ratings" ("rateable_type")[0m
  [1m[35m (0.4ms)[0m  INSERT INTO "schema_migrations" ("version") VALUES ('20130829214939')
  [1m[36m (33.5ms)[0m  [1mcommit transaction[0m
  [1m[35m (0.2ms)[0m  SELECT "schema_migrations"."version" FROM "schema_migrations" 
Connecting to database specified by database.yml
  [1m[36m (0.4ms)[0m  [1mselect sqlite_version(*)[0m
  [1m[35m (56.9ms)[0m  CREATE TABLE "activities" ("id" INTEGER PRIMARY KEY AUTOINCREMENT NOT NULL, "trackable_id" integer, "trackable_type" varchar(255), "owner_id" integer, "owner_type" varchar(255), "key" varchar(255), "parameters" text, "recipient_id" integer, "recipient_type" varchar(255), "created_at" datetime NOT NULL, "updated_at" datetime NOT NULL) 
  [1m[36m (65.4ms)[0m  [1mCREATE INDEX "index_activities_on_owner_id_and_owner_type" ON "activities" ("owner_id", "owner_type")[0m
  [1m[35m (20.7ms)[0m  CREATE INDEX "index_activities_on_recipient_id_and_recipient_type" ON "activities" ("recipient_id", "recipient_type")
  [1m[36m (38.6ms)[0m  [1mCREATE INDEX "index_activities_on_trackable_id_and_trackable_type" ON "activities" ("trackable_id", "trackable_type")[0m
  [1m[35m (54.0ms)[0m  CREATE TABLE "comments" ("id" INTEGER PRIMARY KEY AUTOINCREMENT NOT NULL, "user_id" integer, "commentable_type" varchar(255), "commentable_id" integer, "body" text, "created_at" datetime NOT NULL, "updated_at" datetime NOT NULL) 
  [1m[36m (20.5ms)[0m  [1mCREATE INDEX "index_comments_on_commentable_type_and_commentable_id" ON "comments" ("commentable_type", "commentable_id")[0m
  [1m[35m (20.7ms)[0m  CREATE INDEX "index_comments_on_user_id" ON "comments" ("user_id")
  [1m[36m (62.7ms)[0m  [1mCREATE TABLE "follows" ("id" INTEGER PRIMARY KEY AUTOINCREMENT NOT NULL, "followable_id" integer NOT NULL, "followable_type" varchar(255) NOT NULL, "follower_id" integer NOT NULL, "follower_type" varchar(255) NOT NULL, "blocked" boolean DEFAULT 'f' NOT NULL, "created_at" datetime NOT NULL, "updated_at" datetime NOT NULL) [0m
  [1m[35m (22.6ms)[0m  CREATE INDEX "fk_followables" ON "follows" ("followable_id", "followable_type")
  [1m[36m (19.5ms)[0m  [1mCREATE INDEX "fk_follows" ON "follows" ("follower_id", "follower_type")[0m
  [1m[35m (19.8ms)[0m  CREATE TABLE "groups" ("id" INTEGER PRIMARY KEY AUTOINCREMENT NOT NULL, "name" varchar(255), "description" text, "public" boolean DEFAULT 't', "created_at" datetime NOT NULL, "updated_at" datetime NOT NULL) 
  [1m[36m (80.1ms)[0m  [1mCREATE TABLE "messages" ("id" INTEGER PRIMARY KEY AUTOINCREMENT NOT NULL, "sender_id" integer, "recipient_id" integer, "parent_id" integer, "subject" varchar(255), "body" text, "deleted_by_sender" boolean, "deleted_by_recipient" boolean, "read_at" datetime, "created_at" datetime NOT NULL, "updated_at" datetime NOT NULL) [0m
  [1m[35m (52.8ms)[0m  CREATE INDEX "index_messages_on_parent_id" ON "messages" ("parent_id")
  [1m[36m (23.8ms)[0m  [1mCREATE INDEX "index_messages_on_recipient_id_and_deleted_by_recipient" ON "messages" ("recipient_id", "deleted_by_recipient")[0m
  [1m[35m (19.8ms)[0m  CREATE INDEX "index_messages_on_sender_id_and_deleted_by_sender" ON "messages" ("sender_id", "deleted_by_sender")
  [1m[36m (25.4ms)[0m  [1mCREATE TABLE "pages" ("id" INTEGER PRIMARY KEY AUTOINCREMENT NOT NULL, "parent_id" integer, "pageable_type" varchar(255), "pageable_id" integer, "slug" varchar(255), "title" varchar(255), "description" text, "keywords" text, "body" text, "public" boolean, "created_at" datetime NOT NULL, "updated_at" datetime NOT NULL) [0m
  [1m[35m (21.1ms)[0m  CREATE INDEX "index_pages_on_pageable_type_and_pageable_id" ON "pages" ("pageable_type", "pageable_id")
  [1m[36m (60.3ms)[0m  [1mCREATE INDEX "index_pages_on_parent_id" ON "pages" ("parent_id")[0m
  [1m[35m (58.2ms)[0m  CREATE INDEX "index_pages_on_slug" ON "pages" ("slug")
  [1m[36m (36.8ms)[0m  [1mCREATE TABLE "person_ratings" ("id" INTEGER PRIMARY KEY AUTOINCREMENT NOT NULL, "person_id" integer, "person_type" varchar(255), "rateable_id" integer, "rateable_type" varchar(255), "weight" decimal(5,2), "created_at" datetime NOT NULL, "updated_at" datetime NOT NULL) [0m
  [1m[35m (27.6ms)[0m  CREATE INDEX "index_person_ratings_on_rateable_type" ON "person_ratings" ("rateable_type")
  [1m[36m (41.2ms)[0m  [1mCREATE TABLE "roles" ("id" INTEGER PRIMARY KEY AUTOINCREMENT NOT NULL, "name" varchar(255), "authorizable_type" varchar(255), "authorizable_id" integer, "created_at" datetime NOT NULL, "updated_at" datetime NOT NULL) [0m
  [1m[35m (56.0ms)[0m  CREATE TABLE "roles_users" ("user_id" integer, "role_id" integer) 
  [1m[36m (40.7ms)[0m  [1mCREATE TABLE "statuses" ("id" INTEGER PRIMARY KEY AUTOINCREMENT NOT NULL, "user_id" integer, "shareable_type" varchar(255), "shareable_id" integer, "body" text, "url" varchar(255), "title" varchar(255), "description" text, "media_url" varchar(255), "media_type" varchar(255), "created_at" datetime NOT NULL, "updated_at" datetime NOT NULL, "image_file_name" varchar(255), "image_content_type" varchar(255), "image_file_size" integer, "image_updated_at" datetime) [0m
  [1m[35m (35.7ms)[0m  CREATE INDEX "index_statuses_on_shareable_type_and_shareable_id" ON "statuses" ("shareable_type", "shareable_id")
  [1m[36m (20.4ms)[0m  [1mCREATE INDEX "index_statuses_on_user_id" ON "statuses" ("user_id")[0m
  [1m[35m (41.5ms)[0m  CREATE TABLE "taggings" ("id" INTEGER PRIMARY KEY AUTOINCREMENT NOT NULL, "tag_id" integer, "taggable_id" integer, "taggable_type" varchar(255), "tagger_id" integer, "tagger_type" varchar(255), "context" varchar(128), "created_at" datetime) 
  [1m[36m (22.6ms)[0m  [1mCREATE INDEX "index_taggings_on_tag_id" ON "taggings" ("tag_id")[0m
  [1m[35m (37.5ms)[0m  CREATE INDEX "index_taggings_on_taggable_id_and_taggable_type_and_context" ON "taggings" ("taggable_id", "taggable_type", "context")
  [1m[36m (36.4ms)[0m  [1mCREATE TABLE "tags" ("id" INTEGER PRIMARY KEY AUTOINCREMENT NOT NULL, "name" varchar(255)) [0m
  [1m[35m (25.7ms)[0m  CREATE TABLE "users" ("id" INTEGER PRIMARY KEY AUTOINCREMENT NOT NULL, "email" varchar(255) DEFAULT '' NOT NULL, "encrypted_password" varchar(255) DEFAULT '' NOT NULL, "reset_password_token" varchar(255), "reset_password_sent_at" datetime, "remember_created_at" datetime, "sign_in_count" integer DEFAULT 0, "current_sign_in_at" datetime, "last_sign_in_at" datetime, "current_sign_in_ip" varchar(255), "last_sign_in_ip" varchar(255), "confirmation_token" varchar(255), "confirmed_at" datetime, "confirmation_sent_at" datetime, "unconfirmed_email" varchar(255), "failed_attempts" integer DEFAULT 0, "unlock_token" varchar(255), "locked_at" datetime, "authentication_token" varchar(255), "nickname" varchar(255), "bio" text, "public" boolean DEFAULT 't', "created_at" datetime NOT NULL, "updated_at" datetime NOT NULL, "image_file_name" varchar(255), "image_content_type" varchar(255), "image_file_size" integer, "image_updated_at" datetime) 
  [1m[36m (38.7ms)[0m  [1mCREATE UNIQUE INDEX "index_users_on_authentication_token" ON "users" ("authentication_token")[0m
  [1m[35m (40.0ms)[0m  CREATE UNIQUE INDEX "index_users_on_confirmation_token" ON "users" ("confirmation_token")
  [1m[36m (22.5ms)[0m  [1mCREATE UNIQUE INDEX "index_users_on_email" ON "users" ("email")[0m
  [1m[35m (23.3ms)[0m  CREATE UNIQUE INDEX "index_users_on_nickname" ON "users" ("nickname")
  [1m[36m (106.0ms)[0m  [1mCREATE UNIQUE INDEX "index_users_on_reset_password_token" ON "users" ("reset_password_token")[0m
  [1m[35m (17.9ms)[0m  CREATE UNIQUE INDEX "index_users_on_unlock_token" ON "users" ("unlock_token")
  [1m[36m (17.0ms)[0m  [1mCREATE TABLE "schema_migrations" ("version" varchar(255) NOT NULL) [0m
  [1m[35m (22.1ms)[0m  CREATE UNIQUE INDEX "unique_schema_migrations" ON "schema_migrations" ("version")
  [1m[36m (0.2ms)[0m  [1mSELECT version FROM "schema_migrations"[0m
  [1m[35m (34.4ms)[0m  INSERT INTO "schema_migrations" (version) VALUES ('20130829214939')
  [1m[36m (18.2ms)[0m  [1mINSERT INTO "schema_migrations" (version) VALUES ('20130829214853')[0m
  [1m[35m (35.5ms)[0m  INSERT INTO "schema_migrations" (version) VALUES ('20130829214918')
  [1m[36m (18.1ms)[0m  [1mINSERT INTO "schema_migrations" (version) VALUES ('20130829214929')[0m
  [1m[35m (35.2ms)[0m  INSERT INTO "schema_migrations" (version) VALUES ('20130829214856')
  [1m[36m (33.8ms)[0m  [1mINSERT INTO "schema_migrations" (version) VALUES ('20130829214849')[0m
  [1m[35m (48.0ms)[0m  INSERT INTO "schema_migrations" (version) VALUES ('20130829214855')
  [1m[36m (18.6ms)[0m  [1mINSERT INTO "schema_migrations" (version) VALUES ('20130829214850')[0m
  [1m[35m (43.2ms)[0m  INSERT INTO "schema_migrations" (version) VALUES ('20130829214907')
  [1m[36m (35.9ms)[0m  [1mINSERT INTO "schema_migrations" (version) VALUES ('20130829214854')[0m
  [1m[35m (20.6ms)[0m  INSERT INTO "schema_migrations" (version) VALUES ('20130829214852')
  [1m[36m (23.5ms)[0m  [1mINSERT INTO "schema_migrations" (version) VALUES ('20130829214851')[0m
Connecting to database specified by database.yml
Connecting to database specified by database.yml
Connecting to database specified by database.yml
